---------------------------------------------------------------
[ 2019-04-02T09:24:44+08:00 ] 127.0.0.1 GET www.tp5123.com/admin
[运行时间：0.464027s] [吞吐率：2.16req/s] [内存消耗：2,209.49kb] [文件加载：72]
[ info ] [ LANG ] E:\www\tp5\thinkphp\lang\zh-cn.php
[ info ] [ ROUTE ] array (
)
[ info ] [ HEADER ] array (
  'host' => 'www.tp5123.com',
  'connection' => 'keep-alive',
  'upgrade-insecure-requests' => '1',
  'user-agent' => 'Mozilla/5.0 (Windows NT 6.1; Win64; x64) AppleWebKit/537.36 (KHTML, like Gecko) Chrome/73.0.3683.75 Safari/537.36',
  'accept' => 'text/html,application/xhtml+xml,application/xml;q=0.9,image/webp,image/apng,*/*;q=0.8,application/signed-exchange;v=b3',
  'accept-encoding' => 'gzip, deflate',
  'accept-language' => 'zh-CN,zh;q=0.9',
  'cookie' => 'PHPSESSID=s549hgh1b5t7fod93m32n78r61; userKey=BhWrRLjVHymNSn5zZgMeT9sdpAvcPxwa',
)
[ info ] [ PARAM ] array (
)
---------------------------------------------------------------
[ 2019-04-02T09:24:44+08:00 ] 127.0.0.1 GET www.tp5123.com/admin/index/index.html
[运行时间：0.063004s] [吞吐率：15.87req/s] [内存消耗：2,264.24kb] [文件加载：78]
[ info ] [ LANG ] E:\www\tp5\thinkphp\lang\zh-cn.php
[ info ] [ ROUTE ] array (
)
[ info ] [ HEADER ] array (
  'host' => 'www.tp5123.com',
  'connection' => 'keep-alive',
  'upgrade-insecure-requests' => '1',
  'user-agent' => 'Mozilla/5.0 (Windows NT 6.1; Win64; x64) AppleWebKit/537.36 (KHTML, like Gecko) Chrome/73.0.3683.75 Safari/537.36',
  'accept' => 'text/html,application/xhtml+xml,application/xml;q=0.9,image/webp,image/apng,*/*;q=0.8,application/signed-exchange;v=b3',
  'accept-encoding' => 'gzip, deflate',
  'accept-language' => 'zh-CN,zh;q=0.9',
  'cookie' => 'PHPSESSID=s549hgh1b5t7fod93m32n78r61; userKey=BhWrRLjVHymNSn5zZgMeT9sdpAvcPxwa',
)
[ info ] [ PARAM ] array (
)
[ info ] [ VIEW ] E:\www\tp5\thinkphp\tpl/dispatch_jump.tpl [ array (
  0 => 'code',
  1 => 'msg',
  2 => 'data',
  3 => 'url',
  4 => 'wait',
) ]
---------------------------------------------------------------
[ 2019-04-02T09:24:47+08:00 ] 127.0.0.1 GET www.tp5123.com/admin/login/login.html
[运行时间：0.039002s] [吞吐率：25.64req/s] [内存消耗：2,193.62kb] [文件加载：72]
[ info ] [ LANG ] E:\www\tp5\thinkphp\lang\zh-cn.php
[ info ] [ ROUTE ] array (
)
[ info ] [ HEADER ] array (
  'host' => 'www.tp5123.com',
  'connection' => 'keep-alive',
  'upgrade-insecure-requests' => '1',
  'user-agent' => 'Mozilla/5.0 (Windows NT 6.1; Win64; x64) AppleWebKit/537.36 (KHTML, like Gecko) Chrome/73.0.3683.75 Safari/537.36',
  'accept' => 'text/html,application/xhtml+xml,application/xml;q=0.9,image/webp,image/apng,*/*;q=0.8,application/signed-exchange;v=b3',
  'referer' => 'http://www.tp5123.com/admin/index/index.html',
  'accept-encoding' => 'gzip, deflate',
  'accept-language' => 'zh-CN,zh;q=0.9',
  'cookie' => 'PHPSESSID=s549hgh1b5t7fod93m32n78r61; userKey=BhWrRLjVHymNSn5zZgMeT9sdpAvcPxwa',
)
[ info ] [ PARAM ] array (
)
[ info ] [ VIEW ] E:\www\tp5\/template/admin/login\login.html [ array (
) ]
---------------------------------------------------------------
[ 2019-04-02T09:24:52+08:00 ] 127.0.0.1 POST www.tp5123.com/admin/login/login.html
[运行时间：0.091005s] [吞吐率：10.99req/s] [内存消耗：3,120.84kb] [文件加载：76]
[ info ] [ LANG ] E:\www\tp5\thinkphp\lang\zh-cn.php
[ info ] [ ROUTE ] array (
)
[ info ] [ HEADER ] array (
  'host' => 'www.tp5123.com',
  'connection' => 'keep-alive',
  'content-length' => '0',
  'accept' => 'application/json, text/javascript, */*; q=0.01',
  'origin' => 'http://www.tp5123.com',
  'x-requested-with' => 'XMLHttpRequest',
  'user-agent' => 'Mozilla/5.0 (Windows NT 6.1; Win64; x64) AppleWebKit/537.36 (KHTML, like Gecko) Chrome/73.0.3683.75 Safari/537.36',
  'referer' => 'http://www.tp5123.com/admin/login/login.html',
  'accept-encoding' => 'gzip, deflate',
  'accept-language' => 'zh-CN,zh;q=0.9',
  'cookie' => 'PHPSESSID=s549hgh1b5t7fod93m32n78r61; userKey=BhWrRLjVHymNSn5zZgMeT9sdpAvcPxwa',
)
[ info ] [ PARAM ] array (
)
[ info ] [ DB ] INIT mysql
[ sql ] [ DB ] CONNECT:[ UseTime:0.002000s ] mysql:host=127.0.0.1;dbname=tp5;charset=utf8
[ sql ] [ SQL ] SHOW COLUMNS FROM `my_admin_user` [ RunTime:0.015001s ]
[ sql ] [ SQL ] SELECT * FROM `my_admin_user` WHERE  `name` IS NULL LIMIT 1 [ RunTime:0.001000s ]
---------------------------------------------------------------
[ 2019-04-02T09:24:52+08:00 ] 127.0.0.1 POST www.tp5123.com/admin/login/login.html
[运行时间：0.091005s] [吞吐率：10.99req/s] [内存消耗：3,195.53kb] [文件加载：79]
[ info ] [ LANG ] E:\www\tp5\thinkphp\lang\zh-cn.php
[ info ] [ ROUTE ] array (
)
[ info ] [ HEADER ] array (
  'host' => 'www.tp5123.com',
  'connection' => 'keep-alive',
  'content-length' => '23',
  'cache-control' => 'max-age=0',
  'origin' => 'http://www.tp5123.com',
  'upgrade-insecure-requests' => '1',
  'content-type' => 'application/x-www-form-urlencoded',
  'user-agent' => 'Mozilla/5.0 (Windows NT 6.1; Win64; x64) AppleWebKit/537.36 (KHTML, like Gecko) Chrome/73.0.3683.75 Safari/537.36',
  'accept' => 'text/html,application/xhtml+xml,application/xml;q=0.9,image/webp,image/apng,*/*;q=0.8,application/signed-exchange;v=b3',
  'referer' => 'http://www.tp5123.com/admin/login/login.html',
  'accept-encoding' => 'gzip, deflate',
  'accept-language' => 'zh-CN,zh;q=0.9',
  'cookie' => 'PHPSESSID=s549hgh1b5t7fod93m32n78r61; userKey=BhWrRLjVHymNSn5zZgMeT9sdpAvcPxwa',
)
[ info ] [ PARAM ] array (
  'name' => 'admin',
  'passwd' => 'admin',
)
[ info ] [ DB ] INIT mysql
[ info ] [ VIEW ] E:\www\tp5\thinkphp\tpl/dispatch_jump.tpl [ array (
  0 => 'code',
  1 => 'msg',
  2 => 'data',
  3 => 'url',
  4 => 'wait',
) ]
[ sql ] [ DB ] CONNECT:[ UseTime:0.001000s ] mysql:host=127.0.0.1;dbname=tp5;charset=utf8
[ sql ] [ SQL ] SHOW COLUMNS FROM `my_admin_user` [ RunTime:0.007001s ]
[ sql ] [ SQL ] SELECT * FROM `my_admin_user` WHERE  `name` = 'admin' LIMIT 1 [ RunTime:0.001000s ]
[ sql ] [ SQL ] SELECT * FROM `my_admin_user` WHERE  `name` = 'admin'  AND `password` = '21232f297a57a5a743894a0e4a801fc3' LIMIT 1 [ RunTime:0.001000s ]
---------------------------------------------------------------
[ 2019-04-02T09:24:55+08:00 ] 127.0.0.1 GET www.tp5123.com/admin/index/index.html
[运行时间：0.071004s] [吞吐率：14.08req/s] [内存消耗：3,231.85kb] [文件加载：82]
[ info ] [ LANG ] E:\www\tp5\thinkphp\lang\zh-cn.php
[ info ] [ ROUTE ] array (
)
[ info ] [ HEADER ] array (
  'host' => 'www.tp5123.com',
  'connection' => 'keep-alive',
  'upgrade-insecure-requests' => '1',
  'user-agent' => 'Mozilla/5.0 (Windows NT 6.1; Win64; x64) AppleWebKit/537.36 (KHTML, like Gecko) Chrome/73.0.3683.75 Safari/537.36',
  'accept' => 'text/html,application/xhtml+xml,application/xml;q=0.9,image/webp,image/apng,*/*;q=0.8,application/signed-exchange;v=b3',
  'referer' => 'http://www.tp5123.com/admin/login/login.html',
  'accept-encoding' => 'gzip, deflate',
  'accept-language' => 'zh-CN,zh;q=0.9',
  'cookie' => 'PHPSESSID=s549hgh1b5t7fod93m32n78r61; userKey=tMqPwSUANKWv2lrC1EGpbcZOQkoTzhyJ',
)
[ info ] [ PARAM ] array (
)
[ info ] [ DB ] INIT mysql
[ info ] [ VIEW ] E:\www\tp5\/template/admin/index\index.html [ array (
) ]
[ sql ] [ DB ] CONNECT:[ UseTime:0.001000s ] mysql:host=127.0.0.1;dbname=tp5;charset=utf8
[ sql ] [ SQL ] SHOW COLUMNS FROM `my_admin_user` [ RunTime:0.006000s ]
[ sql ] [ SQL ] SELECT * FROM `my_admin_user` `a` INNER JOIN `my_group` `g` ON `a`.`gid`=`g`.`gid` WHERE  `a`.`uid` = '2'  AND `g`.`status` = '1' [ RunTime:0.001001s ]
[ sql ] [ SQL ] SHOW COLUMNS FROM `my_auth_rule` [ RunTime:0.004000s ]
[ sql ] [ SQL ] SELECT `condition`,`name` FROM `my_auth_rule` WHERE  `id` IN (1,2)  AND `type` = 1  AND `status` = 1 [ RunTime:0.001000s ]
---------------------------------------------------------------
[ 2019-04-02T09:24:56+08:00 ] 127.0.0.1 GET www.tp5123.com/public/static/admin/favicon.ico
[运行时间：0.035002s] [吞吐率：28.57req/s] [内存消耗：1,291.52kb] [文件加载：50]
[ info ] [ LANG ] E:\www\tp5\thinkphp\lang\zh-cn.php
---------------------------------------------------------------
[ 2019-04-02T09:24:57+08:00 ] 127.0.0.1 GET www.tp5123.com/admin/index/demo.html
[运行时间：0.089005s] [吞吐率：11.24req/s] [内存消耗：3,242.34kb] [文件加载：83]
[ info ] [ LANG ] E:\www\tp5\thinkphp\lang\zh-cn.php
[ info ] [ ROUTE ] array (
)
[ info ] [ HEADER ] array (
  'host' => 'www.tp5123.com',
  'connection' => 'keep-alive',
  'upgrade-insecure-requests' => '1',
  'user-agent' => 'Mozilla/5.0 (Windows NT 6.1; Win64; x64) AppleWebKit/537.36 (KHTML, like Gecko) Chrome/73.0.3683.75 Safari/537.36',
  'accept' => 'text/html,application/xhtml+xml,application/xml;q=0.9,image/webp,image/apng,*/*;q=0.8,application/signed-exchange;v=b3',
  'referer' => 'http://www.tp5123.com/admin/index/index.html',
  'accept-encoding' => 'gzip, deflate',
  'accept-language' => 'zh-CN,zh;q=0.9',
  'cookie' => 'PHPSESSID=s549hgh1b5t7fod93m32n78r61; userKey=tMqPwSUANKWv2lrC1EGpbcZOQkoTzhyJ',
)
[ info ] [ PARAM ] array (
)
[ info ] [ DB ] INIT mysql
[ info ] [ VIEW ] E:\www\tp5\thinkphp\tpl/dispatch_jump.tpl [ array (
  0 => 'code',
  1 => 'msg',
  2 => 'data',
  3 => 'url',
  4 => 'wait',
) ]
[ sql ] [ DB ] CONNECT:[ UseTime:0.001000s ] mysql:host=127.0.0.1;dbname=tp5;charset=utf8
[ sql ] [ SQL ] SHOW COLUMNS FROM `my_admin_user` [ RunTime:0.004000s ]
[ sql ] [ SQL ] SELECT * FROM `my_admin_user` `a` INNER JOIN `my_group` `g` ON `a`.`gid`=`g`.`gid` WHERE  `a`.`uid` = '2'  AND `g`.`status` = '1' [ RunTime:0.002000s ]
[ sql ] [ SQL ] SHOW COLUMNS FROM `my_auth_rule` [ RunTime:0.006001s ]
[ sql ] [ SQL ] SELECT `condition`,`name` FROM `my_auth_rule` WHERE  `id` IN (1,2)  AND `type` = 1  AND `status` = 1 [ RunTime:0.000000s ]
---------------------------------------------------------------
[ 2019-04-02T09:25:00+08:00 ] 127.0.0.1 GET www.tp5123.com/index/index/index.html
[运行时间：0.053003s] [吞吐率：18.87req/s] [内存消耗：1,731.70kb] [文件加载：62]
[ info ] [ LANG ] E:\www\tp5\thinkphp\lang\zh-cn.php
[ info ] [ ROUTE ] array (
)
[ info ] [ HEADER ] array (
  'host' => 'www.tp5123.com',
  'connection' => 'keep-alive',
  'upgrade-insecure-requests' => '1',
  'user-agent' => 'Mozilla/5.0 (Windows NT 6.1; Win64; x64) AppleWebKit/537.36 (KHTML, like Gecko) Chrome/73.0.3683.75 Safari/537.36',
  'accept' => 'text/html,application/xhtml+xml,application/xml;q=0.9,image/webp,image/apng,*/*;q=0.8,application/signed-exchange;v=b3',
  'referer' => 'http://www.tp5123.com/admin/index/demo.html',
  'accept-encoding' => 'gzip, deflate',
  'accept-language' => 'zh-CN,zh;q=0.9',
  'cookie' => 'PHPSESSID=s549hgh1b5t7fod93m32n78r61; userKey=tMqPwSUANKWv2lrC1EGpbcZOQkoTzhyJ',
)
[ info ] [ PARAM ] array (
)
[ info ] [ VIEW ] E:\www\tp5\/template/index/index\index.html [ array (
) ]
---------------------------------------------------------------
[ 2019-04-02T09:25:02+08:00 ] 127.0.0.1 GET www.tp5123.com/admin/index/form.html
[运行时间：0.079004s] [吞吐率：12.66req/s] [内存消耗：3,164.93kb] [文件加载：80]
[ info ] [ LANG ] E:\www\tp5\thinkphp\lang\zh-cn.php
[ info ] [ ROUTE ] array (
)
[ info ] [ HEADER ] array (
  'host' => 'www.tp5123.com',
  'connection' => 'keep-alive',
  'upgrade-insecure-requests' => '1',
  'user-agent' => 'Mozilla/5.0 (Windows NT 6.1; Win64; x64) AppleWebKit/537.36 (KHTML, like Gecko) Chrome/73.0.3683.75 Safari/537.36',
  'accept' => 'text/html,application/xhtml+xml,application/xml;q=0.9,image/webp,image/apng,*/*;q=0.8,application/signed-exchange;v=b3',
  'referer' => 'http://www.tp5123.com/admin/index/index.html',
  'accept-encoding' => 'gzip, deflate',
  'accept-language' => 'zh-CN,zh;q=0.9',
  'cookie' => 'PHPSESSID=s549hgh1b5t7fod93m32n78r61; userKey=tMqPwSUANKWv2lrC1EGpbcZOQkoTzhyJ',
)
[ info ] [ PARAM ] array (
)
[ info ] [ DB ] INIT mysql
[ info ] [ VIEW ] E:\www\tp5\/template/admin/index\form.html [ array (
) ]
[ sql ] [ DB ] CONNECT:[ UseTime:0.011001s ] mysql:host=127.0.0.1;dbname=tp5;charset=utf8
[ sql ] [ SQL ] SHOW COLUMNS FROM `my_admin_user` [ RunTime:0.005000s ]
[ sql ] [ SQL ] SELECT * FROM `my_admin_user` `a` INNER JOIN `my_group` `g` ON `a`.`gid`=`g`.`gid` WHERE  `a`.`uid` = '2'  AND `g`.`status` = '1' [ RunTime:0.001000s ]
[ sql ] [ SQL ] SHOW COLUMNS FROM `my_auth_rule` [ RunTime:0.004000s ]
[ sql ] [ SQL ] SELECT `condition`,`name` FROM `my_auth_rule` WHERE  `id` IN (1,2)  AND `type` = 1  AND `status` = 1 [ RunTime:0.001000s ]
---------------------------------------------------------------
[ 2019-04-02T09:30:21+08:00 ] 127.0.0.1 GET www.tp5123.com/admin/index/index.html
[运行时间：0.066004s] [吞吐率：15.15req/s] [内存消耗：2,254.43kb] [文件加载：77]
[ info ] [ LANG ] E:\www\tp5\thinkphp\lang\zh-cn.php
[ info ] [ ROUTE ] array (
)
[ info ] [ HEADER ] array (
  'host' => 'www.tp5123.com',
  'connection' => 'keep-alive',
  'cache-control' => 'max-age=0',
  'upgrade-insecure-requests' => '1',
  'user-agent' => 'Mozilla/5.0 (Windows NT 6.1; Win64; x64) AppleWebKit/537.36 (KHTML, like Gecko) Chrome/73.0.3683.75 Safari/537.36',
  'accept' => 'text/html,application/xhtml+xml,application/xml;q=0.9,image/webp,image/apng,*/*;q=0.8,application/signed-exchange;v=b3',
  'referer' => 'http://www.tp5123.com/admin/login/login.html',
  'accept-encoding' => 'gzip, deflate',
  'accept-language' => 'zh-CN,zh;q=0.9',
  'cookie' => 'PHPSESSID=s549hgh1b5t7fod93m32n78r61; userKey=tMqPwSUANKWv2lrC1EGpbcZOQkoTzhyJ',
)
[ info ] [ PARAM ] array (
)
[ info ] [ VIEW ] E:\www\tp5\/template/admin/index\index.html [ array (
) ]
---------------------------------------------------------------
[ 2019-04-02T09:30:22+08:00 ] 127.0.0.1 GET www.tp5123.com/admin/index/demo.html
[运行时间：0.052003s] [吞吐率：19.23req/s] [内存消耗：2,173.21kb] [文件加载：75]
[ info ] [ LANG ] E:\www\tp5\thinkphp\lang\zh-cn.php
[ info ] [ ROUTE ] array (
)
[ info ] [ HEADER ] array (
  'host' => 'www.tp5123.com',
  'connection' => 'keep-alive',
  'upgrade-insecure-requests' => '1',
  'user-agent' => 'Mozilla/5.0 (Windows NT 6.1; Win64; x64) AppleWebKit/537.36 (KHTML, like Gecko) Chrome/73.0.3683.75 Safari/537.36',
  'accept' => 'text/html,application/xhtml+xml,application/xml;q=0.9,image/webp,image/apng,*/*;q=0.8,application/signed-exchange;v=b3',
  'referer' => 'http://www.tp5123.com/admin/index/index.html',
  'accept-encoding' => 'gzip, deflate',
  'accept-language' => 'zh-CN,zh;q=0.9',
  'cookie' => 'PHPSESSID=s549hgh1b5t7fod93m32n78r61; userKey=tMqPwSUANKWv2lrC1EGpbcZOQkoTzhyJ',
)
[ info ] [ PARAM ] array (
)
---------------------------------------------------------------
[ 2019-04-02T09:31:17+08:00 ] 127.0.0.1 GET www.tp5123.com/admin/index/index.html
[运行时间：0.041003s] [吞吐率：24.39req/s] [内存消耗：2,254.43kb] [文件加载：77]
[ info ] [ LANG ] E:\www\tp5\thinkphp\lang\zh-cn.php
[ info ] [ ROUTE ] array (
)
[ info ] [ HEADER ] array (
  'host' => 'www.tp5123.com',
  'connection' => 'keep-alive',
  'cache-control' => 'max-age=0',
  'upgrade-insecure-requests' => '1',
  'user-agent' => 'Mozilla/5.0 (Windows NT 6.1; Win64; x64) AppleWebKit/537.36 (KHTML, like Gecko) Chrome/73.0.3683.75 Safari/537.36',
  'accept' => 'text/html,application/xhtml+xml,application/xml;q=0.9,image/webp,image/apng,*/*;q=0.8,application/signed-exchange;v=b3',
  'referer' => 'http://www.tp5123.com/admin/login/login.html',
  'accept-encoding' => 'gzip, deflate',
  'accept-language' => 'zh-CN,zh;q=0.9',
  'cookie' => 'PHPSESSID=s549hgh1b5t7fod93m32n78r61; userKey=tMqPwSUANKWv2lrC1EGpbcZOQkoTzhyJ',
)
[ info ] [ PARAM ] array (
)
[ info ] [ VIEW ] E:\www\tp5\/template/admin/index\index.html [ array (
) ]
---------------------------------------------------------------
[ 2019-04-02T09:31:20+08:00 ] 127.0.0.1 GET www.tp5123.com/admin/index/login.html
[运行时间：0.040002s] [吞吐率：25.00req/s] [内存消耗：1,261.16kb] [文件加载：49]
[ info ] [ LANG ] E:\www\tp5\thinkphp\lang\zh-cn.php
---------------------------------------------------------------
[ 2019-04-02T09:33:39+08:00 ] 127.0.0.1 GET www.tp5123.com/admin/index/login.html
[运行时间：0.034002s] [吞吐率：29.41req/s] [内存消耗：1,261.12kb] [文件加载：49]
[ info ] [ LANG ] E:\www\tp5\thinkphp\lang\zh-cn.php
---------------------------------------------------------------
[ 2019-04-02T09:33:40+08:00 ] 127.0.0.1 GET www.tp5123.com/admin/index/index.html
[运行时间：0.050002s] [吞吐率：20.00req/s] [内存消耗：2,254.27kb] [文件加载：77]
[ info ] [ LANG ] E:\www\tp5\thinkphp\lang\zh-cn.php
[ info ] [ ROUTE ] array (
)
[ info ] [ HEADER ] array (
  'host' => 'www.tp5123.com',
  'connection' => 'keep-alive',
  'upgrade-insecure-requests' => '1',
  'user-agent' => 'Mozilla/5.0 (Windows NT 6.1; Win64; x64) AppleWebKit/537.36 (KHTML, like Gecko) Chrome/73.0.3683.75 Safari/537.36',
  'accept' => 'text/html,application/xhtml+xml,application/xml;q=0.9,image/webp,image/apng,*/*;q=0.8,application/signed-exchange;v=b3',
  'referer' => 'http://www.tp5123.com/admin/login/login.html',
  'accept-encoding' => 'gzip, deflate',
  'accept-language' => 'zh-CN,zh;q=0.9',
  'cookie' => 'PHPSESSID=s549hgh1b5t7fod93m32n78r61; userKey=tMqPwSUANKWv2lrC1EGpbcZOQkoTzhyJ',
)
[ info ] [ PARAM ] array (
)
[ info ] [ VIEW ] E:\www\tp5\/template/admin/index\index.html [ array (
) ]
---------------------------------------------------------------
[ 2019-04-02T09:33:41+08:00 ] 127.0.0.1 GET www.tp5123.com/admin/index/index.html
[运行时间：0.044002s] [吞吐率：22.73req/s] [内存消耗：2,254.43kb] [文件加载：77]
[ info ] [ LANG ] E:\www\tp5\thinkphp\lang\zh-cn.php
[ info ] [ ROUTE ] array (
)
[ info ] [ HEADER ] array (
  'host' => 'www.tp5123.com',
  'connection' => 'keep-alive',
  'cache-control' => 'max-age=0',
  'upgrade-insecure-requests' => '1',
  'user-agent' => 'Mozilla/5.0 (Windows NT 6.1; Win64; x64) AppleWebKit/537.36 (KHTML, like Gecko) Chrome/73.0.3683.75 Safari/537.36',
  'accept' => 'text/html,application/xhtml+xml,application/xml;q=0.9,image/webp,image/apng,*/*;q=0.8,application/signed-exchange;v=b3',
  'referer' => 'http://www.tp5123.com/admin/login/login.html',
  'accept-encoding' => 'gzip, deflate',
  'accept-language' => 'zh-CN,zh;q=0.9',
  'cookie' => 'PHPSESSID=s549hgh1b5t7fod93m32n78r61; userKey=tMqPwSUANKWv2lrC1EGpbcZOQkoTzhyJ',
)
[ info ] [ PARAM ] array (
)
[ info ] [ VIEW ] E:\www\tp5\/template/admin/index\index.html [ array (
) ]
---------------------------------------------------------------
[ 2019-04-02T09:33:44+08:00 ] 127.0.0.1 GET www.tp5123.com/admin/index/login.html
[运行时间：0.031002s] [吞吐率：32.26req/s] [内存消耗：1,261.16kb] [文件加载：49]
[ info ] [ LANG ] E:\www\tp5\thinkphp\lang\zh-cn.php
---------------------------------------------------------------
[ 2019-04-02T09:33:47+08:00 ] 127.0.0.1 GET www.tp5123.com/admin/index/index.html
[运行时间：0.047003s] [吞吐率：21.28req/s] [内存消耗：2,254.27kb] [文件加载：77]
[ info ] [ LANG ] E:\www\tp5\thinkphp\lang\zh-cn.php
[ info ] [ ROUTE ] array (
)
[ info ] [ HEADER ] array (
  'host' => 'www.tp5123.com',
  'connection' => 'keep-alive',
  'upgrade-insecure-requests' => '1',
  'user-agent' => 'Mozilla/5.0 (Windows NT 6.1; Win64; x64) AppleWebKit/537.36 (KHTML, like Gecko) Chrome/73.0.3683.75 Safari/537.36',
  'accept' => 'text/html,application/xhtml+xml,application/xml;q=0.9,image/webp,image/apng,*/*;q=0.8,application/signed-exchange;v=b3',
  'referer' => 'http://www.tp5123.com/admin/login/login.html',
  'accept-encoding' => 'gzip, deflate',
  'accept-language' => 'zh-CN,zh;q=0.9',
  'cookie' => 'PHPSESSID=s549hgh1b5t7fod93m32n78r61; userKey=tMqPwSUANKWv2lrC1EGpbcZOQkoTzhyJ',
)
[ info ] [ PARAM ] array (
)
[ info ] [ VIEW ] E:\www\tp5\/template/admin/index\index.html [ array (
) ]
---------------------------------------------------------------
[ 2019-04-02T09:33:50+08:00 ] 127.0.0.1 GET www.tp5123.com/admin/index/demo.html
[运行时间：0.059003s] [吞吐率：16.95req/s] [内存消耗：2,173.21kb] [文件加载：75]
[ info ] [ LANG ] E:\www\tp5\thinkphp\lang\zh-cn.php
[ info ] [ ROUTE ] array (
)
[ info ] [ HEADER ] array (
  'host' => 'www.tp5123.com',
  'connection' => 'keep-alive',
  'upgrade-insecure-requests' => '1',
  'user-agent' => 'Mozilla/5.0 (Windows NT 6.1; Win64; x64) AppleWebKit/537.36 (KHTML, like Gecko) Chrome/73.0.3683.75 Safari/537.36',
  'accept' => 'text/html,application/xhtml+xml,application/xml;q=0.9,image/webp,image/apng,*/*;q=0.8,application/signed-exchange;v=b3',
  'referer' => 'http://www.tp5123.com/admin/index/index.html',
  'accept-encoding' => 'gzip, deflate',
  'accept-language' => 'zh-CN,zh;q=0.9',
  'cookie' => 'PHPSESSID=s549hgh1b5t7fod93m32n78r61; userKey=tMqPwSUANKWv2lrC1EGpbcZOQkoTzhyJ',
)
[ info ] [ PARAM ] array (
)
---------------------------------------------------------------
[ 2019-04-02T09:38:32+08:00 ] 127.0.0.1 GET www.tp5123.com/admin/index/index.html
[运行时间：0.068004s] [吞吐率：14.70req/s] [内存消耗：3,233.45kb] [文件加载：82]
[ info ] [ LANG ] E:\www\tp5\thinkphp\lang\zh-cn.php
[ info ] [ ROUTE ] array (
)
[ info ] [ HEADER ] array (
  'host' => 'www.tp5123.com',
  'connection' => 'keep-alive',
  'cache-control' => 'max-age=0',
  'upgrade-insecure-requests' => '1',
  'user-agent' => 'Mozilla/5.0 (Windows NT 6.1; Win64; x64) AppleWebKit/537.36 (KHTML, like Gecko) Chrome/73.0.3683.75 Safari/537.36',
  'accept' => 'text/html,application/xhtml+xml,application/xml;q=0.9,image/webp,image/apng,*/*;q=0.8,application/signed-exchange;v=b3',
  'referer' => 'http://www.tp5123.com/admin/login/login.html',
  'accept-encoding' => 'gzip, deflate',
  'accept-language' => 'zh-CN,zh;q=0.9',
  'cookie' => 'PHPSESSID=s549hgh1b5t7fod93m32n78r61; userKey=tMqPwSUANKWv2lrC1EGpbcZOQkoTzhyJ',
)
[ info ] [ PARAM ] array (
)
[ info ] [ DB ] INIT mysql
[ info ] [ VIEW ] E:\www\tp5\/template/admin/index\index.html [ array (
) ]
[ sql ] [ DB ] CONNECT:[ UseTime:0.000000s ] mysql:host=127.0.0.1;dbname=tp5;charset=utf8
[ sql ] [ SQL ] SHOW COLUMNS FROM `my_admin_user` [ RunTime:0.006000s ]
[ sql ] [ SQL ] SELECT * FROM `my_admin_user` `a` INNER JOIN `my_group` `g` ON `a`.`gid`=`g`.`gid` WHERE  `a`.`uid` = '2'  AND `g`.`status` = '1' [ RunTime:0.001000s ]
[ sql ] [ SQL ] SHOW COLUMNS FROM `my_auth_rule` [ RunTime:0.004000s ]
[ sql ] [ SQL ] SELECT `condition`,`name` FROM `my_auth_rule` WHERE  `id` IN (1,2)  AND `type` = 1  AND `status` = 1 [ RunTime:0.001000s ]
---------------------------------------------------------------
[ 2019-04-02T09:38:34+08:00 ] 127.0.0.1 GET www.tp5123.com/admin/index/demo.html
[运行时间：0.084005s] [吞吐率：11.90req/s] [内存消耗：3,243.64kb] [文件加载：83]
[ info ] [ LANG ] E:\www\tp5\thinkphp\lang\zh-cn.php
[ info ] [ ROUTE ] array (
)
[ info ] [ HEADER ] array (
  'host' => 'www.tp5123.com',
  'connection' => 'keep-alive',
  'upgrade-insecure-requests' => '1',
  'user-agent' => 'Mozilla/5.0 (Windows NT 6.1; Win64; x64) AppleWebKit/537.36 (KHTML, like Gecko) Chrome/73.0.3683.75 Safari/537.36',
  'accept' => 'text/html,application/xhtml+xml,application/xml;q=0.9,image/webp,image/apng,*/*;q=0.8,application/signed-exchange;v=b3',
  'referer' => 'http://www.tp5123.com/admin/index/index.html',
  'accept-encoding' => 'gzip, deflate',
  'accept-language' => 'zh-CN,zh;q=0.9',
  'cookie' => 'PHPSESSID=s549hgh1b5t7fod93m32n78r61; userKey=tMqPwSUANKWv2lrC1EGpbcZOQkoTzhyJ',
)
[ info ] [ PARAM ] array (
)
[ info ] [ DB ] INIT mysql
[ info ] [ VIEW ] E:\www\tp5\thinkphp\tpl/dispatch_jump.tpl [ array (
  0 => 'code',
  1 => 'msg',
  2 => 'data',
  3 => 'url',
  4 => 'wait',
) ]
[ sql ] [ DB ] CONNECT:[ UseTime:0.001000s ] mysql:host=127.0.0.1;dbname=tp5;charset=utf8
[ sql ] [ SQL ] SHOW COLUMNS FROM `my_admin_user` [ RunTime:0.004000s ]
[ sql ] [ SQL ] SELECT * FROM `my_admin_user` `a` INNER JOIN `my_group` `g` ON `a`.`gid`=`g`.`gid` WHERE  `a`.`uid` = '2'  AND `g`.`status` = '1' [ RunTime:0.000000s ]
[ sql ] [ SQL ] SHOW COLUMNS FROM `my_auth_rule` [ RunTime:0.007000s ]
[ sql ] [ SQL ] SELECT `condition`,`name` FROM `my_auth_rule` WHERE  `id` IN (1,2)  AND `type` = 1  AND `status` = 1 [ RunTime:0.000000s ]
---------------------------------------------------------------
[ 2019-04-02T09:38:37+08:00 ] 127.0.0.1 GET www.tp5123.com/index/index/index.html
[运行时间：0.054003s] [吞吐率：18.52req/s] [内存消耗：1,731.70kb] [文件加载：62]
[ info ] [ LANG ] E:\www\tp5\thinkphp\lang\zh-cn.php
[ info ] [ ROUTE ] array (
)
[ info ] [ HEADER ] array (
  'host' => 'www.tp5123.com',
  'connection' => 'keep-alive',
  'upgrade-insecure-requests' => '1',
  'user-agent' => 'Mozilla/5.0 (Windows NT 6.1; Win64; x64) AppleWebKit/537.36 (KHTML, like Gecko) Chrome/73.0.3683.75 Safari/537.36',
  'accept' => 'text/html,application/xhtml+xml,application/xml;q=0.9,image/webp,image/apng,*/*;q=0.8,application/signed-exchange;v=b3',
  'referer' => 'http://www.tp5123.com/admin/index/demo.html',
  'accept-encoding' => 'gzip, deflate',
  'accept-language' => 'zh-CN,zh;q=0.9',
  'cookie' => 'PHPSESSID=s549hgh1b5t7fod93m32n78r61; userKey=tMqPwSUANKWv2lrC1EGpbcZOQkoTzhyJ',
)
[ info ] [ PARAM ] array (
)
[ info ] [ VIEW ] E:\www\tp5\/template/index/index\index.html [ array (
) ]
---------------------------------------------------------------
[ 2019-04-02T09:38:38+08:00 ] 127.0.0.1 GET www.tp5123.com/admin/index/form.html
[运行时间：0.077004s] [吞吐率：12.99req/s] [内存消耗：3,166.25kb] [文件加载：80]
[ info ] [ LANG ] E:\www\tp5\thinkphp\lang\zh-cn.php
[ info ] [ ROUTE ] array (
)
[ info ] [ HEADER ] array (
  'host' => 'www.tp5123.com',
  'connection' => 'keep-alive',
  'upgrade-insecure-requests' => '1',
  'user-agent' => 'Mozilla/5.0 (Windows NT 6.1; Win64; x64) AppleWebKit/537.36 (KHTML, like Gecko) Chrome/73.0.3683.75 Safari/537.36',
  'accept' => 'text/html,application/xhtml+xml,application/xml;q=0.9,image/webp,image/apng,*/*;q=0.8,application/signed-exchange;v=b3',
  'referer' => 'http://www.tp5123.com/admin/index/index.html',
  'accept-encoding' => 'gzip, deflate',
  'accept-language' => 'zh-CN,zh;q=0.9',
  'cookie' => 'PHPSESSID=s549hgh1b5t7fod93m32n78r61; userKey=tMqPwSUANKWv2lrC1EGpbcZOQkoTzhyJ',
)
[ info ] [ PARAM ] array (
)
[ info ] [ DB ] INIT mysql
[ info ] [ VIEW ] E:\www\tp5\/template/admin/index\form.html [ array (
) ]
[ sql ] [ DB ] CONNECT:[ UseTime:0.001001s ] mysql:host=127.0.0.1;dbname=tp5;charset=utf8
[ sql ] [ SQL ] SHOW COLUMNS FROM `my_admin_user` [ RunTime:0.004000s ]
[ sql ] [ SQL ] SELECT * FROM `my_admin_user` `a` INNER JOIN `my_group` `g` ON `a`.`gid`=`g`.`gid` WHERE  `a`.`uid` = '2'  AND `g`.`status` = '1' [ RunTime:0.001000s ]
[ sql ] [ SQL ] SHOW COLUMNS FROM `my_auth_rule` [ RunTime:0.005000s ]
[ sql ] [ SQL ] SELECT `condition`,`name` FROM `my_auth_rule` WHERE  `id` IN (1,2)  AND `type` = 1  AND `status` = 1 [ RunTime:0.001000s ]
---------------------------------------------------------------
[ 2019-04-02T09:44:48+08:00 ] 127.0.0.1 GET www.tp5123.com/admin/index/index.html
[运行时间：0.051003s] [吞吐率：19.61req/s] [内存消耗：2,255.79kb] [文件加载：77]
[ info ] [ LANG ] E:\www\tp5\thinkphp\lang\zh-cn.php
[ info ] [ ROUTE ] array (
)
[ info ] [ HEADER ] array (
  'host' => 'www.tp5123.com',
  'connection' => 'keep-alive',
  'cache-control' => 'max-age=0',
  'upgrade-insecure-requests' => '1',
  'user-agent' => 'Mozilla/5.0 (Windows NT 6.1; Win64; x64) AppleWebKit/537.36 (KHTML, like Gecko) Chrome/73.0.3683.75 Safari/537.36',
  'accept' => 'text/html,application/xhtml+xml,application/xml;q=0.9,image/webp,image/apng,*/*;q=0.8,application/signed-exchange;v=b3',
  'referer' => 'http://www.tp5123.com/admin/login/login.html',
  'accept-encoding' => 'gzip, deflate',
  'accept-language' => 'zh-CN,zh;q=0.9',
  'cookie' => 'PHPSESSID=s549hgh1b5t7fod93m32n78r61; userKey=tMqPwSUANKWv2lrC1EGpbcZOQkoTzhyJ',
)
[ info ] [ PARAM ] array (
)
[ info ] [ VIEW ] E:\www\tp5\/template/admin/index\index.html [ array (
) ]
---------------------------------------------------------------
[ 2019-04-02T09:45:33+08:00 ] 127.0.0.1 GET www.tp5123.com/admin/index/index.html
[运行时间：0.058004s] [吞吐率：17.24req/s] [内存消耗：2,401.58kb] [文件加载：79]
[ info ] [ LANG ] E:\www\tp5\thinkphp\lang\zh-cn.php
[ info ] [ ROUTE ] array (
)
[ info ] [ HEADER ] array (
  'host' => 'www.tp5123.com',
  'connection' => 'keep-alive',
  'cache-control' => 'max-age=0',
  'upgrade-insecure-requests' => '1',
  'user-agent' => 'Mozilla/5.0 (Windows NT 6.1; Win64; x64) AppleWebKit/537.36 (KHTML, like Gecko) Chrome/73.0.3683.75 Safari/537.36',
  'accept' => 'text/html,application/xhtml+xml,application/xml;q=0.9,image/webp,image/apng,*/*;q=0.8,application/signed-exchange;v=b3',
  'referer' => 'http://www.tp5123.com/admin/login/login.html',
  'accept-encoding' => 'gzip, deflate',
  'accept-language' => 'zh-CN,zh;q=0.9',
  'cookie' => 'PHPSESSID=s549hgh1b5t7fod93m32n78r61; userKey=tMqPwSUANKWv2lrC1EGpbcZOQkoTzhyJ',
)
[ info ] [ PARAM ] array (
)
[ info ] [ VIEW ] E:\www\tp5\/template/admin/index\index.html [ array (
) ]
---------------------------------------------------------------
[ 2019-04-02T09:45:34+08:00 ] 127.0.0.1 GET www.tp5123.com/admin/login/logout.html
[运行时间：0.055003s] [吞吐率：18.18req/s] [内存消耗：2,210.59kb] [文件加载：74]
[ info ] [ LANG ] E:\www\tp5\thinkphp\lang\zh-cn.php
[ info ] [ ROUTE ] array (
)
[ info ] [ HEADER ] array (
  'host' => 'www.tp5123.com',
  'connection' => 'keep-alive',
  'upgrade-insecure-requests' => '1',
  'user-agent' => 'Mozilla/5.0 (Windows NT 6.1; Win64; x64) AppleWebKit/537.36 (KHTML, like Gecko) Chrome/73.0.3683.75 Safari/537.36',
  'accept' => 'text/html,application/xhtml+xml,application/xml;q=0.9,image/webp,image/apng,*/*;q=0.8,application/signed-exchange;v=b3',
  'referer' => 'http://www.tp5123.com/admin/index/index.html',
  'accept-encoding' => 'gzip, deflate',
  'accept-language' => 'zh-CN,zh;q=0.9',
  'cookie' => 'PHPSESSID=s549hgh1b5t7fod93m32n78r61; userKey=tMqPwSUANKWv2lrC1EGpbcZOQkoTzhyJ',
)
[ info ] [ PARAM ] array (
)
[ info ] [ VIEW ] E:\www\tp5\thinkphp\tpl/dispatch_jump.tpl [ array (
  0 => 'code',
  1 => 'msg',
  2 => 'data',
  3 => 'url',
  4 => 'wait',
) ]
---------------------------------------------------------------
[ 2019-04-02T09:45:38+08:00 ] 127.0.0.1 GET www.tp5123.com/index/index/index.html
[运行时间：0.037002s] [吞吐率：27.03req/s] [内存消耗：1,731.69kb] [文件加载：62]
[ info ] [ LANG ] E:\www\tp5\thinkphp\lang\zh-cn.php
[ info ] [ ROUTE ] array (
)
[ info ] [ HEADER ] array (
  'host' => 'www.tp5123.com',
  'connection' => 'keep-alive',
  'upgrade-insecure-requests' => '1',
  'user-agent' => 'Mozilla/5.0 (Windows NT 6.1; Win64; x64) AppleWebKit/537.36 (KHTML, like Gecko) Chrome/73.0.3683.75 Safari/537.36',
  'accept' => 'text/html,application/xhtml+xml,application/xml;q=0.9,image/webp,image/apng,*/*;q=0.8,application/signed-exchange;v=b3',
  'referer' => 'http://www.tp5123.com/admin/login/logout.html',
  'accept-encoding' => 'gzip, deflate',
  'accept-language' => 'zh-CN,zh;q=0.9',
  'cookie' => 'PHPSESSID=s549hgh1b5t7fod93m32n78r61; userKey=tMqPwSUANKWv2lrC1EGpbcZOQkoTzhyJ',
)
[ info ] [ PARAM ] array (
)
[ info ] [ VIEW ] E:\www\tp5\/template/index/index\index.html [ array (
) ]
---------------------------------------------------------------
[ 2019-04-02T09:45:42+08:00 ] 127.0.0.1 GET www.tp5123.com/admin/index/index.html
[运行时间：0.049002s] [吞吐率：20.41req/s] [内存消耗：2,233.01kb] [文件加载：76]
[ info ] [ LANG ] E:\www\tp5\thinkphp\lang\zh-cn.php
[ info ] [ ROUTE ] array (
)
[ info ] [ HEADER ] array (
  'host' => 'www.tp5123.com',
  'connection' => 'keep-alive',
  'upgrade-insecure-requests' => '1',
  'user-agent' => 'Mozilla/5.0 (Windows NT 6.1; Win64; x64) AppleWebKit/537.36 (KHTML, like Gecko) Chrome/73.0.3683.75 Safari/537.36',
  'accept' => 'text/html,application/xhtml+xml,application/xml;q=0.9,image/webp,image/apng,*/*;q=0.8,application/signed-exchange;v=b3',
  'accept-encoding' => 'gzip, deflate',
  'accept-language' => 'zh-CN,zh;q=0.9',
  'cookie' => 'PHPSESSID=s549hgh1b5t7fod93m32n78r61; userKey=tMqPwSUANKWv2lrC1EGpbcZOQkoTzhyJ',
)
[ info ] [ PARAM ] array (
)
[ info ] [ VIEW ] E:\www\tp5\thinkphp\tpl/dispatch_jump.tpl [ array (
  0 => 'code',
  1 => 'msg',
  2 => 'data',
  3 => 'url',
  4 => 'wait',
) ]
---------------------------------------------------------------
[ 2019-04-02T09:45:43+08:00 ] 127.0.0.1 GET www.tp5123.com/index/index/index.html
[运行时间：0.034001s] [吞吐率：29.41req/s] [内存消耗：1,731.69kb] [文件加载：62]
[ info ] [ LANG ] E:\www\tp5\thinkphp\lang\zh-cn.php
[ info ] [ ROUTE ] array (
)
[ info ] [ HEADER ] array (
  'host' => 'www.tp5123.com',
  'connection' => 'keep-alive',
  'upgrade-insecure-requests' => '1',
  'user-agent' => 'Mozilla/5.0 (Windows NT 6.1; Win64; x64) AppleWebKit/537.36 (KHTML, like Gecko) Chrome/73.0.3683.75 Safari/537.36',
  'accept' => 'text/html,application/xhtml+xml,application/xml;q=0.9,image/webp,image/apng,*/*;q=0.8,application/signed-exchange;v=b3',
  'referer' => 'http://www.tp5123.com/admin/index/index.html',
  'accept-encoding' => 'gzip, deflate',
  'accept-language' => 'zh-CN,zh;q=0.9',
  'cookie' => 'PHPSESSID=s549hgh1b5t7fod93m32n78r61; userKey=tMqPwSUANKWv2lrC1EGpbcZOQkoTzhyJ',
)
[ info ] [ PARAM ] array (
)
[ info ] [ VIEW ] E:\www\tp5\/template/index/index\index.html [ array (
) ]
---------------------------------------------------------------
[ 2019-04-02T09:45:48+08:00 ] 127.0.0.1 GET www.tp5123.com/admin
[运行时间：0.065004s] [吞吐率：15.38req/s] [内存消耗：2,195.54kb] [文件加载：72]
[ info ] [ LANG ] E:\www\tp5\thinkphp\lang\zh-cn.php
[ info ] [ ROUTE ] array (
)
[ info ] [ HEADER ] array (
  'host' => 'www.tp5123.com',
  'connection' => 'keep-alive',
  'upgrade-insecure-requests' => '1',
  'user-agent' => 'Mozilla/5.0 (Windows NT 6.1; Win64; x64) AppleWebKit/537.36 (KHTML, like Gecko) Chrome/73.0.3683.75 Safari/537.36',
  'accept' => 'text/html,application/xhtml+xml,application/xml;q=0.9,image/webp,image/apng,*/*;q=0.8,application/signed-exchange;v=b3',
  'accept-encoding' => 'gzip, deflate',
  'accept-language' => 'zh-CN,zh;q=0.9',
  'cookie' => 'PHPSESSID=s549hgh1b5t7fod93m32n78r61; userKey=tMqPwSUANKWv2lrC1EGpbcZOQkoTzhyJ',
)
[ info ] [ PARAM ] array (
)
[ info ] [ VIEW ] E:\www\tp5\/template/admin/login\login.html [ array (
) ]
---------------------------------------------------------------
[ 2019-04-02T09:45:52+08:00 ] 127.0.0.1 POST www.tp5123.com/admin/login/login.html
[运行时间：0.076004s] [吞吐率：13.16req/s] [内存消耗：3,123.51kb] [文件加载：76]
[ info ] [ LANG ] E:\www\tp5\thinkphp\lang\zh-cn.php
[ info ] [ ROUTE ] array (
)
[ info ] [ HEADER ] array (
  'host' => 'www.tp5123.com',
  'connection' => 'keep-alive',
  'content-length' => '0',
  'accept' => 'application/json, text/javascript, */*; q=0.01',
  'origin' => 'http://www.tp5123.com',
  'x-requested-with' => 'XMLHttpRequest',
  'user-agent' => 'Mozilla/5.0 (Windows NT 6.1; Win64; x64) AppleWebKit/537.36 (KHTML, like Gecko) Chrome/73.0.3683.75 Safari/537.36',
  'referer' => 'http://www.tp5123.com/admin',
  'accept-encoding' => 'gzip, deflate',
  'accept-language' => 'zh-CN,zh;q=0.9',
  'cookie' => 'PHPSESSID=s549hgh1b5t7fod93m32n78r61; userKey=tMqPwSUANKWv2lrC1EGpbcZOQkoTzhyJ',
)
[ info ] [ PARAM ] array (
)
[ info ] [ DB ] INIT mysql
[ sql ] [ DB ] CONNECT:[ UseTime:0.011001s ] mysql:host=127.0.0.1;dbname=tp5;charset=utf8
[ sql ] [ SQL ] SHOW COLUMNS FROM `my_admin_user` [ RunTime:0.005000s ]
[ sql ] [ SQL ] SELECT * FROM `my_admin_user` WHERE  `name` IS NULL LIMIT 1 [ RunTime:0.000000s ]
---------------------------------------------------------------
[ 2019-04-02T09:45:52+08:00 ] 127.0.0.1 POST www.tp5123.com/admin
[运行时间：0.088005s] [吞吐率：11.36req/s] [内存消耗：3,197.89kb] [文件加载：79]
[ info ] [ LANG ] E:\www\tp5\thinkphp\lang\zh-cn.php
[ info ] [ ROUTE ] array (
)
[ info ] [ HEADER ] array (
  'host' => 'www.tp5123.com',
  'connection' => 'keep-alive',
  'content-length' => '23',
  'cache-control' => 'max-age=0',
  'origin' => 'http://www.tp5123.com',
  'upgrade-insecure-requests' => '1',
  'content-type' => 'application/x-www-form-urlencoded',
  'user-agent' => 'Mozilla/5.0 (Windows NT 6.1; Win64; x64) AppleWebKit/537.36 (KHTML, like Gecko) Chrome/73.0.3683.75 Safari/537.36',
  'accept' => 'text/html,application/xhtml+xml,application/xml;q=0.9,image/webp,image/apng,*/*;q=0.8,application/signed-exchange;v=b3',
  'referer' => 'http://www.tp5123.com/admin',
  'accept-encoding' => 'gzip, deflate',
  'accept-language' => 'zh-CN,zh;q=0.9',
  'cookie' => 'PHPSESSID=s549hgh1b5t7fod93m32n78r61; userKey=tMqPwSUANKWv2lrC1EGpbcZOQkoTzhyJ',
)
[ info ] [ PARAM ] array (
  'name' => 'admin',
  'passwd' => 'admin',
)
[ info ] [ DB ] INIT mysql
[ info ] [ VIEW ] E:\www\tp5\thinkphp\tpl/dispatch_jump.tpl [ array (
  0 => 'code',
  1 => 'msg',
  2 => 'data',
  3 => 'url',
  4 => 'wait',
) ]
[ sql ] [ DB ] CONNECT:[ UseTime:0.010000s ] mysql:host=127.0.0.1;dbname=tp5;charset=utf8
[ sql ] [ SQL ] SHOW COLUMNS FROM `my_admin_user` [ RunTime:0.005001s ]
[ sql ] [ SQL ] SELECT * FROM `my_admin_user` WHERE  `name` = 'admin' LIMIT 1 [ RunTime:0.001000s ]
[ sql ] [ SQL ] SELECT * FROM `my_admin_user` WHERE  `name` = 'admin'  AND `password` = '21232f297a57a5a743894a0e4a801fc3' LIMIT 1 [ RunTime:0.001000s ]
---------------------------------------------------------------
[ 2019-04-02T09:45:55+08:00 ] 127.0.0.1 GET www.tp5123.com/admin/index/index.html
[运行时间：0.058004s] [吞吐率：17.24req/s] [内存消耗：2,255.48kb] [文件加载：77]
[ info ] [ LANG ] E:\www\tp5\thinkphp\lang\zh-cn.php
[ info ] [ ROUTE ] array (
)
[ info ] [ HEADER ] array (
  'host' => 'www.tp5123.com',
  'connection' => 'keep-alive',
  'upgrade-insecure-requests' => '1',
  'user-agent' => 'Mozilla/5.0 (Windows NT 6.1; Win64; x64) AppleWebKit/537.36 (KHTML, like Gecko) Chrome/73.0.3683.75 Safari/537.36',
  'accept' => 'text/html,application/xhtml+xml,application/xml;q=0.9,image/webp,image/apng,*/*;q=0.8,application/signed-exchange;v=b3',
  'referer' => 'http://www.tp5123.com/admin',
  'accept-encoding' => 'gzip, deflate',
  'accept-language' => 'zh-CN,zh;q=0.9',
  'cookie' => 'PHPSESSID=s549hgh1b5t7fod93m32n78r61; userKey=kTiLnu4PMAGIeh3Ba1bx8KEz7NYvdCf2',
)
[ info ] [ PARAM ] array (
)
[ info ] [ VIEW ] E:\www\tp5\/template/admin/index\index.html [ array (
) ]
---------------------------------------------------------------
[ 2019-04-02T09:46:01+08:00 ] 127.0.0.1 GET www.tp5123.com/admin/index/demo.html
[运行时间：0.049002s] [吞吐率：20.41req/s] [内存消耗：2,174.55kb] [文件加载：75]
[ info ] [ LANG ] E:\www\tp5\thinkphp\lang\zh-cn.php
[ info ] [ ROUTE ] array (
)
[ info ] [ HEADER ] array (
  'host' => 'www.tp5123.com',
  'connection' => 'keep-alive',
  'upgrade-insecure-requests' => '1',
  'user-agent' => 'Mozilla/5.0 (Windows NT 6.1; Win64; x64) AppleWebKit/537.36 (KHTML, like Gecko) Chrome/73.0.3683.75 Safari/537.36',
  'accept' => 'text/html,application/xhtml+xml,application/xml;q=0.9,image/webp,image/apng,*/*;q=0.8,application/signed-exchange;v=b3',
  'referer' => 'http://www.tp5123.com/admin/index/index.html',
  'accept-encoding' => 'gzip, deflate',
  'accept-language' => 'zh-CN,zh;q=0.9',
  'cookie' => 'PHPSESSID=s549hgh1b5t7fod93m32n78r61; userKey=kTiLnu4PMAGIeh3Ba1bx8KEz7NYvdCf2',
)
[ info ] [ PARAM ] array (
)
---------------------------------------------------------------
[ 2019-04-02T09:46:45+08:00 ] 127.0.0.1 GET www.tp5123.com/admin/index/index.html
[运行时间：0.041002s] [吞吐率：24.39req/s] [内存消耗：2,256.86kb] [文件加载：77]
[ info ] [ LANG ] E:\www\tp5\thinkphp\lang\zh-cn.php
[ info ] [ ROUTE ] array (
)
[ info ] [ HEADER ] array (
  'host' => 'www.tp5123.com',
  'connection' => 'keep-alive',
  'cache-control' => 'max-age=0',
  'upgrade-insecure-requests' => '1',
  'user-agent' => 'Mozilla/5.0 (Windows NT 6.1; Win64; x64) AppleWebKit/537.36 (KHTML, like Gecko) Chrome/73.0.3683.75 Safari/537.36',
  'accept' => 'text/html,application/xhtml+xml,application/xml;q=0.9,image/webp,image/apng,*/*;q=0.8,application/signed-exchange;v=b3',
  'referer' => 'http://www.tp5123.com/admin',
  'accept-encoding' => 'gzip, deflate',
  'accept-language' => 'zh-CN,zh;q=0.9',
  'cookie' => 'PHPSESSID=s549hgh1b5t7fod93m32n78r61; userKey=kTiLnu4PMAGIeh3Ba1bx8KEz7NYvdCf2',
)
[ info ] [ PARAM ] array (
)
[ info ] [ VIEW ] E:\www\tp5\/template/admin/index\index.html [ array (
) ]
---------------------------------------------------------------
[ 2019-04-02T09:46:46+08:00 ] 127.0.0.1 GET www.tp5123.com/admin/index/demo.html
[运行时间：0.059004s] [吞吐率：16.95req/s] [内存消耗：2,239.48kb] [文件加载：79]
[ info ] [ LANG ] E:\www\tp5\thinkphp\lang\zh-cn.php
[ info ] [ ROUTE ] array (
)
[ info ] [ HEADER ] array (
  'host' => 'www.tp5123.com',
  'connection' => 'keep-alive',
  'upgrade-insecure-requests' => '1',
  'user-agent' => 'Mozilla/5.0 (Windows NT 6.1; Win64; x64) AppleWebKit/537.36 (KHTML, like Gecko) Chrome/73.0.3683.75 Safari/537.36',
  'accept' => 'text/html,application/xhtml+xml,application/xml;q=0.9,image/webp,image/apng,*/*;q=0.8,application/signed-exchange;v=b3',
  'referer' => 'http://www.tp5123.com/admin/index/index.html',
  'accept-encoding' => 'gzip, deflate',
  'accept-language' => 'zh-CN,zh;q=0.9',
  'cookie' => 'PHPSESSID=s549hgh1b5t7fod93m32n78r61; userKey=kTiLnu4PMAGIeh3Ba1bx8KEz7NYvdCf2',
)
[ info ] [ PARAM ] array (
)
[ error ] [0]方法不存在:think\Request->active[E:\www\tp5\thinkphp\library\think\Request.php:334]
---------------------------------------------------------------
[ 2019-04-02T09:46:57+08:00 ] 127.0.0.1 GET www.tp5123.com/admin/index/index.html
[运行时间：0.051003s] [吞吐率：19.61req/s] [内存消耗：2,256.86kb] [文件加载：77]
[ info ] [ LANG ] E:\www\tp5\thinkphp\lang\zh-cn.php
[ info ] [ ROUTE ] array (
)
[ info ] [ HEADER ] array (
  'host' => 'www.tp5123.com',
  'connection' => 'keep-alive',
  'cache-control' => 'max-age=0',
  'upgrade-insecure-requests' => '1',
  'user-agent' => 'Mozilla/5.0 (Windows NT 6.1; Win64; x64) AppleWebKit/537.36 (KHTML, like Gecko) Chrome/73.0.3683.75 Safari/537.36',
  'accept' => 'text/html,application/xhtml+xml,application/xml;q=0.9,image/webp,image/apng,*/*;q=0.8,application/signed-exchange;v=b3',
  'referer' => 'http://www.tp5123.com/admin',
  'accept-encoding' => 'gzip, deflate',
  'accept-language' => 'zh-CN,zh;q=0.9',
  'cookie' => 'PHPSESSID=s549hgh1b5t7fod93m32n78r61; userKey=kTiLnu4PMAGIeh3Ba1bx8KEz7NYvdCf2',
)
[ info ] [ PARAM ] array (
)
[ info ] [ VIEW ] E:\www\tp5\/template/admin/index\index.html [ array (
) ]
---------------------------------------------------------------
[ 2019-04-02T09:46:58+08:00 ] 127.0.0.1 GET www.tp5123.com/admin/index/demo.html
[运行时间：0.053003s] [吞吐率：18.87req/s] [内存消耗：2,175.84kb] [文件加载：75]
[ info ] [ LANG ] E:\www\tp5\thinkphp\lang\zh-cn.php
[ info ] [ ROUTE ] array (
)
[ info ] [ HEADER ] array (
  'host' => 'www.tp5123.com',
  'connection' => 'keep-alive',
  'upgrade-insecure-requests' => '1',
  'user-agent' => 'Mozilla/5.0 (Windows NT 6.1; Win64; x64) AppleWebKit/537.36 (KHTML, like Gecko) Chrome/73.0.3683.75 Safari/537.36',
  'accept' => 'text/html,application/xhtml+xml,application/xml;q=0.9,image/webp,image/apng,*/*;q=0.8,application/signed-exchange;v=b3',
  'referer' => 'http://www.tp5123.com/admin/index/index.html',
  'accept-encoding' => 'gzip, deflate',
  'accept-language' => 'zh-CN,zh;q=0.9',
  'cookie' => 'PHPSESSID=s549hgh1b5t7fod93m32n78r61; userKey=kTiLnu4PMAGIeh3Ba1bx8KEz7NYvdCf2',
)
[ info ] [ PARAM ] array (
)
---------------------------------------------------------------
[ 2019-04-02T09:47:45+08:00 ] 127.0.0.1 GET www.tp5123.com/admin/index/index.html
[运行时间：0.054003s] [吞吐率：18.52req/s] [内存消耗：2,256.06kb] [文件加载：77]
[ info ] [ LANG ] E:\www\tp5\thinkphp\lang\zh-cn.php
[ info ] [ ROUTE ] array (
)
[ info ] [ HEADER ] array (
  'host' => 'www.tp5123.com',
  'connection' => 'keep-alive',
  'cache-control' => 'max-age=0',
  'upgrade-insecure-requests' => '1',
  'user-agent' => 'Mozilla/5.0 (Windows NT 6.1; Win64; x64) AppleWebKit/537.36 (KHTML, like Gecko) Chrome/73.0.3683.75 Safari/537.36',
  'accept' => 'text/html,application/xhtml+xml,application/xml;q=0.9,image/webp,image/apng,*/*;q=0.8,application/signed-exchange;v=b3',
  'referer' => 'http://www.tp5123.com/admin',
  'accept-encoding' => 'gzip, deflate',
  'accept-language' => 'zh-CN,zh;q=0.9',
  'cookie' => 'PHPSESSID=s549hgh1b5t7fod93m32n78r61; userKey=kTiLnu4PMAGIeh3Ba1bx8KEz7NYvdCf2',
)
[ info ] [ PARAM ] array (
)
[ info ] [ VIEW ] E:\www\tp5\/template/admin/index\index.html [ array (
) ]
---------------------------------------------------------------
[ 2019-04-02T09:47:46+08:00 ] 127.0.0.1 GET www.tp5123.com/admin/index/demo.html
[运行时间：0.055003s] [吞吐率：18.18req/s] [内存消耗：2,175.05kb] [文件加载：75]
[ info ] [ LANG ] E:\www\tp5\thinkphp\lang\zh-cn.php
[ info ] [ ROUTE ] array (
)
[ info ] [ HEADER ] array (
  'host' => 'www.tp5123.com',
  'connection' => 'keep-alive',
  'upgrade-insecure-requests' => '1',
  'user-agent' => 'Mozilla/5.0 (Windows NT 6.1; Win64; x64) AppleWebKit/537.36 (KHTML, like Gecko) Chrome/73.0.3683.75 Safari/537.36',
  'accept' => 'text/html,application/xhtml+xml,application/xml;q=0.9,image/webp,image/apng,*/*;q=0.8,application/signed-exchange;v=b3',
  'referer' => 'http://www.tp5123.com/admin/index/index.html',
  'accept-encoding' => 'gzip, deflate',
  'accept-language' => 'zh-CN,zh;q=0.9',
  'cookie' => 'PHPSESSID=s549hgh1b5t7fod93m32n78r61; userKey=kTiLnu4PMAGIeh3Ba1bx8KEz7NYvdCf2',
)
[ info ] [ PARAM ] array (
)
---------------------------------------------------------------
[ 2019-04-02T10:05:05+08:00 ] 127.0.0.1 GET www.tp5123.com/admin/index/index.html
[运行时间：0.126007s] [吞吐率：7.94req/s] [内存消耗：2,256.06kb] [文件加载：77]
[ info ] [ LANG ] E:\www\tp5\thinkphp\lang\zh-cn.php
[ info ] [ ROUTE ] array (
)
[ info ] [ HEADER ] array (
  'host' => 'www.tp5123.com',
  'connection' => 'keep-alive',
  'cache-control' => 'max-age=0',
  'upgrade-insecure-requests' => '1',
  'user-agent' => 'Mozilla/5.0 (Windows NT 6.1; Win64; x64) AppleWebKit/537.36 (KHTML, like Gecko) Chrome/73.0.3683.75 Safari/537.36',
  'accept' => 'text/html,application/xhtml+xml,application/xml;q=0.9,image/webp,image/apng,*/*;q=0.8,application/signed-exchange;v=b3',
  'referer' => 'http://www.tp5123.com/admin',
  'accept-encoding' => 'gzip, deflate',
  'accept-language' => 'zh-CN,zh;q=0.9',
  'cookie' => 'PHPSESSID=s549hgh1b5t7fod93m32n78r61; userKey=kTiLnu4PMAGIeh3Ba1bx8KEz7NYvdCf2',
)
[ info ] [ PARAM ] array (
)
[ info ] [ VIEW ] E:\www\tp5\/template/admin/index\index.html [ array (
) ]
---------------------------------------------------------------
[ 2019-04-02T10:05:08+08:00 ] 127.0.0.1 GET www.tp5123.com/admin/index/index.html
[运行时间：0.048003s] [吞吐率：20.83req/s] [内存消耗：2,255.95kb] [文件加载：77]
[ info ] [ LANG ] E:\www\tp5\thinkphp\lang\zh-cn.php
[ info ] [ ROUTE ] array (
)
[ info ] [ HEADER ] array (
  'host' => 'www.tp5123.com',
  'connection' => 'keep-alive',
  'upgrade-insecure-requests' => '1',
  'user-agent' => 'Mozilla/5.0 (Windows NT 6.1; Win64; x64) AppleWebKit/537.36 (KHTML, like Gecko) Chrome/73.0.3683.75 Safari/537.36',
  'accept' => 'text/html,application/xhtml+xml,application/xml;q=0.9,image/webp,image/apng,*/*;q=0.8,application/signed-exchange;v=b3',
  'referer' => 'http://www.tp5123.com/admin',
  'accept-encoding' => 'gzip, deflate',
  'accept-language' => 'zh-CN,zh;q=0.9',
  'cookie' => 'PHPSESSID=s549hgh1b5t7fod93m32n78r61; userKey=kTiLnu4PMAGIeh3Ba1bx8KEz7NYvdCf2',
)
[ info ] [ PARAM ] array (
)
[ info ] [ VIEW ] E:\www\tp5\/template/admin/index\index.html [ array (
) ]
---------------------------------------------------------------
[ 2019-04-02T10:05:11+08:00 ] 127.0.0.1 GET www.tp5123.com/
[运行时间：0.097006s] [吞吐率：10.31req/s] [内存消耗：1,995.22kb] [文件加载：66]
[ info ] [ LANG ] E:\www\tp5\thinkphp\lang\zh-cn.php
[ info ] [ ROUTE ] array (
)
[ info ] [ HEADER ] array (
  'host' => 'www.tp5123.com',
  'connection' => 'keep-alive',
  'upgrade-insecure-requests' => '1',
  'user-agent' => 'Mozilla/5.0 (Windows NT 6.1; Win64; x64) AppleWebKit/537.36 (KHTML, like Gecko) Chrome/73.0.3683.75 Safari/537.36',
  'accept' => 'text/html,application/xhtml+xml,application/xml;q=0.9,image/webp,image/apng,*/*;q=0.8,application/signed-exchange;v=b3',
  'accept-encoding' => 'gzip, deflate',
  'accept-language' => 'zh-CN,zh;q=0.9',
  'cookie' => 'PHPSESSID=s549hgh1b5t7fod93m32n78r61; userKey=kTiLnu4PMAGIeh3Ba1bx8KEz7NYvdCf2',
)
[ info ] [ PARAM ] array (
)
[ info ] [ VIEW ] E:\www\tp5\/template/index/index\index.html [ array (
) ]
---------------------------------------------------------------
[ 2019-04-02T10:10:13+08:00 ] 127.0.0.1 GET www.tp5123.com/
[运行时间：0.093006s] [吞吐率：10.75req/s] [内存消耗：1,995.44kb] [文件加载：66]
[ info ] [ LANG ] E:\www\tp5\thinkphp\lang\zh-cn.php
[ info ] [ ROUTE ] array (
)
[ info ] [ HEADER ] array (
  'host' => 'www.tp5123.com',
  'connection' => 'keep-alive',
  'cache-control' => 'max-age=0',
  'upgrade-insecure-requests' => '1',
  'user-agent' => 'Mozilla/5.0 (Windows NT 6.1; Win64; x64) AppleWebKit/537.36 (KHTML, like Gecko) Chrome/73.0.3683.75 Safari/537.36',
  'accept' => 'text/html,application/xhtml+xml,application/xml;q=0.9,image/webp,image/apng,*/*;q=0.8,application/signed-exchange;v=b3',
  'accept-encoding' => 'gzip, deflate',
  'accept-language' => 'zh-CN,zh;q=0.9',
  'cookie' => 'PHPSESSID=s549hgh1b5t7fod93m32n78r61; userKey=kTiLnu4PMAGIeh3Ba1bx8KEz7NYvdCf2',
)
[ info ] [ PARAM ] array (
)
[ info ] [ VIEW ] E:\www\tp5\/template/index/index\index.html [ array (
) ]
---------------------------------------------------------------
[ 2019-04-02T10:10:16+08:00 ] 127.0.0.1 GET www.tp5123.com/admin/index/index.html
[运行时间：0.596034s] [吞吐率：1.68req/s] [内存消耗：2,256.59kb] [文件加载：77]
[ info ] [ LANG ] E:\www\tp5\thinkphp\lang\zh-cn.php
[ info ] [ ROUTE ] array (
)
[ info ] [ HEADER ] array (
  'host' => 'www.tp5123.com',
  'connection' => 'keep-alive',
  'cache-control' => 'max-age=0',
  'upgrade-insecure-requests' => '1',
  'user-agent' => 'Mozilla/5.0 (Windows NT 6.1; Win64; x64) AppleWebKit/537.36 (KHTML, like Gecko) Chrome/73.0.3683.75 Safari/537.36',
  'accept' => 'text/html,application/xhtml+xml,application/xml;q=0.9,image/webp,image/apng,*/*;q=0.8,application/signed-exchange;v=b3',
  'referer' => 'http://www.tp5123.com/admin',
  'accept-encoding' => 'gzip, deflate',
  'accept-language' => 'zh-CN,zh;q=0.9',
  'cookie' => 'PHPSESSID=s549hgh1b5t7fod93m32n78r61; userKey=kTiLnu4PMAGIeh3Ba1bx8KEz7NYvdCf2',
)
[ info ] [ PARAM ] array (
)
[ info ] [ VIEW ] E:\www\tp5\/template/admin/index\index.html [ array (
) ]
---------------------------------------------------------------
[ 2019-04-02T10:10:17+08:00 ] 127.0.0.1 GET www.tp5123.com/admin/index/demo.html
[运行时间：0.070004s] [吞吐率：14.28req/s] [内存消耗：2,175.55kb] [文件加载：75]
[ info ] [ LANG ] E:\www\tp5\thinkphp\lang\zh-cn.php
[ info ] [ ROUTE ] array (
)
[ info ] [ HEADER ] array (
  'host' => 'www.tp5123.com',
  'connection' => 'keep-alive',
  'upgrade-insecure-requests' => '1',
  'user-agent' => 'Mozilla/5.0 (Windows NT 6.1; Win64; x64) AppleWebKit/537.36 (KHTML, like Gecko) Chrome/73.0.3683.75 Safari/537.36',
  'accept' => 'text/html,application/xhtml+xml,application/xml;q=0.9,image/webp,image/apng,*/*;q=0.8,application/signed-exchange;v=b3',
  'referer' => 'http://www.tp5123.com/admin/index/index.html',
  'accept-encoding' => 'gzip, deflate',
  'accept-language' => 'zh-CN,zh;q=0.9',
  'cookie' => 'PHPSESSID=s549hgh1b5t7fod93m32n78r61; userKey=kTiLnu4PMAGIeh3Ba1bx8KEz7NYvdCf2',
)
[ info ] [ PARAM ] array (
)
---------------------------------------------------------------
[ 2019-04-02T10:46:50+08:00 ] 127.0.0.1 GET www.tp5123.com/admin/index/index.html
[运行时间：0.120006s] [吞吐率：8.33req/s] [内存消耗：2,256.59kb] [文件加载：77]
[ info ] [ LANG ] E:\www\tp5\thinkphp\lang\zh-cn.php
[ info ] [ ROUTE ] array (
)
[ info ] [ HEADER ] array (
  'host' => 'www.tp5123.com',
  'connection' => 'keep-alive',
  'cache-control' => 'max-age=0',
  'upgrade-insecure-requests' => '1',
  'user-agent' => 'Mozilla/5.0 (Windows NT 6.1; Win64; x64) AppleWebKit/537.36 (KHTML, like Gecko) Chrome/73.0.3683.75 Safari/537.36',
  'accept' => 'text/html,application/xhtml+xml,application/xml;q=0.9,image/webp,image/apng,*/*;q=0.8,application/signed-exchange;v=b3',
  'referer' => 'http://www.tp5123.com/admin',
  'accept-encoding' => 'gzip, deflate',
  'accept-language' => 'zh-CN,zh;q=0.9',
  'cookie' => 'PHPSESSID=s549hgh1b5t7fod93m32n78r61; userKey=kTiLnu4PMAGIeh3Ba1bx8KEz7NYvdCf2',
)
[ info ] [ PARAM ] array (
)
[ info ] [ VIEW ] E:\www\tp5\/template/admin/index\index.html [ array (
) ]
---------------------------------------------------------------
[ 2019-04-02T10:46:52+08:00 ] 127.0.0.1 GET www.tp5123.com/
[运行时间：0.079005s] [吞吐率：12.66req/s] [内存消耗：1,730.52kb] [文件加载：64]
[ info ] [ LANG ] E:\www\tp5\thinkphp\lang\zh-cn.php
[ info ] [ ROUTE ] array (
)
[ info ] [ HEADER ] array (
  'host' => 'www.tp5123.com',
  'connection' => 'keep-alive',
  'cache-control' => 'max-age=0',
  'upgrade-insecure-requests' => '1',
  'user-agent' => 'Mozilla/5.0 (Windows NT 6.1; Win64; x64) AppleWebKit/537.36 (KHTML, like Gecko) Chrome/73.0.3683.75 Safari/537.36',
  'accept' => 'text/html,application/xhtml+xml,application/xml;q=0.9,image/webp,image/apng,*/*;q=0.8,application/signed-exchange;v=b3',
  'accept-encoding' => 'gzip, deflate',
  'accept-language' => 'zh-CN,zh;q=0.9',
  'cookie' => 'PHPSESSID=s549hgh1b5t7fod93m32n78r61; userKey=kTiLnu4PMAGIeh3Ba1bx8KEz7NYvdCf2',
)
[ info ] [ PARAM ] array (
)
[ error ] [1]Class 'app\index\controller\base' not found[E:\www\tp5\application\index\controller\Index.php:5]
---------------------------------------------------------------
[ 2019-04-02T10:47:42+08:00 ] 127.0.0.1 GET www.tp5123.com/
[运行时间：0.069004s] [吞吐率：14.49req/s] [内存消耗：1,824.87kb] [文件加载：65]
[ info ] [ LANG ] E:\www\tp5\thinkphp\lang\zh-cn.php
[ info ] [ ROUTE ] array (
)
[ info ] [ HEADER ] array (
  'host' => 'www.tp5123.com',
  'connection' => 'keep-alive',
  'cache-control' => 'max-age=0',
  'upgrade-insecure-requests' => '1',
  'user-agent' => 'Mozilla/5.0 (Windows NT 6.1; Win64; x64) AppleWebKit/537.36 (KHTML, like Gecko) Chrome/73.0.3683.75 Safari/537.36',
  'accept' => 'text/html,application/xhtml+xml,application/xml;q=0.9,image/webp,image/apng,*/*;q=0.8,application/signed-exchange;v=b3',
  'accept-encoding' => 'gzip, deflate',
  'accept-language' => 'zh-CN,zh;q=0.9',
  'cookie' => 'PHPSESSID=s549hgh1b5t7fod93m32n78r61; userKey=kTiLnu4PMAGIeh3Ba1bx8KEz7NYvdCf2',
)
[ info ] [ PARAM ] array (
)
[ info ] [ VIEW ] E:\www\tp5\/template/index/index\index.html [ array (
) ]
---------------------------------------------------------------
[ 2019-04-02T10:47:42+08:00 ] 127.0.0.1 GET www.tp5123.com/
[运行时间：0.046003s] [吞吐率：21.74req/s] [内存消耗：1,824.87kb] [文件加载：65]
[ info ] [ LANG ] E:\www\tp5\thinkphp\lang\zh-cn.php
[ info ] [ ROUTE ] array (
)
[ info ] [ HEADER ] array (
  'host' => 'www.tp5123.com',
  'connection' => 'keep-alive',
  'cache-control' => 'max-age=0',
  'upgrade-insecure-requests' => '1',
  'user-agent' => 'Mozilla/5.0 (Windows NT 6.1; Win64; x64) AppleWebKit/537.36 (KHTML, like Gecko) Chrome/73.0.3683.75 Safari/537.36',
  'accept' => 'text/html,application/xhtml+xml,application/xml;q=0.9,image/webp,image/apng,*/*;q=0.8,application/signed-exchange;v=b3',
  'accept-encoding' => 'gzip, deflate',
  'accept-language' => 'zh-CN,zh;q=0.9',
  'cookie' => 'PHPSESSID=s549hgh1b5t7fod93m32n78r61; userKey=kTiLnu4PMAGIeh3Ba1bx8KEz7NYvdCf2',
)
[ info ] [ PARAM ] array (
)
[ info ] [ VIEW ] E:\www\tp5\/template/index/index\index.html [ array (
) ]
