---------------------------------------------------------------
[2019-06-05T08:20:06+08:00] 127.0.0.1 GET www.tp5123.com/
[运行时间：0.163010s] [吞吐率：6.13req/s] [内存消耗：3,340.79kb] [文件加载：79]
[ info ] [ LANG ] E:\www\tp5\thinkphp\lang\zh-cn.php
[ info ] [ ROUTE ] array (
  'rule' => '',
  'route' => 'index/index',
  'option' => 
  array (
    'merge_rule_regex' => false,
    'complete_match' => true,
  ),
  'var' => 
  array (
  ),
)
[ info ] [ HEADER ] array (
  'host' => 'www.tp5123.com',
  'connection' => 'keep-alive',
  'upgrade-insecure-requests' => '1',
  'user-agent' => 'Mozilla/5.0 (Windows NT 6.1; Win64; x64) AppleWebKit/537.36 (KHTML, like Gecko) Chrome/73.0.3683.75 Safari/537.36',
  'accept' => 'text/html,application/xhtml+xml,application/xml;q=0.9,image/webp,image/apng,*/*;q=0.8,application/signed-exchange;v=b3',
  'accept-encoding' => 'gzip, deflate',
  'accept-language' => 'zh-CN,zh;q=0.9',
)
[ info ] [ PARAM ] array (
)
[ info ] [ DB ] INIT mysql
[ info ] [ VIEW ] E:\www\tp5\/tpl/index/index\index.html [ array (
  0 => 'result',
) ]
[ sql ] [ DB ] CONNECT:[ UseTime:0.002000s ] mysql:host=127.0.0.1;dbname=tp5;charset=utf8
[ sql ] [ SQL ] SHOW COLUMNS FROM `my_column` [ RunTime:0.020001s ]
[ sql ] [ SQL ] SELECT `id`,`pid`,`title` FROM `my_column` WHERE  `status` = 1  AND `pid` = 0 [ RunTime:0.003001s ]
[ sql ] [ SQL ] SELECT `id`,`pid`,`title` FROM `my_column` WHERE  `status` = 1  AND `pid` = 1 [ RunTime:0.000000s ]
[ sql ] [ SQL ] SELECT `id`,`pid`,`title` FROM `my_column` WHERE  `status` = 1  AND `pid` = 9 [ RunTime:0.000000s ]
[ sql ] [ SQL ] SELECT `id`,`pid`,`title` FROM `my_column` WHERE  `status` = 1  AND `pid` = 10 [ RunTime:0.001000s ]
[ sql ] [ SQL ] SELECT `id`,`pid`,`title` FROM `my_column` WHERE  `status` = 1  AND `pid` = 11 [ RunTime:0.000000s ]
[ sql ] [ SQL ] SELECT `id`,`pid`,`title` FROM `my_column` WHERE  `status` = 1  AND `pid` = 2 [ RunTime:0.000000s ]
[ sql ] [ SQL ] SELECT `id`,`pid`,`title` FROM `my_column` WHERE  `status` = 1  AND `pid` = 12 [ RunTime:0.001000s ]
[ sql ] [ SQL ] SELECT `id`,`pid`,`title` FROM `my_column` WHERE  `status` = 1  AND `pid` = 13 [ RunTime:0.001000s ]
[ sql ] [ SQL ] SELECT `id`,`pid`,`title` FROM `my_column` WHERE  `status` = 1  AND `pid` = 3 [ RunTime:0.000000s ]
[ sql ] [ SQL ] SELECT `id`,`pid`,`title` FROM `my_column` WHERE  `status` = 1  AND `pid` = 14 [ RunTime:0.000000s ]
[ sql ] [ SQL ] SELECT `id`,`pid`,`title` FROM `my_column` WHERE  `status` = 1  AND `pid` = 15 [ RunTime:0.000000s ]
[ sql ] [ SQL ] SELECT `id`,`pid`,`title` FROM `my_column` WHERE  `status` = 1  AND `pid` = 4 [ RunTime:0.001000s ]
[ sql ] [ SQL ] SELECT `id`,`pid`,`title` FROM `my_column` WHERE  `status` = 1  AND `pid` = 16 [ RunTime:0.001000s ]
[ sql ] [ SQL ] SELECT `id`,`pid`,`title` FROM `my_column` WHERE  `status` = 1  AND `pid` = 17 [ RunTime:0.000000s ]
[ sql ] [ SQL ] SELECT `id`,`pid`,`title` FROM `my_column` WHERE  `status` = 1  AND `pid` = 18 [ RunTime:0.000000s ]
[ sql ] [ SQL ] SELECT `id`,`pid`,`title` FROM `my_column` WHERE  `status` = 1  AND `pid` = 5 [ RunTime:0.001000s ]
[ sql ] [ SQL ] SELECT `id`,`pid`,`title` FROM `my_column` WHERE  `status` = 1  AND `pid` = 19 [ RunTime:0.001001s ]
[ sql ] [ SQL ] SELECT `id`,`pid`,`title` FROM `my_column` WHERE  `status` = 1  AND `pid` = 20 [ RunTime:0.000000s ]
[ sql ] [ SQL ] SELECT `id`,`pid`,`title` FROM `my_column` WHERE  `status` = 1  AND `pid` = 6 [ RunTime:0.000000s ]
[ sql ] [ SQL ] SELECT `id`,`pid`,`title` FROM `my_column` WHERE  `status` = 1  AND `pid` = 21 [ RunTime:0.001000s ]
[ sql ] [ SQL ] SELECT `id`,`pid`,`title` FROM `my_column` WHERE  `status` = 1  AND `pid` = 22 [ RunTime:0.000000s ]
[ sql ] [ SQL ] SELECT `id`,`pid`,`title` FROM `my_column` WHERE  `status` = 1  AND `pid` = 23 [ RunTime:0.000000s ]
[ sql ] [ SQL ] SELECT `id`,`pid`,`title` FROM `my_column` WHERE  `status` = 1  AND `pid` = 7 [ RunTime:0.001000s ]
[ sql ] [ SQL ] SELECT `id`,`pid`,`title` FROM `my_column` WHERE  `status` = 1  AND `pid` = 24 [ RunTime:0.001000s ]
[ sql ] [ SQL ] SELECT `id`,`pid`,`title` FROM `my_column` WHERE  `status` = 1  AND `pid` = 25 [ RunTime:0.000000s ]
[ sql ] [ SQL ] SELECT `id`,`pid`,`title` FROM `my_column` WHERE  `status` = 1  AND `pid` = 26 [ RunTime:0.001000s ]
[ sql ] [ SQL ] SELECT `id`,`pid`,`title` FROM `my_column` WHERE  `status` = 1  AND `pid` = 8 [ RunTime:0.001000s ]
[ sql ] [ SQL ] SELECT `id`,`pid`,`title` FROM `my_column` WHERE  `status` = 1  AND `pid` = 27 [ RunTime:0.000000s ]
[ sql ] [ SQL ] SELECT `id`,`pid`,`title` FROM `my_column` WHERE  `status` = 1  AND `pid` = 28 [ RunTime:0.000000s ]
[ sql ] [ SQL ] SELECT `id`,`pid`,`title` FROM `my_column` WHERE  `status` = 1  AND `pid` = 29 [ RunTime:0.000000s ]
---------------------------------------------------------------
[2019-06-05T08:20:09+08:00] 127.0.0.1 GET www.tp5123.com/goods/id/21.html
[运行时间：0.093005s] [吞吐率：10.75req/s] [内存消耗：3,479.72kb] [文件加载：82]
[ info ] [ LANG ] E:\www\tp5\thinkphp\lang\zh-cn.php
[ info ] [ ROUTE ] array (
  'rule' => 'goods',
  'route' => 'goods/index',
  'option' => 
  array (
    'merge_rule_regex' => false,
  ),
  'var' => 
  array (
    'id' => '21',
  ),
)
[ info ] [ HEADER ] array (
  'host' => 'www.tp5123.com',
  'connection' => 'keep-alive',
  'upgrade-insecure-requests' => '1',
  'user-agent' => 'Mozilla/5.0 (Windows NT 6.1; Win64; x64) AppleWebKit/537.36 (KHTML, like Gecko) Chrome/73.0.3683.75 Safari/537.36',
  'accept' => 'text/html,application/xhtml+xml,application/xml;q=0.9,image/webp,image/apng,*/*;q=0.8,application/signed-exchange;v=b3',
  'referer' => 'http://www.tp5123.com/',
  'accept-encoding' => 'gzip, deflate',
  'accept-language' => 'zh-CN,zh;q=0.9',
)
[ info ] [ PARAM ] array (
  'id' => '21',
)
[ info ] [ DB ] INIT mysql
[ info ] [ VIEW ] E:\www\tp5\/tpl/index/goods\index.html [ array (
  0 => 'id',
  1 => 'category',
  2 => 'count',
  3 => 'goods',
  4 => 'page',
) ]
[ sql ] [ DB ] CONNECT:[ UseTime:0.001000s ] mysql:host=127.0.0.1;dbname=tp5;charset=utf8
[ sql ] [ SQL ] SHOW COLUMNS FROM `my_column` [ RunTime:0.003000s ]
[ sql ] [ SQL ] SELECT `id`,`pid`,`title` FROM `my_column` WHERE  `status` = 1  AND `pid` = 0 [ RunTime:0.001000s ]
[ sql ] [ SQL ] SELECT `id`,`pid`,`title` FROM `my_column` WHERE  `status` = 1  AND `pid` = 1 [ RunTime:0.001000s ]
[ sql ] [ SQL ] SELECT `id`,`pid`,`title` FROM `my_column` WHERE  `status` = 1  AND `pid` = 9 [ RunTime:0.000000s ]
[ sql ] [ SQL ] SELECT `id`,`pid`,`title` FROM `my_column` WHERE  `status` = 1  AND `pid` = 10 [ RunTime:0.000000s ]
[ sql ] [ SQL ] SELECT `id`,`pid`,`title` FROM `my_column` WHERE  `status` = 1  AND `pid` = 11 [ RunTime:0.000000s ]
[ sql ] [ SQL ] SELECT `id`,`pid`,`title` FROM `my_column` WHERE  `status` = 1  AND `pid` = 2 [ RunTime:0.000000s ]
[ sql ] [ SQL ] SELECT `id`,`pid`,`title` FROM `my_column` WHERE  `status` = 1  AND `pid` = 12 [ RunTime:0.001000s ]
[ sql ] [ SQL ] SELECT `id`,`pid`,`title` FROM `my_column` WHERE  `status` = 1  AND `pid` = 13 [ RunTime:0.000000s ]
[ sql ] [ SQL ] SELECT `id`,`pid`,`title` FROM `my_column` WHERE  `status` = 1  AND `pid` = 3 [ RunTime:0.001000s ]
[ sql ] [ SQL ] SELECT `id`,`pid`,`title` FROM `my_column` WHERE  `status` = 1  AND `pid` = 14 [ RunTime:0.000000s ]
[ sql ] [ SQL ] SELECT `id`,`pid`,`title` FROM `my_column` WHERE  `status` = 1  AND `pid` = 15 [ RunTime:0.001000s ]
[ sql ] [ SQL ] SELECT `id`,`pid`,`title` FROM `my_column` WHERE  `status` = 1  AND `pid` = 4 [ RunTime:0.000000s ]
[ sql ] [ SQL ] SELECT `id`,`pid`,`title` FROM `my_column` WHERE  `status` = 1  AND `pid` = 16 [ RunTime:0.000000s ]
[ sql ] [ SQL ] SELECT `id`,`pid`,`title` FROM `my_column` WHERE  `status` = 1  AND `pid` = 17 [ RunTime:0.000000s ]
[ sql ] [ SQL ] SELECT `id`,`pid`,`title` FROM `my_column` WHERE  `status` = 1  AND `pid` = 18 [ RunTime:0.001000s ]
[ sql ] [ SQL ] SELECT `id`,`pid`,`title` FROM `my_column` WHERE  `status` = 1  AND `pid` = 5 [ RunTime:0.000000s ]
[ sql ] [ SQL ] SELECT `id`,`pid`,`title` FROM `my_column` WHERE  `status` = 1  AND `pid` = 19 [ RunTime:0.001000s ]
[ sql ] [ SQL ] SELECT `id`,`pid`,`title` FROM `my_column` WHERE  `status` = 1  AND `pid` = 20 [ RunTime:0.000000s ]
[ sql ] [ SQL ] SELECT `id`,`pid`,`title` FROM `my_column` WHERE  `status` = 1  AND `pid` = 6 [ RunTime:0.001000s ]
[ sql ] [ SQL ] SELECT `id`,`pid`,`title` FROM `my_column` WHERE  `status` = 1  AND `pid` = 21 [ RunTime:0.000000s ]
[ sql ] [ SQL ] SELECT `id`,`pid`,`title` FROM `my_column` WHERE  `status` = 1  AND `pid` = 22 [ RunTime:0.001000s ]
[ sql ] [ SQL ] SELECT `id`,`pid`,`title` FROM `my_column` WHERE  `status` = 1  AND `pid` = 23 [ RunTime:0.000000s ]
[ sql ] [ SQL ] SELECT `id`,`pid`,`title` FROM `my_column` WHERE  `status` = 1  AND `pid` = 7 [ RunTime:0.001000s ]
[ sql ] [ SQL ] SELECT `id`,`pid`,`title` FROM `my_column` WHERE  `status` = 1  AND `pid` = 24 [ RunTime:0.000000s ]
[ sql ] [ SQL ] SELECT `id`,`pid`,`title` FROM `my_column` WHERE  `status` = 1  AND `pid` = 25 [ RunTime:0.001000s ]
[ sql ] [ SQL ] SELECT `id`,`pid`,`title` FROM `my_column` WHERE  `status` = 1  AND `pid` = 26 [ RunTime:0.000000s ]
[ sql ] [ SQL ] SELECT `id`,`pid`,`title` FROM `my_column` WHERE  `status` = 1  AND `pid` = 8 [ RunTime:0.001000s ]
[ sql ] [ SQL ] SELECT `id`,`pid`,`title` FROM `my_column` WHERE  `status` = 1  AND `pid` = 27 [ RunTime:0.000000s ]
[ sql ] [ SQL ] SELECT `id`,`pid`,`title` FROM `my_column` WHERE  `status` = 1  AND `pid` = 28 [ RunTime:0.001000s ]
[ sql ] [ SQL ] SELECT `id`,`pid`,`title` FROM `my_column` WHERE  `status` = 1  AND `pid` = 29 [ RunTime:0.000000s ]
[ sql ] [ SQL ] SHOW COLUMNS FROM `my_detail` [ RunTime:0.005001s ]
[ sql ] [ SQL ] SELECT COUNT(*) AS tp_count FROM `my_detail` `d` LEFT JOIN `my_column` `c` ON `d`.`cid`=`c`.`id` WHERE  `d`.`cid` = '21' [ RunTime:0.001000s ]
[ sql ] [ SQL ] SELECT `d`.`id`,`d`.`name`,`d`.`keyword`,`d`.`description`,`d`.`img`,`d`.`sum`,`d`.`price`,`d`.`payman`,`d`.`sort`,`d`.`status`,`c`.`title` FROM `my_detail` `d` LEFT JOIN `my_column` `c` ON `d`.`cid`=`c`.`id` WHERE  `d`.`cid` = '21' LIMIT 0,1 [ RunTime:0.002000s ]
---------------------------------------------------------------
[2019-06-05T08:20:11+08:00] 127.0.0.1 GET www.tp5123.com/goods.html
[运行时间：0.092005s] [吞吐率：10.87req/s] [内存消耗：3,493.34kb] [文件加载：82]
[ info ] [ LANG ] E:\www\tp5\thinkphp\lang\zh-cn.php
[ info ] [ ROUTE ] array (
  'rule' => 'goods',
  'route' => 'goods/index',
  'option' => 
  array (
    'merge_rule_regex' => false,
  ),
  'var' => 
  array (
  ),
)
[ info ] [ HEADER ] array (
  'host' => 'www.tp5123.com',
  'connection' => 'keep-alive',
  'upgrade-insecure-requests' => '1',
  'user-agent' => 'Mozilla/5.0 (Windows NT 6.1; Win64; x64) AppleWebKit/537.36 (KHTML, like Gecko) Chrome/73.0.3683.75 Safari/537.36',
  'accept' => 'text/html,application/xhtml+xml,application/xml;q=0.9,image/webp,image/apng,*/*;q=0.8,application/signed-exchange;v=b3',
  'referer' => 'http://www.tp5123.com/goods/id/21.html',
  'accept-encoding' => 'gzip, deflate',
  'accept-language' => 'zh-CN,zh;q=0.9',
)
[ info ] [ PARAM ] array (
)
[ info ] [ DB ] INIT mysql
[ info ] [ VIEW ] E:\www\tp5\/tpl/index/goods\index.html [ array (
  0 => 'id',
  1 => 'category',
  2 => 'count',
  3 => 'goods',
  4 => 'page',
) ]
[ sql ] [ DB ] CONNECT:[ UseTime:0.001000s ] mysql:host=127.0.0.1;dbname=tp5;charset=utf8
[ sql ] [ SQL ] SHOW COLUMNS FROM `my_column` [ RunTime:0.003000s ]
[ sql ] [ SQL ] SELECT `id`,`pid`,`title` FROM `my_column` WHERE  `status` = 1  AND `pid` = 0 [ RunTime:0.001000s ]
[ sql ] [ SQL ] SELECT `id`,`pid`,`title` FROM `my_column` WHERE  `status` = 1  AND `pid` = 1 [ RunTime:0.001000s ]
[ sql ] [ SQL ] SELECT `id`,`pid`,`title` FROM `my_column` WHERE  `status` = 1  AND `pid` = 9 [ RunTime:0.001000s ]
[ sql ] [ SQL ] SELECT `id`,`pid`,`title` FROM `my_column` WHERE  `status` = 1  AND `pid` = 10 [ RunTime:0.000000s ]
[ sql ] [ SQL ] SELECT `id`,`pid`,`title` FROM `my_column` WHERE  `status` = 1  AND `pid` = 11 [ RunTime:0.000000s ]
[ sql ] [ SQL ] SELECT `id`,`pid`,`title` FROM `my_column` WHERE  `status` = 1  AND `pid` = 2 [ RunTime:0.000000s ]
[ sql ] [ SQL ] SELECT `id`,`pid`,`title` FROM `my_column` WHERE  `status` = 1  AND `pid` = 12 [ RunTime:0.000000s ]
[ sql ] [ SQL ] SELECT `id`,`pid`,`title` FROM `my_column` WHERE  `status` = 1  AND `pid` = 13 [ RunTime:0.001000s ]
[ sql ] [ SQL ] SELECT `id`,`pid`,`title` FROM `my_column` WHERE  `status` = 1  AND `pid` = 3 [ RunTime:0.000000s ]
[ sql ] [ SQL ] SELECT `id`,`pid`,`title` FROM `my_column` WHERE  `status` = 1  AND `pid` = 14 [ RunTime:0.001000s ]
[ sql ] [ SQL ] SELECT `id`,`pid`,`title` FROM `my_column` WHERE  `status` = 1  AND `pid` = 15 [ RunTime:0.000000s ]
[ sql ] [ SQL ] SELECT `id`,`pid`,`title` FROM `my_column` WHERE  `status` = 1  AND `pid` = 4 [ RunTime:0.001000s ]
[ sql ] [ SQL ] SELECT `id`,`pid`,`title` FROM `my_column` WHERE  `status` = 1  AND `pid` = 16 [ RunTime:0.000000s ]
[ sql ] [ SQL ] SELECT `id`,`pid`,`title` FROM `my_column` WHERE  `status` = 1  AND `pid` = 17 [ RunTime:0.001000s ]
[ sql ] [ SQL ] SELECT `id`,`pid`,`title` FROM `my_column` WHERE  `status` = 1  AND `pid` = 18 [ RunTime:0.000000s ]
[ sql ] [ SQL ] SELECT `id`,`pid`,`title` FROM `my_column` WHERE  `status` = 1  AND `pid` = 5 [ RunTime:0.001000s ]
[ sql ] [ SQL ] SELECT `id`,`pid`,`title` FROM `my_column` WHERE  `status` = 1  AND `pid` = 19 [ RunTime:0.000000s ]
[ sql ] [ SQL ] SELECT `id`,`pid`,`title` FROM `my_column` WHERE  `status` = 1  AND `pid` = 20 [ RunTime:0.001000s ]
[ sql ] [ SQL ] SELECT `id`,`pid`,`title` FROM `my_column` WHERE  `status` = 1  AND `pid` = 6 [ RunTime:0.000000s ]
[ sql ] [ SQL ] SELECT `id`,`pid`,`title` FROM `my_column` WHERE  `status` = 1  AND `pid` = 21 [ RunTime:0.001000s ]
[ sql ] [ SQL ] SELECT `id`,`pid`,`title` FROM `my_column` WHERE  `status` = 1  AND `pid` = 22 [ RunTime:0.000000s ]
[ sql ] [ SQL ] SELECT `id`,`pid`,`title` FROM `my_column` WHERE  `status` = 1  AND `pid` = 23 [ RunTime:0.001000s ]
[ sql ] [ SQL ] SELECT `id`,`pid`,`title` FROM `my_column` WHERE  `status` = 1  AND `pid` = 7 [ RunTime:0.000000s ]
[ sql ] [ SQL ] SELECT `id`,`pid`,`title` FROM `my_column` WHERE  `status` = 1  AND `pid` = 24 [ RunTime:0.001000s ]
[ sql ] [ SQL ] SELECT `id`,`pid`,`title` FROM `my_column` WHERE  `status` = 1  AND `pid` = 25 [ RunTime:0.000000s ]
[ sql ] [ SQL ] SELECT `id`,`pid`,`title` FROM `my_column` WHERE  `status` = 1  AND `pid` = 26 [ RunTime:0.001000s ]
[ sql ] [ SQL ] SELECT `id`,`pid`,`title` FROM `my_column` WHERE  `status` = 1  AND `pid` = 8 [ RunTime:0.000000s ]
[ sql ] [ SQL ] SELECT `id`,`pid`,`title` FROM `my_column` WHERE  `status` = 1  AND `pid` = 27 [ RunTime:0.001000s ]
[ sql ] [ SQL ] SELECT `id`,`pid`,`title` FROM `my_column` WHERE  `status` = 1  AND `pid` = 28 [ RunTime:0.000000s ]
[ sql ] [ SQL ] SELECT `id`,`pid`,`title` FROM `my_column` WHERE  `status` = 1  AND `pid` = 29 [ RunTime:0.001000s ]
[ sql ] [ SQL ] SHOW COLUMNS FROM `my_detail` [ RunTime:0.003000s ]
[ sql ] [ SQL ] SELECT COUNT(*) AS tp_count FROM `my_detail` `d` LEFT JOIN `my_column` `c` ON `d`.`cid`=`c`.`id` [ RunTime:0.000000s ]
[ sql ] [ SQL ] SELECT `d`.`id`,`d`.`name`,`d`.`keyword`,`d`.`description`,`d`.`img`,`d`.`sum`,`d`.`price`,`d`.`payman`,`d`.`sort`,`d`.`status`,`c`.`title` FROM `my_detail` `d` LEFT JOIN `my_column` `c` ON `d`.`cid`=`c`.`id` LIMIT 0,15 [ RunTime:0.001001s ]
---------------------------------------------------------------
[2019-06-05T09:30:29+08:00] 127.0.0.1 GET www.tp5123.com/goods.html
[运行时间：0.110006s] [吞吐率：9.09req/s] [内存消耗：3,493.66kb] [文件加载：82]
[ info ] [ LANG ] E:\www\tp5\thinkphp\lang\zh-cn.php
[ info ] [ ROUTE ] array (
  'rule' => 'goods',
  'route' => 'goods/index',
  'option' => 
  array (
    'merge_rule_regex' => false,
  ),
  'var' => 
  array (
  ),
)
[ info ] [ HEADER ] array (
  'host' => 'www.tp5123.com',
  'connection' => 'keep-alive',
  'cache-control' => 'max-age=0',
  'upgrade-insecure-requests' => '1',
  'user-agent' => 'Mozilla/5.0 (Windows NT 6.1; Win64; x64) AppleWebKit/537.36 (KHTML, like Gecko) Chrome/73.0.3683.75 Safari/537.36',
  'accept' => 'text/html,application/xhtml+xml,application/xml;q=0.9,image/webp,image/apng,*/*;q=0.8,application/signed-exchange;v=b3',
  'referer' => 'http://www.tp5123.com/goods/id/21.html',
  'accept-encoding' => 'gzip, deflate',
  'accept-language' => 'zh-CN,zh;q=0.9',
)
[ info ] [ PARAM ] array (
)
[ info ] [ DB ] INIT mysql
[ info ] [ VIEW ] E:\www\tp5\/tpl/index/goods\index.html [ array (
  0 => 'id',
  1 => 'category',
  2 => 'count',
  3 => 'goods',
  4 => 'page',
) ]
[ sql ] [ DB ] CONNECT:[ UseTime:0.001000s ] mysql:host=127.0.0.1;dbname=tp5;charset=utf8
[ sql ] [ SQL ] SHOW COLUMNS FROM `my_column` [ RunTime:0.002000s ]
[ sql ] [ SQL ] SELECT `id`,`pid`,`title` FROM `my_column` WHERE  `status` = 1  AND `pid` = 0 [ RunTime:0.001000s ]
[ sql ] [ SQL ] SELECT `id`,`pid`,`title` FROM `my_column` WHERE  `status` = 1  AND `pid` = 1 [ RunTime:0.001000s ]
[ sql ] [ SQL ] SELECT `id`,`pid`,`title` FROM `my_column` WHERE  `status` = 1  AND `pid` = 9 [ RunTime:0.003001s ]
[ sql ] [ SQL ] SELECT `id`,`pid`,`title` FROM `my_column` WHERE  `status` = 1  AND `pid` = 10 [ RunTime:0.000000s ]
[ sql ] [ SQL ] SELECT `id`,`pid`,`title` FROM `my_column` WHERE  `status` = 1  AND `pid` = 11 [ RunTime:0.000000s ]
[ sql ] [ SQL ] SELECT `id`,`pid`,`title` FROM `my_column` WHERE  `status` = 1  AND `pid` = 2 [ RunTime:0.001000s ]
[ sql ] [ SQL ] SELECT `id`,`pid`,`title` FROM `my_column` WHERE  `status` = 1  AND `pid` = 12 [ RunTime:0.000000s ]
[ sql ] [ SQL ] SELECT `id`,`pid`,`title` FROM `my_column` WHERE  `status` = 1  AND `pid` = 13 [ RunTime:0.001000s ]
[ sql ] [ SQL ] SELECT `id`,`pid`,`title` FROM `my_column` WHERE  `status` = 1  AND `pid` = 3 [ RunTime:0.000000s ]
[ sql ] [ SQL ] SELECT `id`,`pid`,`title` FROM `my_column` WHERE  `status` = 1  AND `pid` = 14 [ RunTime:0.001000s ]
[ sql ] [ SQL ] SELECT `id`,`pid`,`title` FROM `my_column` WHERE  `status` = 1  AND `pid` = 15 [ RunTime:0.000000s ]
[ sql ] [ SQL ] SELECT `id`,`pid`,`title` FROM `my_column` WHERE  `status` = 1  AND `pid` = 4 [ RunTime:0.001000s ]
[ sql ] [ SQL ] SELECT `id`,`pid`,`title` FROM `my_column` WHERE  `status` = 1  AND `pid` = 16 [ RunTime:0.000000s ]
[ sql ] [ SQL ] SELECT `id`,`pid`,`title` FROM `my_column` WHERE  `status` = 1  AND `pid` = 17 [ RunTime:0.001000s ]
[ sql ] [ SQL ] SELECT `id`,`pid`,`title` FROM `my_column` WHERE  `status` = 1  AND `pid` = 18 [ RunTime:0.000000s ]
[ sql ] [ SQL ] SELECT `id`,`pid`,`title` FROM `my_column` WHERE  `status` = 1  AND `pid` = 5 [ RunTime:0.001000s ]
[ sql ] [ SQL ] SELECT `id`,`pid`,`title` FROM `my_column` WHERE  `status` = 1  AND `pid` = 19 [ RunTime:0.000000s ]
[ sql ] [ SQL ] SELECT `id`,`pid`,`title` FROM `my_column` WHERE  `status` = 1  AND `pid` = 20 [ RunTime:0.001000s ]
[ sql ] [ SQL ] SELECT `id`,`pid`,`title` FROM `my_column` WHERE  `status` = 1  AND `pid` = 6 [ RunTime:0.000000s ]
[ sql ] [ SQL ] SELECT `id`,`pid`,`title` FROM `my_column` WHERE  `status` = 1  AND `pid` = 21 [ RunTime:0.000000s ]
[ sql ] [ SQL ] SELECT `id`,`pid`,`title` FROM `my_column` WHERE  `status` = 1  AND `pid` = 22 [ RunTime:0.000000s ]
[ sql ] [ SQL ] SELECT `id`,`pid`,`title` FROM `my_column` WHERE  `status` = 1  AND `pid` = 23 [ RunTime:0.000000s ]
[ sql ] [ SQL ] SELECT `id`,`pid`,`title` FROM `my_column` WHERE  `status` = 1  AND `pid` = 7 [ RunTime:0.000000s ]
[ sql ] [ SQL ] SELECT `id`,`pid`,`title` FROM `my_column` WHERE  `status` = 1  AND `pid` = 24 [ RunTime:0.000000s ]
[ sql ] [ SQL ] SELECT `id`,`pid`,`title` FROM `my_column` WHERE  `status` = 1  AND `pid` = 25 [ RunTime:0.001000s ]
[ sql ] [ SQL ] SELECT `id`,`pid`,`title` FROM `my_column` WHERE  `status` = 1  AND `pid` = 26 [ RunTime:0.000000s ]
[ sql ] [ SQL ] SELECT `id`,`pid`,`title` FROM `my_column` WHERE  `status` = 1  AND `pid` = 8 [ RunTime:0.001000s ]
[ sql ] [ SQL ] SELECT `id`,`pid`,`title` FROM `my_column` WHERE  `status` = 1  AND `pid` = 27 [ RunTime:0.001001s ]
[ sql ] [ SQL ] SELECT `id`,`pid`,`title` FROM `my_column` WHERE  `status` = 1  AND `pid` = 28 [ RunTime:0.001000s ]
[ sql ] [ SQL ] SELECT `id`,`pid`,`title` FROM `my_column` WHERE  `status` = 1  AND `pid` = 29 [ RunTime:0.001000s ]
[ sql ] [ SQL ] SHOW COLUMNS FROM `my_detail` [ RunTime:0.002000s ]
[ sql ] [ SQL ] SELECT COUNT(*) AS tp_count FROM `my_detail` `d` LEFT JOIN `my_column` `c` ON `d`.`cid`=`c`.`id` [ RunTime:0.000000s ]
[ sql ] [ SQL ] SELECT `d`.`id`,`d`.`name`,`d`.`keyword`,`d`.`description`,`d`.`img`,`d`.`sum`,`d`.`price`,`d`.`payman`,`d`.`sort`,`d`.`status`,`c`.`title` FROM `my_detail` `d` LEFT JOIN `my_column` `c` ON `d`.`cid`=`c`.`id` LIMIT 0,15 [ RunTime:0.000000s ]
---------------------------------------------------------------
[2019-06-05T09:35:48+08:00] 127.0.0.1 GET www.tp5123.com/goods/id/9.html
[运行时间：0.081005s] [吞吐率：12.34req/s] [内存消耗：3,478.09kb] [文件加载：82]
[ info ] [ LANG ] E:\www\tp5\thinkphp\lang\zh-cn.php
[ info ] [ ROUTE ] array (
  'rule' => 'goods',
  'route' => 'goods/index',
  'option' => 
  array (
    'merge_rule_regex' => false,
  ),
  'var' => 
  array (
    'id' => '9',
  ),
)
[ info ] [ HEADER ] array (
  'host' => 'www.tp5123.com',
  'connection' => 'keep-alive',
  'upgrade-insecure-requests' => '1',
  'user-agent' => 'Mozilla/5.0 (Windows NT 6.1; Win64; x64) AppleWebKit/537.36 (KHTML, like Gecko) Chrome/73.0.3683.75 Safari/537.36',
  'accept' => 'text/html,application/xhtml+xml,application/xml;q=0.9,image/webp,image/apng,*/*;q=0.8,application/signed-exchange;v=b3',
  'referer' => 'http://www.tp5123.com/goods.html',
  'accept-encoding' => 'gzip, deflate',
  'accept-language' => 'zh-CN,zh;q=0.9',
)
[ info ] [ PARAM ] array (
  'id' => '9',
)
[ info ] [ DB ] INIT mysql
[ info ] [ VIEW ] E:\www\tp5\/tpl/index/goods\index.html [ array (
  0 => 'id',
  1 => 'category',
  2 => 'count',
  3 => 'goods',
  4 => 'page',
) ]
[ sql ] [ DB ] CONNECT:[ UseTime:0.011000s ] mysql:host=127.0.0.1;dbname=tp5;charset=utf8
[ sql ] [ SQL ] SHOW COLUMNS FROM `my_column` [ RunTime:0.002000s ]
[ sql ] [ SQL ] SELECT `id`,`pid`,`title` FROM `my_column` WHERE  `status` = 1  AND `pid` = 0 [ RunTime:0.000000s ]
[ sql ] [ SQL ] SELECT `id`,`pid`,`title` FROM `my_column` WHERE  `status` = 1  AND `pid` = 1 [ RunTime:0.001000s ]
[ sql ] [ SQL ] SELECT `id`,`pid`,`title` FROM `my_column` WHERE  `status` = 1  AND `pid` = 9 [ RunTime:0.001000s ]
[ sql ] [ SQL ] SELECT `id`,`pid`,`title` FROM `my_column` WHERE  `status` = 1  AND `pid` = 10 [ RunTime:0.000000s ]
[ sql ] [ SQL ] SELECT `id`,`pid`,`title` FROM `my_column` WHERE  `status` = 1  AND `pid` = 11 [ RunTime:0.000000s ]
[ sql ] [ SQL ] SELECT `id`,`pid`,`title` FROM `my_column` WHERE  `status` = 1  AND `pid` = 2 [ RunTime:0.000000s ]
[ sql ] [ SQL ] SELECT `id`,`pid`,`title` FROM `my_column` WHERE  `status` = 1  AND `pid` = 12 [ RunTime:0.000000s ]
[ sql ] [ SQL ] SELECT `id`,`pid`,`title` FROM `my_column` WHERE  `status` = 1  AND `pid` = 13 [ RunTime:0.000000s ]
[ sql ] [ SQL ] SELECT `id`,`pid`,`title` FROM `my_column` WHERE  `status` = 1  AND `pid` = 3 [ RunTime:0.000000s ]
[ sql ] [ SQL ] SELECT `id`,`pid`,`title` FROM `my_column` WHERE  `status` = 1  AND `pid` = 14 [ RunTime:0.000000s ]
[ sql ] [ SQL ] SELECT `id`,`pid`,`title` FROM `my_column` WHERE  `status` = 1  AND `pid` = 15 [ RunTime:0.000000s ]
[ sql ] [ SQL ] SELECT `id`,`pid`,`title` FROM `my_column` WHERE  `status` = 1  AND `pid` = 4 [ RunTime:0.001000s ]
[ sql ] [ SQL ] SELECT `id`,`pid`,`title` FROM `my_column` WHERE  `status` = 1  AND `pid` = 16 [ RunTime:0.001000s ]
[ sql ] [ SQL ] SELECT `id`,`pid`,`title` FROM `my_column` WHERE  `status` = 1  AND `pid` = 17 [ RunTime:0.000000s ]
[ sql ] [ SQL ] SELECT `id`,`pid`,`title` FROM `my_column` WHERE  `status` = 1  AND `pid` = 18 [ RunTime:0.000000s ]
[ sql ] [ SQL ] SELECT `id`,`pid`,`title` FROM `my_column` WHERE  `status` = 1  AND `pid` = 5 [ RunTime:0.000000s ]
[ sql ] [ SQL ] SELECT `id`,`pid`,`title` FROM `my_column` WHERE  `status` = 1  AND `pid` = 19 [ RunTime:0.001000s ]
[ sql ] [ SQL ] SELECT `id`,`pid`,`title` FROM `my_column` WHERE  `status` = 1  AND `pid` = 20 [ RunTime:0.000000s ]
[ sql ] [ SQL ] SELECT `id`,`pid`,`title` FROM `my_column` WHERE  `status` = 1  AND `pid` = 6 [ RunTime:0.001000s ]
[ sql ] [ SQL ] SELECT `id`,`pid`,`title` FROM `my_column` WHERE  `status` = 1  AND `pid` = 21 [ RunTime:0.000000s ]
[ sql ] [ SQL ] SELECT `id`,`pid`,`title` FROM `my_column` WHERE  `status` = 1  AND `pid` = 22 [ RunTime:0.001000s ]
[ sql ] [ SQL ] SELECT `id`,`pid`,`title` FROM `my_column` WHERE  `status` = 1  AND `pid` = 23 [ RunTime:0.000000s ]
[ sql ] [ SQL ] SELECT `id`,`pid`,`title` FROM `my_column` WHERE  `status` = 1  AND `pid` = 7 [ RunTime:0.001000s ]
[ sql ] [ SQL ] SELECT `id`,`pid`,`title` FROM `my_column` WHERE  `status` = 1  AND `pid` = 24 [ RunTime:0.000000s ]
[ sql ] [ SQL ] SELECT `id`,`pid`,`title` FROM `my_column` WHERE  `status` = 1  AND `pid` = 25 [ RunTime:0.001000s ]
[ sql ] [ SQL ] SELECT `id`,`pid`,`title` FROM `my_column` WHERE  `status` = 1  AND `pid` = 26 [ RunTime:0.000000s ]
[ sql ] [ SQL ] SELECT `id`,`pid`,`title` FROM `my_column` WHERE  `status` = 1  AND `pid` = 8 [ RunTime:0.000000s ]
[ sql ] [ SQL ] SELECT `id`,`pid`,`title` FROM `my_column` WHERE  `status` = 1  AND `pid` = 27 [ RunTime:0.000000s ]
[ sql ] [ SQL ] SELECT `id`,`pid`,`title` FROM `my_column` WHERE  `status` = 1  AND `pid` = 28 [ RunTime:0.000000s ]
[ sql ] [ SQL ] SELECT `id`,`pid`,`title` FROM `my_column` WHERE  `status` = 1  AND `pid` = 29 [ RunTime:0.000000s ]
[ sql ] [ SQL ] SHOW COLUMNS FROM `my_detail` [ RunTime:0.003001s ]
[ sql ] [ SQL ] SELECT COUNT(*) AS tp_count FROM `my_detail` `d` LEFT JOIN `my_column` `c` ON `d`.`cid`=`c`.`id` WHERE  `d`.`cid` = '9' [ RunTime:0.001000s ]
[ sql ] [ SQL ] SELECT `d`.`id`,`d`.`name`,`d`.`keyword`,`d`.`description`,`d`.`img`,`d`.`sum`,`d`.`price`,`d`.`payman`,`d`.`sort`,`d`.`status`,`c`.`title` FROM `my_detail` `d` LEFT JOIN `my_column` `c` ON `d`.`cid`=`c`.`id` WHERE  `d`.`cid` = '9' LIMIT 0,1 [ RunTime:0.000000s ]
---------------------------------------------------------------
[2019-06-05T09:35:58+08:00] 127.0.0.1 GET www.tp5123.com/goods.html
[运行时间：0.143008s] [吞吐率：6.99req/s] [内存消耗：3,493.34kb] [文件加载：82]
[ info ] [ LANG ] E:\www\tp5\thinkphp\lang\zh-cn.php
[ info ] [ ROUTE ] array (
  'rule' => 'goods',
  'route' => 'goods/index',
  'option' => 
  array (
    'merge_rule_regex' => false,
  ),
  'var' => 
  array (
  ),
)
[ info ] [ HEADER ] array (
  'host' => 'www.tp5123.com',
  'connection' => 'keep-alive',
  'upgrade-insecure-requests' => '1',
  'user-agent' => 'Mozilla/5.0 (Windows NT 6.1; Win64; x64) AppleWebKit/537.36 (KHTML, like Gecko) Chrome/73.0.3683.75 Safari/537.36',
  'accept' => 'text/html,application/xhtml+xml,application/xml;q=0.9,image/webp,image/apng,*/*;q=0.8,application/signed-exchange;v=b3',
  'referer' => 'http://www.tp5123.com/goods/id/9.html',
  'accept-encoding' => 'gzip, deflate',
  'accept-language' => 'zh-CN,zh;q=0.9',
)
[ info ] [ PARAM ] array (
)
[ info ] [ DB ] INIT mysql
[ info ] [ VIEW ] E:\www\tp5\/tpl/index/goods\index.html [ array (
  0 => 'id',
  1 => 'category',
  2 => 'count',
  3 => 'goods',
  4 => 'page',
) ]
[ sql ] [ DB ] CONNECT:[ UseTime:0.002001s ] mysql:host=127.0.0.1;dbname=tp5;charset=utf8
[ sql ] [ SQL ] SHOW COLUMNS FROM `my_column` [ RunTime:0.006000s ]
[ sql ] [ SQL ] SELECT `id`,`pid`,`title` FROM `my_column` WHERE  `status` = 1  AND `pid` = 0 [ RunTime:0.001000s ]
[ sql ] [ SQL ] SELECT `id`,`pid`,`title` FROM `my_column` WHERE  `status` = 1  AND `pid` = 1 [ RunTime:0.001000s ]
[ sql ] [ SQL ] SELECT `id`,`pid`,`title` FROM `my_column` WHERE  `status` = 1  AND `pid` = 9 [ RunTime:0.001000s ]
[ sql ] [ SQL ] SELECT `id`,`pid`,`title` FROM `my_column` WHERE  `status` = 1  AND `pid` = 10 [ RunTime:0.001000s ]
[ sql ] [ SQL ] SELECT `id`,`pid`,`title` FROM `my_column` WHERE  `status` = 1  AND `pid` = 11 [ RunTime:0.002000s ]
[ sql ] [ SQL ] SELECT `id`,`pid`,`title` FROM `my_column` WHERE  `status` = 1  AND `pid` = 2 [ RunTime:0.001000s ]
[ sql ] [ SQL ] SELECT `id`,`pid`,`title` FROM `my_column` WHERE  `status` = 1  AND `pid` = 12 [ RunTime:0.001000s ]
[ sql ] [ SQL ] SELECT `id`,`pid`,`title` FROM `my_column` WHERE  `status` = 1  AND `pid` = 13 [ RunTime:0.001000s ]
[ sql ] [ SQL ] SELECT `id`,`pid`,`title` FROM `my_column` WHERE  `status` = 1  AND `pid` = 3 [ RunTime:0.002000s ]
[ sql ] [ SQL ] SELECT `id`,`pid`,`title` FROM `my_column` WHERE  `status` = 1  AND `pid` = 14 [ RunTime:0.001000s ]
[ sql ] [ SQL ] SELECT `id`,`pid`,`title` FROM `my_column` WHERE  `status` = 1  AND `pid` = 15 [ RunTime:0.000000s ]
[ sql ] [ SQL ] SELECT `id`,`pid`,`title` FROM `my_column` WHERE  `status` = 1  AND `pid` = 4 [ RunTime:0.000000s ]
[ sql ] [ SQL ] SELECT `id`,`pid`,`title` FROM `my_column` WHERE  `status` = 1  AND `pid` = 16 [ RunTime:0.000000s ]
[ sql ] [ SQL ] SELECT `id`,`pid`,`title` FROM `my_column` WHERE  `status` = 1  AND `pid` = 17 [ RunTime:0.000000s ]
[ sql ] [ SQL ] SELECT `id`,`pid`,`title` FROM `my_column` WHERE  `status` = 1  AND `pid` = 18 [ RunTime:0.001000s ]
[ sql ] [ SQL ] SELECT `id`,`pid`,`title` FROM `my_column` WHERE  `status` = 1  AND `pid` = 5 [ RunTime:0.002001s ]
[ sql ] [ SQL ] SELECT `id`,`pid`,`title` FROM `my_column` WHERE  `status` = 1  AND `pid` = 19 [ RunTime:0.000000s ]
[ sql ] [ SQL ] SELECT `id`,`pid`,`title` FROM `my_column` WHERE  `status` = 1  AND `pid` = 20 [ RunTime:0.001000s ]
[ sql ] [ SQL ] SELECT `id`,`pid`,`title` FROM `my_column` WHERE  `status` = 1  AND `pid` = 6 [ RunTime:0.003000s ]
[ sql ] [ SQL ] SELECT `id`,`pid`,`title` FROM `my_column` WHERE  `status` = 1  AND `pid` = 21 [ RunTime:0.001000s ]
[ sql ] [ SQL ] SELECT `id`,`pid`,`title` FROM `my_column` WHERE  `status` = 1  AND `pid` = 22 [ RunTime:0.001000s ]
[ sql ] [ SQL ] SELECT `id`,`pid`,`title` FROM `my_column` WHERE  `status` = 1  AND `pid` = 23 [ RunTime:0.001000s ]
[ sql ] [ SQL ] SELECT `id`,`pid`,`title` FROM `my_column` WHERE  `status` = 1  AND `pid` = 7 [ RunTime:0.001000s ]
[ sql ] [ SQL ] SELECT `id`,`pid`,`title` FROM `my_column` WHERE  `status` = 1  AND `pid` = 24 [ RunTime:0.001000s ]
[ sql ] [ SQL ] SELECT `id`,`pid`,`title` FROM `my_column` WHERE  `status` = 1  AND `pid` = 25 [ RunTime:0.002000s ]
[ sql ] [ SQL ] SELECT `id`,`pid`,`title` FROM `my_column` WHERE  `status` = 1  AND `pid` = 26 [ RunTime:0.000000s ]
[ sql ] [ SQL ] SELECT `id`,`pid`,`title` FROM `my_column` WHERE  `status` = 1  AND `pid` = 8 [ RunTime:0.001001s ]
[ sql ] [ SQL ] SELECT `id`,`pid`,`title` FROM `my_column` WHERE  `status` = 1  AND `pid` = 27 [ RunTime:0.002000s ]
[ sql ] [ SQL ] SELECT `id`,`pid`,`title` FROM `my_column` WHERE  `status` = 1  AND `pid` = 28 [ RunTime:0.003000s ]
[ sql ] [ SQL ] SELECT `id`,`pid`,`title` FROM `my_column` WHERE  `status` = 1  AND `pid` = 29 [ RunTime:0.001000s ]
[ sql ] [ SQL ] SHOW COLUMNS FROM `my_detail` [ RunTime:0.006000s ]
[ sql ] [ SQL ] SELECT COUNT(*) AS tp_count FROM `my_detail` `d` LEFT JOIN `my_column` `c` ON `d`.`cid`=`c`.`id` [ RunTime:0.000000s ]
[ sql ] [ SQL ] SELECT `d`.`id`,`d`.`name`,`d`.`keyword`,`d`.`description`,`d`.`img`,`d`.`sum`,`d`.`price`,`d`.`payman`,`d`.`sort`,`d`.`status`,`c`.`title` FROM `my_detail` `d` LEFT JOIN `my_column` `c` ON `d`.`cid`=`c`.`id` LIMIT 0,15 [ RunTime:0.001000s ]
---------------------------------------------------------------
[2019-06-05T09:36:03+08:00] 127.0.0.1 GET www.tp5123.com/details/5.html
[运行时间：0.116007s] [吞吐率：8.62req/s] [内存消耗：3,377.78kb] [文件加载：83]
[ info ] [ LANG ] E:\www\tp5\thinkphp\lang\zh-cn.php
[ info ] [ ROUTE ] array (
  'rule' => 'details/<id>',
  'route' => 'goods/details',
  'option' => 
  array (
    'merge_rule_regex' => false,
  ),
  'var' => 
  array (
    'id' => '5',
  ),
)
[ info ] [ HEADER ] array (
  'host' => 'www.tp5123.com',
  'connection' => 'keep-alive',
  'upgrade-insecure-requests' => '1',
  'user-agent' => 'Mozilla/5.0 (Windows NT 6.1; Win64; x64) AppleWebKit/537.36 (KHTML, like Gecko) Chrome/73.0.3683.75 Safari/537.36',
  'accept' => 'text/html,application/xhtml+xml,application/xml;q=0.9,image/webp,image/apng,*/*;q=0.8,application/signed-exchange;v=b3',
  'referer' => 'http://www.tp5123.com/goods.html',
  'accept-encoding' => 'gzip, deflate',
  'accept-language' => 'zh-CN,zh;q=0.9',
)
[ info ] [ PARAM ] array (
  'id' => '5',
)
[ info ] [ DB ] INIT mysql
[ info ] [ VIEW ] E:\www\tp5\/tpl/index/goods\details.html [ array (
  0 => 'rescloumn',
  1 => 'res',
) ]
[ sql ] [ DB ] CONNECT:[ UseTime:0.001000s ] mysql:host=127.0.0.1;dbname=tp5;charset=utf8
[ sql ] [ SQL ] SHOW COLUMNS FROM `my_detail` [ RunTime:0.009000s ]
[ sql ] [ SQL ] SELECT COUNT(*) AS tp_count FROM `my_detail` `d` LEFT JOIN `my_column` `c` ON `d`.`cid`=`c`.`id` WHERE  `d`.`cid` = '5' [ RunTime:0.001000s ]
[ sql ] [ SQL ] SELECT `d`.`id`,`d`.`name`,`d`.`keyword`,`d`.`description`,`d`.`img`,`d`.`sum`,`d`.`price`,`d`.`payman`,`d`.`sort`,`d`.`status`,`c`.`title` FROM `my_detail` `d` LEFT JOIN `my_column` `c` ON `d`.`cid`=`c`.`id` WHERE  `d`.`cid` = '5' LIMIT 0,1 [ RunTime:0.002000s ]
[ sql ] [ SQL ] SELECT `d`.`id`,`d`.`name`,`d`.`keyword`,`d`.`description`,`d`.`content`,`d`.`img`,`d`.`sum`,`d`.`price`,`d`.`payman`,`d`.`sort`,`d`.`status`,`c`.`title` FROM `my_detail` `d` LEFT JOIN `my_column` `c` ON `d`.`cid`=`c`.`id` WHERE  `d`.`id` = '5' LIMIT 1 [ RunTime:0.004000s ]
---------------------------------------------------------------
[2019-06-05T09:36:21+08:00] 127.0.0.1 GET www.tp5123.com/details/5.html
[运行时间：0.068004s] [吞吐率：14.71req/s] [内存消耗：3,377.67kb] [文件加载：83]
[ info ] [ LANG ] E:\www\tp5\thinkphp\lang\zh-cn.php
[ info ] [ ROUTE ] array (
  'rule' => 'details/<id>',
  'route' => 'goods/details',
  'option' => 
  array (
    'merge_rule_regex' => false,
  ),
  'var' => 
  array (
    'id' => '5',
  ),
)
[ info ] [ HEADER ] array (
  'host' => 'www.tp5123.com',
  'connection' => 'keep-alive',
  'upgrade-insecure-requests' => '1',
  'user-agent' => 'Mozilla/5.0 (Windows NT 6.1; Win64; x64) AppleWebKit/537.36 (KHTML, like Gecko) Chrome/73.0.3683.75 Safari/537.36',
  'accept' => 'text/html,application/xhtml+xml,application/xml;q=0.9,image/webp,image/apng,*/*;q=0.8,application/signed-exchange;v=b3',
  'accept-encoding' => 'gzip, deflate',
  'accept-language' => 'zh-CN,zh;q=0.9',
  'cookie' => 'PHPSESSID=gijit70dpa4cdcq4ivi80qot25',
)
[ info ] [ PARAM ] array (
  'id' => '5',
)
[ info ] [ DB ] INIT mysql
[ info ] [ VIEW ] E:\www\tp5\/tpl/index/goods\details.html [ array (
  0 => 'rescloumn',
  1 => 'res',
) ]
[ sql ] [ DB ] CONNECT:[ UseTime:0.011001s ] mysql:host=127.0.0.1;dbname=tp5;charset=utf8
[ sql ] [ SQL ] SHOW COLUMNS FROM `my_detail` [ RunTime:0.011000s ]
[ sql ] [ SQL ] SELECT COUNT(*) AS tp_count FROM `my_detail` `d` LEFT JOIN `my_column` `c` ON `d`.`cid`=`c`.`id` WHERE  `d`.`cid` = '5' [ RunTime:0.000000s ]
[ sql ] [ SQL ] SELECT `d`.`id`,`d`.`name`,`d`.`keyword`,`d`.`description`,`d`.`img`,`d`.`sum`,`d`.`price`,`d`.`payman`,`d`.`sort`,`d`.`status`,`c`.`title` FROM `my_detail` `d` LEFT JOIN `my_column` `c` ON `d`.`cid`=`c`.`id` WHERE  `d`.`cid` = '5' LIMIT 0,1 [ RunTime:0.001000s ]
[ sql ] [ SQL ] SELECT `d`.`id`,`d`.`name`,`d`.`keyword`,`d`.`description`,`d`.`content`,`d`.`img`,`d`.`sum`,`d`.`price`,`d`.`payman`,`d`.`sort`,`d`.`status`,`c`.`title` FROM `my_detail` `d` LEFT JOIN `my_column` `c` ON `d`.`cid`=`c`.`id` WHERE  `d`.`id` = '5' LIMIT 1 [ RunTime:0.001000s ]
---------------------------------------------------------------
[2019-06-05T10:57:57+08:00] 127.0.0.1 GET www.tp5123.com/
[运行时间：0.174010s] [吞吐率：5.75req/s] [内存消耗：3,341.19kb] [文件加载：79]
[ info ] [ LANG ] E:\www\tp5\thinkphp\lang\zh-cn.php
[ info ] [ ROUTE ] array (
  'rule' => '',
  'route' => 'index/index',
  'option' => 
  array (
    'merge_rule_regex' => false,
    'complete_match' => true,
  ),
  'var' => 
  array (
  ),
)
[ info ] [ HEADER ] array (
  'host' => 'www.tp5123.com',
  'connection' => 'keep-alive',
  'upgrade-insecure-requests' => '1',
  'user-agent' => 'Mozilla/5.0 (Windows NT 6.1; Win64; x64) AppleWebKit/537.36 (KHTML, like Gecko) Chrome/73.0.3683.75 Safari/537.36',
  'accept' => 'text/html,application/xhtml+xml,application/xml;q=0.9,image/webp,image/apng,*/*;q=0.8,application/signed-exchange;v=b3',
  'accept-encoding' => 'gzip, deflate',
  'accept-language' => 'zh-CN,zh;q=0.9',
  'cookie' => 'PHPSESSID=gijit70dpa4cdcq4ivi80qot25',
)
[ info ] [ PARAM ] array (
)
[ info ] [ DB ] INIT mysql
[ info ] [ VIEW ] E:\www\tp5\/tpl/index/index\index.html [ array (
  0 => 'result',
) ]
[ sql ] [ DB ] CONNECT:[ UseTime:0.036002s ] mysql:host=127.0.0.1;dbname=tp5;charset=utf8
[ sql ] [ SQL ] SHOW COLUMNS FROM `my_column` [ RunTime:0.019001s ]
[ sql ] [ SQL ] SELECT `id`,`pid`,`title` FROM `my_column` WHERE  `status` = 1  AND `pid` = 0 [ RunTime:0.008000s ]
[ sql ] [ SQL ] SELECT `id`,`pid`,`title` FROM `my_column` WHERE  `status` = 1  AND `pid` = 1 [ RunTime:0.001000s ]
[ sql ] [ SQL ] SELECT `id`,`pid`,`title` FROM `my_column` WHERE  `status` = 1  AND `pid` = 9 [ RunTime:0.000000s ]
[ sql ] [ SQL ] SELECT `id`,`pid`,`title` FROM `my_column` WHERE  `status` = 1  AND `pid` = 10 [ RunTime:0.000000s ]
[ sql ] [ SQL ] SELECT `id`,`pid`,`title` FROM `my_column` WHERE  `status` = 1  AND `pid` = 11 [ RunTime:0.000000s ]
[ sql ] [ SQL ] SELECT `id`,`pid`,`title` FROM `my_column` WHERE  `status` = 1  AND `pid` = 2 [ RunTime:0.000000s ]
[ sql ] [ SQL ] SELECT `id`,`pid`,`title` FROM `my_column` WHERE  `status` = 1  AND `pid` = 12 [ RunTime:0.000000s ]
[ sql ] [ SQL ] SELECT `id`,`pid`,`title` FROM `my_column` WHERE  `status` = 1  AND `pid` = 13 [ RunTime:0.000000s ]
[ sql ] [ SQL ] SELECT `id`,`pid`,`title` FROM `my_column` WHERE  `status` = 1  AND `pid` = 3 [ RunTime:0.000000s ]
[ sql ] [ SQL ] SELECT `id`,`pid`,`title` FROM `my_column` WHERE  `status` = 1  AND `pid` = 14 [ RunTime:0.000000s ]
[ sql ] [ SQL ] SELECT `id`,`pid`,`title` FROM `my_column` WHERE  `status` = 1  AND `pid` = 15 [ RunTime:0.000000s ]
[ sql ] [ SQL ] SELECT `id`,`pid`,`title` FROM `my_column` WHERE  `status` = 1  AND `pid` = 4 [ RunTime:0.000000s ]
[ sql ] [ SQL ] SELECT `id`,`pid`,`title` FROM `my_column` WHERE  `status` = 1  AND `pid` = 16 [ RunTime:0.000000s ]
[ sql ] [ SQL ] SELECT `id`,`pid`,`title` FROM `my_column` WHERE  `status` = 1  AND `pid` = 17 [ RunTime:0.000000s ]
[ sql ] [ SQL ] SELECT `id`,`pid`,`title` FROM `my_column` WHERE  `status` = 1  AND `pid` = 18 [ RunTime:0.000000s ]
[ sql ] [ SQL ] SELECT `id`,`pid`,`title` FROM `my_column` WHERE  `status` = 1  AND `pid` = 5 [ RunTime:0.000000s ]
[ sql ] [ SQL ] SELECT `id`,`pid`,`title` FROM `my_column` WHERE  `status` = 1  AND `pid` = 19 [ RunTime:0.000000s ]
[ sql ] [ SQL ] SELECT `id`,`pid`,`title` FROM `my_column` WHERE  `status` = 1  AND `pid` = 20 [ RunTime:0.000000s ]
[ sql ] [ SQL ] SELECT `id`,`pid`,`title` FROM `my_column` WHERE  `status` = 1  AND `pid` = 6 [ RunTime:0.001000s ]
[ sql ] [ SQL ] SELECT `id`,`pid`,`title` FROM `my_column` WHERE  `status` = 1  AND `pid` = 21 [ RunTime:0.000000s ]
[ sql ] [ SQL ] SELECT `id`,`pid`,`title` FROM `my_column` WHERE  `status` = 1  AND `pid` = 22 [ RunTime:0.001000s ]
[ sql ] [ SQL ] SELECT `id`,`pid`,`title` FROM `my_column` WHERE  `status` = 1  AND `pid` = 23 [ RunTime:0.000000s ]
[ sql ] [ SQL ] SELECT `id`,`pid`,`title` FROM `my_column` WHERE  `status` = 1  AND `pid` = 7 [ RunTime:0.001000s ]
[ sql ] [ SQL ] SELECT `id`,`pid`,`title` FROM `my_column` WHERE  `status` = 1  AND `pid` = 24 [ RunTime:0.000000s ]
[ sql ] [ SQL ] SELECT `id`,`pid`,`title` FROM `my_column` WHERE  `status` = 1  AND `pid` = 25 [ RunTime:0.001000s ]
[ sql ] [ SQL ] SELECT `id`,`pid`,`title` FROM `my_column` WHERE  `status` = 1  AND `pid` = 26 [ RunTime:0.000000s ]
[ sql ] [ SQL ] SELECT `id`,`pid`,`title` FROM `my_column` WHERE  `status` = 1  AND `pid` = 8 [ RunTime:0.001000s ]
[ sql ] [ SQL ] SELECT `id`,`pid`,`title` FROM `my_column` WHERE  `status` = 1  AND `pid` = 27 [ RunTime:0.001000s ]
[ sql ] [ SQL ] SELECT `id`,`pid`,`title` FROM `my_column` WHERE  `status` = 1  AND `pid` = 28 [ RunTime:0.001000s ]
[ sql ] [ SQL ] SELECT `id`,`pid`,`title` FROM `my_column` WHERE  `status` = 1  AND `pid` = 29 [ RunTime:0.001000s ]
---------------------------------------------------------------
[2019-06-05T10:58:02+08:00] 127.0.0.1 GET www.tp5123.com/goods/id/9.html
[运行时间：0.083005s] [吞吐率：12.05req/s] [内存消耗：3,478.38kb] [文件加载：82]
[ info ] [ LANG ] E:\www\tp5\thinkphp\lang\zh-cn.php
[ info ] [ ROUTE ] array (
  'rule' => 'goods',
  'route' => 'goods/index',
  'option' => 
  array (
    'merge_rule_regex' => false,
  ),
  'var' => 
  array (
    'id' => '9',
  ),
)
[ info ] [ HEADER ] array (
  'host' => 'www.tp5123.com',
  'connection' => 'keep-alive',
  'upgrade-insecure-requests' => '1',
  'user-agent' => 'Mozilla/5.0 (Windows NT 6.1; Win64; x64) AppleWebKit/537.36 (KHTML, like Gecko) Chrome/73.0.3683.75 Safari/537.36',
  'accept' => 'text/html,application/xhtml+xml,application/xml;q=0.9,image/webp,image/apng,*/*;q=0.8,application/signed-exchange;v=b3',
  'referer' => 'http://www.tp5123.com/',
  'accept-encoding' => 'gzip, deflate',
  'accept-language' => 'zh-CN,zh;q=0.9',
  'cookie' => 'PHPSESSID=gijit70dpa4cdcq4ivi80qot25',
)
[ info ] [ PARAM ] array (
  'id' => '9',
)
[ info ] [ DB ] INIT mysql
[ info ] [ VIEW ] E:\www\tp5\/tpl/index/goods\index.html [ array (
  0 => 'id',
  1 => 'category',
  2 => 'count',
  3 => 'goods',
  4 => 'page',
) ]
[ sql ] [ DB ] CONNECT:[ UseTime:0.001000s ] mysql:host=127.0.0.1;dbname=tp5;charset=utf8
[ sql ] [ SQL ] SHOW COLUMNS FROM `my_column` [ RunTime:0.003001s ]
[ sql ] [ SQL ] SELECT `id`,`pid`,`title` FROM `my_column` WHERE  `status` = 1  AND `pid` = 0 [ RunTime:0.001000s ]
[ sql ] [ SQL ] SELECT `id`,`pid`,`title` FROM `my_column` WHERE  `status` = 1  AND `pid` = 1 [ RunTime:0.000000s ]
[ sql ] [ SQL ] SELECT `id`,`pid`,`title` FROM `my_column` WHERE  `status` = 1  AND `pid` = 9 [ RunTime:0.000000s ]
[ sql ] [ SQL ] SELECT `id`,`pid`,`title` FROM `my_column` WHERE  `status` = 1  AND `pid` = 10 [ RunTime:0.000000s ]
[ sql ] [ SQL ] SELECT `id`,`pid`,`title` FROM `my_column` WHERE  `status` = 1  AND `pid` = 11 [ RunTime:0.000000s ]
[ sql ] [ SQL ] SELECT `id`,`pid`,`title` FROM `my_column` WHERE  `status` = 1  AND `pid` = 2 [ RunTime:0.000000s ]
[ sql ] [ SQL ] SELECT `id`,`pid`,`title` FROM `my_column` WHERE  `status` = 1  AND `pid` = 12 [ RunTime:0.000000s ]
[ sql ] [ SQL ] SELECT `id`,`pid`,`title` FROM `my_column` WHERE  `status` = 1  AND `pid` = 13 [ RunTime:0.001000s ]
[ sql ] [ SQL ] SELECT `id`,`pid`,`title` FROM `my_column` WHERE  `status` = 1  AND `pid` = 3 [ RunTime:0.000000s ]
[ sql ] [ SQL ] SELECT `id`,`pid`,`title` FROM `my_column` WHERE  `status` = 1  AND `pid` = 14 [ RunTime:0.001000s ]
[ sql ] [ SQL ] SELECT `id`,`pid`,`title` FROM `my_column` WHERE  `status` = 1  AND `pid` = 15 [ RunTime:0.000000s ]
[ sql ] [ SQL ] SELECT `id`,`pid`,`title` FROM `my_column` WHERE  `status` = 1  AND `pid` = 4 [ RunTime:0.001000s ]
[ sql ] [ SQL ] SELECT `id`,`pid`,`title` FROM `my_column` WHERE  `status` = 1  AND `pid` = 16 [ RunTime:0.000000s ]
[ sql ] [ SQL ] SELECT `id`,`pid`,`title` FROM `my_column` WHERE  `status` = 1  AND `pid` = 17 [ RunTime:0.000000s ]
[ sql ] [ SQL ] SELECT `id`,`pid`,`title` FROM `my_column` WHERE  `status` = 1  AND `pid` = 18 [ RunTime:0.000000s ]
[ sql ] [ SQL ] SELECT `id`,`pid`,`title` FROM `my_column` WHERE  `status` = 1  AND `pid` = 5 [ RunTime:0.001000s ]
[ sql ] [ SQL ] SELECT `id`,`pid`,`title` FROM `my_column` WHERE  `status` = 1  AND `pid` = 19 [ RunTime:0.000000s ]
[ sql ] [ SQL ] SELECT `id`,`pid`,`title` FROM `my_column` WHERE  `status` = 1  AND `pid` = 20 [ RunTime:0.001000s ]
[ sql ] [ SQL ] SELECT `id`,`pid`,`title` FROM `my_column` WHERE  `status` = 1  AND `pid` = 6 [ RunTime:0.000000s ]
[ sql ] [ SQL ] SELECT `id`,`pid`,`title` FROM `my_column` WHERE  `status` = 1  AND `pid` = 21 [ RunTime:0.001000s ]
[ sql ] [ SQL ] SELECT `id`,`pid`,`title` FROM `my_column` WHERE  `status` = 1  AND `pid` = 22 [ RunTime:0.000000s ]
[ sql ] [ SQL ] SELECT `id`,`pid`,`title` FROM `my_column` WHERE  `status` = 1  AND `pid` = 23 [ RunTime:0.001000s ]
[ sql ] [ SQL ] SELECT `id`,`pid`,`title` FROM `my_column` WHERE  `status` = 1  AND `pid` = 7 [ RunTime:0.000000s ]
[ sql ] [ SQL ] SELECT `id`,`pid`,`title` FROM `my_column` WHERE  `status` = 1  AND `pid` = 24 [ RunTime:0.001000s ]
[ sql ] [ SQL ] SELECT `id`,`pid`,`title` FROM `my_column` WHERE  `status` = 1  AND `pid` = 25 [ RunTime:0.004001s ]
[ sql ] [ SQL ] SELECT `id`,`pid`,`title` FROM `my_column` WHERE  `status` = 1  AND `pid` = 26 [ RunTime:0.000000s ]
[ sql ] [ SQL ] SELECT `id`,`pid`,`title` FROM `my_column` WHERE  `status` = 1  AND `pid` = 8 [ RunTime:0.000000s ]
[ sql ] [ SQL ] SELECT `id`,`pid`,`title` FROM `my_column` WHERE  `status` = 1  AND `pid` = 27 [ RunTime:0.000000s ]
[ sql ] [ SQL ] SELECT `id`,`pid`,`title` FROM `my_column` WHERE  `status` = 1  AND `pid` = 28 [ RunTime:0.000000s ]
[ sql ] [ SQL ] SELECT `id`,`pid`,`title` FROM `my_column` WHERE  `status` = 1  AND `pid` = 29 [ RunTime:0.000000s ]
[ sql ] [ SQL ] SHOW COLUMNS FROM `my_detail` [ RunTime:0.005000s ]
[ sql ] [ SQL ] SELECT COUNT(*) AS tp_count FROM `my_detail` `d` LEFT JOIN `my_column` `c` ON `d`.`cid`=`c`.`id` WHERE  `d`.`cid` = '9' [ RunTime:0.000000s ]
[ sql ] [ SQL ] SELECT `d`.`id`,`d`.`name`,`d`.`keyword`,`d`.`description`,`d`.`img`,`d`.`sum`,`d`.`price`,`d`.`payman`,`d`.`sort`,`d`.`status`,`c`.`title` FROM `my_detail` `d` LEFT JOIN `my_column` `c` ON `d`.`cid`=`c`.`id` WHERE  `d`.`cid` = '9' LIMIT 0,1 [ RunTime:0.000000s ]
---------------------------------------------------------------
[2019-06-05T10:58:05+08:00] 127.0.0.1 GET www.tp5123.com/goods.html
[运行时间：0.074004s] [吞吐率：13.51req/s] [内存消耗：3,493.72kb] [文件加载：82]
[ info ] [ LANG ] E:\www\tp5\thinkphp\lang\zh-cn.php
[ info ] [ ROUTE ] array (
  'rule' => 'goods',
  'route' => 'goods/index',
  'option' => 
  array (
    'merge_rule_regex' => false,
  ),
  'var' => 
  array (
  ),
)
[ info ] [ HEADER ] array (
  'host' => 'www.tp5123.com',
  'connection' => 'keep-alive',
  'upgrade-insecure-requests' => '1',
  'user-agent' => 'Mozilla/5.0 (Windows NT 6.1; Win64; x64) AppleWebKit/537.36 (KHTML, like Gecko) Chrome/73.0.3683.75 Safari/537.36',
  'accept' => 'text/html,application/xhtml+xml,application/xml;q=0.9,image/webp,image/apng,*/*;q=0.8,application/signed-exchange;v=b3',
  'referer' => 'http://www.tp5123.com/goods/id/9.html',
  'accept-encoding' => 'gzip, deflate',
  'accept-language' => 'zh-CN,zh;q=0.9',
  'cookie' => 'PHPSESSID=gijit70dpa4cdcq4ivi80qot25',
)
[ info ] [ PARAM ] array (
)
[ info ] [ DB ] INIT mysql
[ info ] [ VIEW ] E:\www\tp5\/tpl/index/goods\index.html [ array (
  0 => 'id',
  1 => 'category',
  2 => 'count',
  3 => 'goods',
  4 => 'page',
) ]
[ sql ] [ DB ] CONNECT:[ UseTime:0.000000s ] mysql:host=127.0.0.1;dbname=tp5;charset=utf8
[ sql ] [ SQL ] SHOW COLUMNS FROM `my_column` [ RunTime:0.003000s ]
[ sql ] [ SQL ] SELECT `id`,`pid`,`title` FROM `my_column` WHERE  `status` = 1  AND `pid` = 0 [ RunTime:0.000000s ]
[ sql ] [ SQL ] SELECT `id`,`pid`,`title` FROM `my_column` WHERE  `status` = 1  AND `pid` = 1 [ RunTime:0.000000s ]
[ sql ] [ SQL ] SELECT `id`,`pid`,`title` FROM `my_column` WHERE  `status` = 1  AND `pid` = 9 [ RunTime:0.001000s ]
[ sql ] [ SQL ] SELECT `id`,`pid`,`title` FROM `my_column` WHERE  `status` = 1  AND `pid` = 10 [ RunTime:0.000000s ]
[ sql ] [ SQL ] SELECT `id`,`pid`,`title` FROM `my_column` WHERE  `status` = 1  AND `pid` = 11 [ RunTime:0.000000s ]
[ sql ] [ SQL ] SELECT `id`,`pid`,`title` FROM `my_column` WHERE  `status` = 1  AND `pid` = 2 [ RunTime:0.000000s ]
[ sql ] [ SQL ] SELECT `id`,`pid`,`title` FROM `my_column` WHERE  `status` = 1  AND `pid` = 12 [ RunTime:0.000000s ]
[ sql ] [ SQL ] SELECT `id`,`pid`,`title` FROM `my_column` WHERE  `status` = 1  AND `pid` = 13 [ RunTime:0.000000s ]
[ sql ] [ SQL ] SELECT `id`,`pid`,`title` FROM `my_column` WHERE  `status` = 1  AND `pid` = 3 [ RunTime:0.000000s ]
[ sql ] [ SQL ] SELECT `id`,`pid`,`title` FROM `my_column` WHERE  `status` = 1  AND `pid` = 14 [ RunTime:0.000000s ]
[ sql ] [ SQL ] SELECT `id`,`pid`,`title` FROM `my_column` WHERE  `status` = 1  AND `pid` = 15 [ RunTime:0.001000s ]
[ sql ] [ SQL ] SELECT `id`,`pid`,`title` FROM `my_column` WHERE  `status` = 1  AND `pid` = 4 [ RunTime:0.000000s ]
[ sql ] [ SQL ] SELECT `id`,`pid`,`title` FROM `my_column` WHERE  `status` = 1  AND `pid` = 16 [ RunTime:0.000000s ]
[ sql ] [ SQL ] SELECT `id`,`pid`,`title` FROM `my_column` WHERE  `status` = 1  AND `pid` = 17 [ RunTime:0.001000s ]
[ sql ] [ SQL ] SELECT `id`,`pid`,`title` FROM `my_column` WHERE  `status` = 1  AND `pid` = 18 [ RunTime:0.000000s ]
[ sql ] [ SQL ] SELECT `id`,`pid`,`title` FROM `my_column` WHERE  `status` = 1  AND `pid` = 5 [ RunTime:0.001000s ]
[ sql ] [ SQL ] SELECT `id`,`pid`,`title` FROM `my_column` WHERE  `status` = 1  AND `pid` = 19 [ RunTime:0.000000s ]
[ sql ] [ SQL ] SELECT `id`,`pid`,`title` FROM `my_column` WHERE  `status` = 1  AND `pid` = 20 [ RunTime:0.001000s ]
[ sql ] [ SQL ] SELECT `id`,`pid`,`title` FROM `my_column` WHERE  `status` = 1  AND `pid` = 6 [ RunTime:0.001000s ]
[ sql ] [ SQL ] SELECT `id`,`pid`,`title` FROM `my_column` WHERE  `status` = 1  AND `pid` = 21 [ RunTime:0.000000s ]
[ sql ] [ SQL ] SELECT `id`,`pid`,`title` FROM `my_column` WHERE  `status` = 1  AND `pid` = 22 [ RunTime:0.000000s ]
[ sql ] [ SQL ] SELECT `id`,`pid`,`title` FROM `my_column` WHERE  `status` = 1  AND `pid` = 23 [ RunTime:0.000000s ]
[ sql ] [ SQL ] SELECT `id`,`pid`,`title` FROM `my_column` WHERE  `status` = 1  AND `pid` = 7 [ RunTime:0.000000s ]
[ sql ] [ SQL ] SELECT `id`,`pid`,`title` FROM `my_column` WHERE  `status` = 1  AND `pid` = 24 [ RunTime:0.000000s ]
[ sql ] [ SQL ] SELECT `id`,`pid`,`title` FROM `my_column` WHERE  `status` = 1  AND `pid` = 25 [ RunTime:0.000000s ]
[ sql ] [ SQL ] SELECT `id`,`pid`,`title` FROM `my_column` WHERE  `status` = 1  AND `pid` = 26 [ RunTime:0.000000s ]
[ sql ] [ SQL ] SELECT `id`,`pid`,`title` FROM `my_column` WHERE  `status` = 1  AND `pid` = 8 [ RunTime:0.001000s ]
[ sql ] [ SQL ] SELECT `id`,`pid`,`title` FROM `my_column` WHERE  `status` = 1  AND `pid` = 27 [ RunTime:0.000000s ]
[ sql ] [ SQL ] SELECT `id`,`pid`,`title` FROM `my_column` WHERE  `status` = 1  AND `pid` = 28 [ RunTime:0.001000s ]
[ sql ] [ SQL ] SELECT `id`,`pid`,`title` FROM `my_column` WHERE  `status` = 1  AND `pid` = 29 [ RunTime:0.000000s ]
[ sql ] [ SQL ] SHOW COLUMNS FROM `my_detail` [ RunTime:0.003000s ]
[ sql ] [ SQL ] SELECT COUNT(*) AS tp_count FROM `my_detail` `d` LEFT JOIN `my_column` `c` ON `d`.`cid`=`c`.`id` [ RunTime:0.001000s ]
[ sql ] [ SQL ] SELECT `d`.`id`,`d`.`name`,`d`.`keyword`,`d`.`description`,`d`.`img`,`d`.`sum`,`d`.`price`,`d`.`payman`,`d`.`sort`,`d`.`status`,`c`.`title` FROM `my_detail` `d` LEFT JOIN `my_column` `c` ON `d`.`cid`=`c`.`id` LIMIT 0,15 [ RunTime:0.000000s ]
---------------------------------------------------------------
[2019-06-05T10:58:08+08:00] 127.0.0.1 GET www.tp5123.com/details/3.html
[运行时间：0.069004s] [吞吐率：14.49req/s] [内存消耗：3,375.11kb] [文件加载：83]
[ info ] [ LANG ] E:\www\tp5\thinkphp\lang\zh-cn.php
[ info ] [ ROUTE ] array (
  'rule' => 'details/<id>',
  'route' => 'goods/details',
  'option' => 
  array (
    'merge_rule_regex' => false,
  ),
  'var' => 
  array (
    'id' => '3',
  ),
)
[ info ] [ HEADER ] array (
  'host' => 'www.tp5123.com',
  'connection' => 'keep-alive',
  'upgrade-insecure-requests' => '1',
  'user-agent' => 'Mozilla/5.0 (Windows NT 6.1; Win64; x64) AppleWebKit/537.36 (KHTML, like Gecko) Chrome/73.0.3683.75 Safari/537.36',
  'accept' => 'text/html,application/xhtml+xml,application/xml;q=0.9,image/webp,image/apng,*/*;q=0.8,application/signed-exchange;v=b3',
  'referer' => 'http://www.tp5123.com/goods.html',
  'accept-encoding' => 'gzip, deflate',
  'accept-language' => 'zh-CN,zh;q=0.9',
  'cookie' => 'PHPSESSID=gijit70dpa4cdcq4ivi80qot25',
)
[ info ] [ PARAM ] array (
  'id' => '3',
)
[ info ] [ DB ] INIT mysql
[ info ] [ VIEW ] E:\www\tp5\/tpl/index/goods\details.html [ array (
  0 => 'rescloumn',
  1 => 'res',
) ]
[ sql ] [ DB ] CONNECT:[ UseTime:0.010001s ] mysql:host=127.0.0.1;dbname=tp5;charset=utf8
[ sql ] [ SQL ] SHOW COLUMNS FROM `my_detail` [ RunTime:0.004000s ]
[ sql ] [ SQL ] SELECT COUNT(*) AS tp_count FROM `my_detail` `d` LEFT JOIN `my_column` `c` ON `d`.`cid`=`c`.`id` WHERE  `d`.`cid` = '3' [ RunTime:0.000000s ]
[ sql ] [ SQL ] SELECT `d`.`id`,`d`.`name`,`d`.`keyword`,`d`.`description`,`d`.`img`,`d`.`sum`,`d`.`price`,`d`.`payman`,`d`.`sort`,`d`.`status`,`c`.`title` FROM `my_detail` `d` LEFT JOIN `my_column` `c` ON `d`.`cid`=`c`.`id` WHERE  `d`.`cid` = '3' LIMIT 0,1 [ RunTime:0.000000s ]
[ sql ] [ SQL ] SELECT `d`.`id`,`d`.`name`,`d`.`keyword`,`d`.`description`,`d`.`content`,`d`.`img`,`d`.`sum`,`d`.`price`,`d`.`payman`,`d`.`sort`,`d`.`status`,`c`.`title` FROM `my_detail` `d` LEFT JOIN `my_column` `c` ON `d`.`cid`=`c`.`id` WHERE  `d`.`id` = '3' LIMIT 1 [ RunTime:0.001000s ]
