---------------------------------------------------------------
[2019-06-11T11:25:15+08:00] 127.0.0.1 GET www.tp5123.com/
[运行时间：0.284016s] [吞吐率：3.52req/s] [内存消耗：3,340.79kb] [文件加载：79]
[ info ] [ LANG ] E:\www\tp5\thinkphp\lang\zh-cn.php
[ info ] [ ROUTE ] array (
  'rule' => '',
  'route' => 'index/index',
  'option' => 
  array (
    'merge_rule_regex' => false,
    'complete_match' => true,
  ),
  'var' => 
  array (
  ),
)
[ info ] [ HEADER ] array (
  'host' => 'www.tp5123.com',
  'connection' => 'keep-alive',
  'upgrade-insecure-requests' => '1',
  'user-agent' => 'Mozilla/5.0 (Windows NT 6.1; Win64; x64) AppleWebKit/537.36 (KHTML, like Gecko) Chrome/75.0.3770.80 Safari/537.36',
  'accept' => 'text/html,application/xhtml+xml,application/xml;q=0.9,image/webp,image/apng,*/*;q=0.8,application/signed-exchange;v=b3',
  'accept-encoding' => 'gzip, deflate',
  'accept-language' => 'zh-CN,zh;q=0.9',
)
[ info ] [ PARAM ] array (
)
[ info ] [ DB ] INIT mysql
[ info ] [ VIEW ] E:\www\tp5\/tpl/index/index\index.html [ array (
  0 => 'result',
) ]
[ sql ] [ DB ] CONNECT:[ UseTime:0.056003s ] mysql:host=127.0.0.1;dbname=tp5;charset=utf8
[ sql ] [ SQL ] SHOW COLUMNS FROM `my_column` [ RunTime:0.076004s ]
[ sql ] [ SQL ] SELECT `id`,`pid`,`title` FROM `my_column` WHERE  `status` = 1  AND `pid` = 0 [ RunTime:0.006001s ]
[ sql ] [ SQL ] SELECT `id`,`pid`,`title` FROM `my_column` WHERE  `status` = 1  AND `pid` = 1 [ RunTime:0.001000s ]
[ sql ] [ SQL ] SELECT `id`,`pid`,`title` FROM `my_column` WHERE  `status` = 1  AND `pid` = 9 [ RunTime:0.001000s ]
[ sql ] [ SQL ] SELECT `id`,`pid`,`title` FROM `my_column` WHERE  `status` = 1  AND `pid` = 10 [ RunTime:0.001000s ]
[ sql ] [ SQL ] SELECT `id`,`pid`,`title` FROM `my_column` WHERE  `status` = 1  AND `pid` = 11 [ RunTime:0.001000s ]
[ sql ] [ SQL ] SELECT `id`,`pid`,`title` FROM `my_column` WHERE  `status` = 1  AND `pid` = 2 [ RunTime:0.001000s ]
[ sql ] [ SQL ] SELECT `id`,`pid`,`title` FROM `my_column` WHERE  `status` = 1  AND `pid` = 12 [ RunTime:0.000000s ]
[ sql ] [ SQL ] SELECT `id`,`pid`,`title` FROM `my_column` WHERE  `status` = 1  AND `pid` = 13 [ RunTime:0.000000s ]
[ sql ] [ SQL ] SELECT `id`,`pid`,`title` FROM `my_column` WHERE  `status` = 1  AND `pid` = 3 [ RunTime:0.000000s ]
[ sql ] [ SQL ] SELECT `id`,`pid`,`title` FROM `my_column` WHERE  `status` = 1  AND `pid` = 14 [ RunTime:0.001000s ]
[ sql ] [ SQL ] SELECT `id`,`pid`,`title` FROM `my_column` WHERE  `status` = 1  AND `pid` = 15 [ RunTime:0.001000s ]
[ sql ] [ SQL ] SELECT `id`,`pid`,`title` FROM `my_column` WHERE  `status` = 1  AND `pid` = 4 [ RunTime:0.001000s ]
[ sql ] [ SQL ] SELECT `id`,`pid`,`title` FROM `my_column` WHERE  `status` = 1  AND `pid` = 16 [ RunTime:0.001000s ]
[ sql ] [ SQL ] SELECT `id`,`pid`,`title` FROM `my_column` WHERE  `status` = 1  AND `pid` = 17 [ RunTime:0.001000s ]
[ sql ] [ SQL ] SELECT `id`,`pid`,`title` FROM `my_column` WHERE  `status` = 1  AND `pid` = 18 [ RunTime:0.000000s ]
[ sql ] [ SQL ] SELECT `id`,`pid`,`title` FROM `my_column` WHERE  `status` = 1  AND `pid` = 5 [ RunTime:0.000000s ]
[ sql ] [ SQL ] SELECT `id`,`pid`,`title` FROM `my_column` WHERE  `status` = 1  AND `pid` = 19 [ RunTime:0.000000s ]
[ sql ] [ SQL ] SELECT `id`,`pid`,`title` FROM `my_column` WHERE  `status` = 1  AND `pid` = 20 [ RunTime:0.000000s ]
[ sql ] [ SQL ] SELECT `id`,`pid`,`title` FROM `my_column` WHERE  `status` = 1  AND `pid` = 6 [ RunTime:0.001000s ]
[ sql ] [ SQL ] SELECT `id`,`pid`,`title` FROM `my_column` WHERE  `status` = 1  AND `pid` = 21 [ RunTime:0.001000s ]
[ sql ] [ SQL ] SELECT `id`,`pid`,`title` FROM `my_column` WHERE  `status` = 1  AND `pid` = 22 [ RunTime:0.000000s ]
[ sql ] [ SQL ] SELECT `id`,`pid`,`title` FROM `my_column` WHERE  `status` = 1  AND `pid` = 23 [ RunTime:0.000000s ]
[ sql ] [ SQL ] SELECT `id`,`pid`,`title` FROM `my_column` WHERE  `status` = 1  AND `pid` = 7 [ RunTime:0.000000s ]
[ sql ] [ SQL ] SELECT `id`,`pid`,`title` FROM `my_column` WHERE  `status` = 1  AND `pid` = 24 [ RunTime:0.000000s ]
[ sql ] [ SQL ] SELECT `id`,`pid`,`title` FROM `my_column` WHERE  `status` = 1  AND `pid` = 25 [ RunTime:0.000000s ]
[ sql ] [ SQL ] SELECT `id`,`pid`,`title` FROM `my_column` WHERE  `status` = 1  AND `pid` = 26 [ RunTime:0.000000s ]
[ sql ] [ SQL ] SELECT `id`,`pid`,`title` FROM `my_column` WHERE  `status` = 1  AND `pid` = 8 [ RunTime:0.001000s ]
[ sql ] [ SQL ] SELECT `id`,`pid`,`title` FROM `my_column` WHERE  `status` = 1  AND `pid` = 27 [ RunTime:0.001000s ]
[ sql ] [ SQL ] SELECT `id`,`pid`,`title` FROM `my_column` WHERE  `status` = 1  AND `pid` = 28 [ RunTime:0.001000s ]
[ sql ] [ SQL ] SELECT `id`,`pid`,`title` FROM `my_column` WHERE  `status` = 1  AND `pid` = 29 [ RunTime:0.001000s ]
---------------------------------------------------------------
[2019-06-11T11:25:17+08:00] 127.0.0.1 GET www.tp5123.com/goods/id/9.html
[运行时间：0.106006s] [吞吐率：9.43req/s] [内存消耗：3,478.02kb] [文件加载：82]
[ info ] [ LANG ] E:\www\tp5\thinkphp\lang\zh-cn.php
[ info ] [ ROUTE ] array (
  'rule' => 'goods',
  'route' => 'goods/index',
  'option' => 
  array (
    'merge_rule_regex' => false,
  ),
  'var' => 
  array (
    'id' => '9',
  ),
)
[ info ] [ HEADER ] array (
  'host' => 'www.tp5123.com',
  'connection' => 'keep-alive',
  'upgrade-insecure-requests' => '1',
  'user-agent' => 'Mozilla/5.0 (Windows NT 6.1; Win64; x64) AppleWebKit/537.36 (KHTML, like Gecko) Chrome/75.0.3770.80 Safari/537.36',
  'accept' => 'text/html,application/xhtml+xml,application/xml;q=0.9,image/webp,image/apng,*/*;q=0.8,application/signed-exchange;v=b3',
  'referer' => 'http://www.tp5123.com/',
  'accept-encoding' => 'gzip, deflate',
  'accept-language' => 'zh-CN,zh;q=0.9',
)
[ info ] [ PARAM ] array (
  'id' => '9',
)
[ info ] [ DB ] INIT mysql
[ info ] [ VIEW ] E:\www\tp5\/tpl/index/goods\index.html [ array (
  0 => 'id',
  1 => 'category',
  2 => 'count',
  3 => 'goods',
  4 => 'page',
) ]
[ sql ] [ DB ] CONNECT:[ UseTime:0.011000s ] mysql:host=127.0.0.1;dbname=tp5;charset=utf8
[ sql ] [ SQL ] SHOW COLUMNS FROM `my_column` [ RunTime:0.004001s ]
[ sql ] [ SQL ] SELECT `id`,`pid`,`title` FROM `my_column` WHERE  `status` = 1  AND `pid` = 0 [ RunTime:0.000000s ]
[ sql ] [ SQL ] SELECT `id`,`pid`,`title` FROM `my_column` WHERE  `status` = 1  AND `pid` = 1 [ RunTime:0.000000s ]
[ sql ] [ SQL ] SELECT `id`,`pid`,`title` FROM `my_column` WHERE  `status` = 1  AND `pid` = 9 [ RunTime:0.000000s ]
[ sql ] [ SQL ] SELECT `id`,`pid`,`title` FROM `my_column` WHERE  `status` = 1  AND `pid` = 10 [ RunTime:0.001000s ]
[ sql ] [ SQL ] SELECT `id`,`pid`,`title` FROM `my_column` WHERE  `status` = 1  AND `pid` = 11 [ RunTime:0.000000s ]
[ sql ] [ SQL ] SELECT `id`,`pid`,`title` FROM `my_column` WHERE  `status` = 1  AND `pid` = 2 [ RunTime:0.001000s ]
[ sql ] [ SQL ] SELECT `id`,`pid`,`title` FROM `my_column` WHERE  `status` = 1  AND `pid` = 12 [ RunTime:0.000000s ]
[ sql ] [ SQL ] SELECT `id`,`pid`,`title` FROM `my_column` WHERE  `status` = 1  AND `pid` = 13 [ RunTime:0.001000s ]
[ sql ] [ SQL ] SELECT `id`,`pid`,`title` FROM `my_column` WHERE  `status` = 1  AND `pid` = 3 [ RunTime:0.000000s ]
[ sql ] [ SQL ] SELECT `id`,`pid`,`title` FROM `my_column` WHERE  `status` = 1  AND `pid` = 14 [ RunTime:0.001000s ]
[ sql ] [ SQL ] SELECT `id`,`pid`,`title` FROM `my_column` WHERE  `status` = 1  AND `pid` = 15 [ RunTime:0.000000s ]
[ sql ] [ SQL ] SELECT `id`,`pid`,`title` FROM `my_column` WHERE  `status` = 1  AND `pid` = 4 [ RunTime:0.001000s ]
[ sql ] [ SQL ] SELECT `id`,`pid`,`title` FROM `my_column` WHERE  `status` = 1  AND `pid` = 16 [ RunTime:0.000000s ]
[ sql ] [ SQL ] SELECT `id`,`pid`,`title` FROM `my_column` WHERE  `status` = 1  AND `pid` = 17 [ RunTime:0.001000s ]
[ sql ] [ SQL ] SELECT `id`,`pid`,`title` FROM `my_column` WHERE  `status` = 1  AND `pid` = 18 [ RunTime:0.000000s ]
[ sql ] [ SQL ] SELECT `id`,`pid`,`title` FROM `my_column` WHERE  `status` = 1  AND `pid` = 5 [ RunTime:0.001000s ]
[ sql ] [ SQL ] SELECT `id`,`pid`,`title` FROM `my_column` WHERE  `status` = 1  AND `pid` = 19 [ RunTime:0.000000s ]
[ sql ] [ SQL ] SELECT `id`,`pid`,`title` FROM `my_column` WHERE  `status` = 1  AND `pid` = 20 [ RunTime:0.001000s ]
[ sql ] [ SQL ] SELECT `id`,`pid`,`title` FROM `my_column` WHERE  `status` = 1  AND `pid` = 6 [ RunTime:0.000000s ]
[ sql ] [ SQL ] SELECT `id`,`pid`,`title` FROM `my_column` WHERE  `status` = 1  AND `pid` = 21 [ RunTime:0.000000s ]
[ sql ] [ SQL ] SELECT `id`,`pid`,`title` FROM `my_column` WHERE  `status` = 1  AND `pid` = 22 [ RunTime:0.000000s ]
[ sql ] [ SQL ] SELECT `id`,`pid`,`title` FROM `my_column` WHERE  `status` = 1  AND `pid` = 23 [ RunTime:0.000000s ]
[ sql ] [ SQL ] SELECT `id`,`pid`,`title` FROM `my_column` WHERE  `status` = 1  AND `pid` = 7 [ RunTime:0.000000s ]
[ sql ] [ SQL ] SELECT `id`,`pid`,`title` FROM `my_column` WHERE  `status` = 1  AND `pid` = 24 [ RunTime:0.001000s ]
[ sql ] [ SQL ] SELECT `id`,`pid`,`title` FROM `my_column` WHERE  `status` = 1  AND `pid` = 25 [ RunTime:0.000000s ]
[ sql ] [ SQL ] SELECT `id`,`pid`,`title` FROM `my_column` WHERE  `status` = 1  AND `pid` = 26 [ RunTime:0.000000s ]
[ sql ] [ SQL ] SELECT `id`,`pid`,`title` FROM `my_column` WHERE  `status` = 1  AND `pid` = 8 [ RunTime:0.000000s ]
[ sql ] [ SQL ] SELECT `id`,`pid`,`title` FROM `my_column` WHERE  `status` = 1  AND `pid` = 27 [ RunTime:0.000000s ]
[ sql ] [ SQL ] SELECT `id`,`pid`,`title` FROM `my_column` WHERE  `status` = 1  AND `pid` = 28 [ RunTime:0.000000s ]
[ sql ] [ SQL ] SELECT `id`,`pid`,`title` FROM `my_column` WHERE  `status` = 1  AND `pid` = 29 [ RunTime:0.000000s ]
[ sql ] [ SQL ] SHOW COLUMNS FROM `my_detail` [ RunTime:0.007000s ]
[ sql ] [ SQL ] SELECT COUNT(*) AS tp_count FROM `my_detail` `d` LEFT JOIN `my_column` `c` ON `d`.`cid`=`c`.`id` WHERE  `d`.`cid` = '9' [ RunTime:0.002000s ]
[ sql ] [ SQL ] SELECT `d`.`id`,`d`.`name`,`d`.`keyword`,`d`.`description`,`d`.`img`,`d`.`sum`,`d`.`price`,`d`.`payman`,`d`.`sort`,`d`.`status`,`c`.`title` FROM `my_detail` `d` LEFT JOIN `my_column` `c` ON `d`.`cid`=`c`.`id` WHERE  `d`.`cid` = '9' LIMIT 0,1 [ RunTime:0.002001s ]
---------------------------------------------------------------
[2019-06-11T11:25:20+08:00] 127.0.0.1 GET www.tp5123.com/details/3.html
[运行时间：0.064004s] [吞吐率：15.62req/s] [内存消耗：3,374.96kb] [文件加载：83]
[ info ] [ LANG ] E:\www\tp5\thinkphp\lang\zh-cn.php
[ info ] [ ROUTE ] array (
  'rule' => 'details/<id>',
  'route' => 'goods/details',
  'option' => 
  array (
    'merge_rule_regex' => false,
  ),
  'var' => 
  array (
    'id' => '3',
  ),
)
[ info ] [ HEADER ] array (
  'host' => 'www.tp5123.com',
  'connection' => 'keep-alive',
  'upgrade-insecure-requests' => '1',
  'user-agent' => 'Mozilla/5.0 (Windows NT 6.1; Win64; x64) AppleWebKit/537.36 (KHTML, like Gecko) Chrome/75.0.3770.80 Safari/537.36',
  'accept' => 'text/html,application/xhtml+xml,application/xml;q=0.9,image/webp,image/apng,*/*;q=0.8,application/signed-exchange;v=b3',
  'referer' => 'http://www.tp5123.com/goods/id/9.html',
  'accept-encoding' => 'gzip, deflate',
  'accept-language' => 'zh-CN,zh;q=0.9',
)
[ info ] [ PARAM ] array (
  'id' => '3',
)
[ info ] [ DB ] INIT mysql
[ info ] [ VIEW ] E:\www\tp5\/tpl/index/goods\details.html [ array (
  0 => 'rescloumn',
  1 => 'res',
) ]
[ sql ] [ DB ] CONNECT:[ UseTime:0.001000s ] mysql:host=127.0.0.1;dbname=tp5;charset=utf8
[ sql ] [ SQL ] SHOW COLUMNS FROM `my_detail` [ RunTime:0.004000s ]
[ sql ] [ SQL ] SELECT COUNT(*) AS tp_count FROM `my_detail` `d` LEFT JOIN `my_column` `c` ON `d`.`cid`=`c`.`id` WHERE  `d`.`cid` = '3' [ RunTime:0.001000s ]
[ sql ] [ SQL ] SELECT `d`.`id`,`d`.`name`,`d`.`keyword`,`d`.`description`,`d`.`img`,`d`.`sum`,`d`.`price`,`d`.`payman`,`d`.`sort`,`d`.`status`,`c`.`title` FROM `my_detail` `d` LEFT JOIN `my_column` `c` ON `d`.`cid`=`c`.`id` WHERE  `d`.`cid` = '3' LIMIT 0,1 [ RunTime:0.000000s ]
[ sql ] [ SQL ] SELECT `d`.`id`,`d`.`name`,`d`.`keyword`,`d`.`description`,`d`.`content`,`d`.`img`,`d`.`sum`,`d`.`price`,`d`.`payman`,`d`.`sort`,`d`.`status`,`c`.`title` FROM `my_detail` `d` LEFT JOIN `my_column` `c` ON `d`.`cid`=`c`.`id` WHERE  `d`.`id` = '3' LIMIT 1 [ RunTime:0.001000s ]
---------------------------------------------------------------
[2019-06-11T11:25:28+08:00] 127.0.0.1 GET www.tp5123.com/admin
[运行时间：0.058003s] [吞吐率：17.24req/s] [内存消耗：2,209.17kb] [文件加载：73]
[ info ] [ LANG ] E:\www\tp5\thinkphp\lang\zh-cn.php
[ info ] [ ROUTE ] array (
)
[ info ] [ HEADER ] array (
  'host' => 'www.tp5123.com',
  'connection' => 'keep-alive',
  'upgrade-insecure-requests' => '1',
  'user-agent' => 'Mozilla/5.0 (Windows NT 6.1; Win64; x64) AppleWebKit/537.36 (KHTML, like Gecko) Chrome/75.0.3770.80 Safari/537.36',
  'accept' => 'text/html,application/xhtml+xml,application/xml;q=0.9,image/webp,image/apng,*/*;q=0.8,application/signed-exchange;v=b3',
  'accept-encoding' => 'gzip, deflate',
  'accept-language' => 'zh-CN,zh;q=0.9',
  'cookie' => 'PHPSESSID=7vtq20gc9ebkp8ba4m163l8pj0',
)
[ info ] [ PARAM ] array (
)
[ info ] [ VIEW ] E:\www\tp5\/tpl/admin/login\login.html [ array (
) ]
---------------------------------------------------------------
[2019-06-11T11:25:33+08:00] 127.0.0.1 POST www.tp5123.com/admin/login/login.html
[运行时间：0.064004s] [吞吐率：15.62req/s] [内存消耗：3,140.13kb] [文件加载：77]
[ info ] [ LANG ] E:\www\tp5\thinkphp\lang\zh-cn.php
[ info ] [ ROUTE ] array (
)
[ info ] [ HEADER ] array (
  'host' => 'www.tp5123.com',
  'connection' => 'keep-alive',
  'content-length' => '0',
  'accept' => 'application/json, text/javascript, */*; q=0.01',
  'origin' => 'http://www.tp5123.com',
  'x-requested-with' => 'XMLHttpRequest',
  'user-agent' => 'Mozilla/5.0 (Windows NT 6.1; Win64; x64) AppleWebKit/537.36 (KHTML, like Gecko) Chrome/75.0.3770.80 Safari/537.36',
  'referer' => 'http://www.tp5123.com/admin',
  'accept-encoding' => 'gzip, deflate',
  'accept-language' => 'zh-CN,zh;q=0.9',
  'cookie' => 'PHPSESSID=7vtq20gc9ebkp8ba4m163l8pj0',
)
[ info ] [ PARAM ] array (
)
[ info ] [ DB ] INIT mysql
[ sql ] [ DB ] CONNECT:[ UseTime:0.000000s ] mysql:host=127.0.0.1;dbname=tp5;charset=utf8
[ sql ] [ SQL ] SHOW COLUMNS FROM `my_admin_user` [ RunTime:0.009001s ]
[ sql ] [ SQL ] SELECT * FROM `my_admin_user` WHERE  `name` IS NULL LIMIT 1 [ RunTime:0.001000s ]
---------------------------------------------------------------
[2019-06-11T11:25:33+08:00] 127.0.0.1 POST www.tp5123.com/admin
[运行时间：0.096005s] [吞吐率：10.42req/s] [内存消耗：3,214.79kb] [文件加载：80]
[ info ] [ LANG ] E:\www\tp5\thinkphp\lang\zh-cn.php
[ info ] [ ROUTE ] array (
)
[ info ] [ HEADER ] array (
  'host' => 'www.tp5123.com',
  'connection' => 'keep-alive',
  'content-length' => '23',
  'cache-control' => 'max-age=0',
  'origin' => 'http://www.tp5123.com',
  'upgrade-insecure-requests' => '1',
  'content-type' => 'application/x-www-form-urlencoded',
  'user-agent' => 'Mozilla/5.0 (Windows NT 6.1; Win64; x64) AppleWebKit/537.36 (KHTML, like Gecko) Chrome/75.0.3770.80 Safari/537.36',
  'accept' => 'text/html,application/xhtml+xml,application/xml;q=0.9,image/webp,image/apng,*/*;q=0.8,application/signed-exchange;v=b3',
  'referer' => 'http://www.tp5123.com/admin',
  'accept-encoding' => 'gzip, deflate',
  'accept-language' => 'zh-CN,zh;q=0.9',
  'cookie' => 'PHPSESSID=7vtq20gc9ebkp8ba4m163l8pj0',
)
[ info ] [ PARAM ] array (
  'name' => 'admin',
  'passwd' => 'admin',
)
[ info ] [ DB ] INIT mysql
[ info ] [ VIEW ] E:\www\tp5\thinkphp\tpl/dispatch_jump.tpl [ array (
  0 => 'code',
  1 => 'msg',
  2 => 'data',
  3 => 'url',
  4 => 'wait',
) ]
[ sql ] [ DB ] CONNECT:[ UseTime:0.011000s ] mysql:host=127.0.0.1;dbname=tp5;charset=utf8
[ sql ] [ SQL ] SHOW COLUMNS FROM `my_admin_user` [ RunTime:0.005001s ]
[ sql ] [ SQL ] SELECT * FROM `my_admin_user` WHERE  `name` = 'admin' LIMIT 1 [ RunTime:0.001000s ]
[ sql ] [ SQL ] SELECT * FROM `my_admin_user` WHERE  `name` = 'admin'  AND `password` = '21232f297a57a5a743894a0e4a801fc3' LIMIT 1 [ RunTime:0.001000s ]
---------------------------------------------------------------
[2019-06-11T11:25:36+08:00] 127.0.0.1 GET www.tp5123.com/admin/index/index.html
[运行时间：0.047002s] [吞吐率：21.28req/s] [内存消耗：2,277.02kb] [文件加载：78]
[ info ] [ LANG ] E:\www\tp5\thinkphp\lang\zh-cn.php
[ info ] [ ROUTE ] array (
)
[ info ] [ HEADER ] array (
  'host' => 'www.tp5123.com',
  'connection' => 'keep-alive',
  'upgrade-insecure-requests' => '1',
  'user-agent' => 'Mozilla/5.0 (Windows NT 6.1; Win64; x64) AppleWebKit/537.36 (KHTML, like Gecko) Chrome/75.0.3770.80 Safari/537.36',
  'accept' => 'text/html,application/xhtml+xml,application/xml;q=0.9,image/webp,image/apng,*/*;q=0.8,application/signed-exchange;v=b3',
  'referer' => 'http://www.tp5123.com/admin',
  'accept-encoding' => 'gzip, deflate',
  'accept-language' => 'zh-CN,zh;q=0.9',
  'cookie' => 'PHPSESSID=7vtq20gc9ebkp8ba4m163l8pj0; userKey=JDZbuLSKGFN2nHhgRqYm81e0TclsUBtj',
)
[ info ] [ PARAM ] array (
)
[ info ] [ VIEW ] E:\www\tp5\/tpl/admin/index\index.html [ array (
) ]
---------------------------------------------------------------
[2019-06-11T11:25:37+08:00] 127.0.0.1 GET www.tp5123.com/admin/index/statistics.html
[运行时间：0.103006s] [吞吐率：9.71req/s] [内存消耗：3,252.88kb] [文件加载：81]
[ info ] [ LANG ] E:\www\tp5\thinkphp\lang\zh-cn.php
[ info ] [ ROUTE ] array (
)
[ info ] [ HEADER ] array (
  'host' => 'www.tp5123.com',
  'connection' => 'keep-alive',
  'upgrade-insecure-requests' => '1',
  'user-agent' => 'Mozilla/5.0 (Windows NT 6.1; Win64; x64) AppleWebKit/537.36 (KHTML, like Gecko) Chrome/75.0.3770.80 Safari/537.36',
  'accept' => 'text/html,application/xhtml+xml,application/xml;q=0.9,image/webp,image/apng,*/*;q=0.8,application/signed-exchange;v=b3',
  'referer' => 'http://www.tp5123.com/admin/index/index.html',
  'accept-encoding' => 'gzip, deflate',
  'accept-language' => 'zh-CN,zh;q=0.9',
  'cookie' => 'PHPSESSID=7vtq20gc9ebkp8ba4m163l8pj0; userKey=JDZbuLSKGFN2nHhgRqYm81e0TclsUBtj',
)
[ info ] [ PARAM ] array (
)
[ info ] [ DB ] INIT mysql
[ info ] [ DB ] INIT mysql
[ info ] [ DB ] INIT mysql
[ info ] [ DB ] INIT mysql
[ info ] [ VIEW ] E:\www\tp5\/tpl/admin/index\statistics.html [ array (
  0 => 'countUser',
  1 => 'user',
  2 => 'countColumn',
  3 => 'countDetail',
  4 => 'countOrder',
) ]
[ sql ] [ DB ] CONNECT:[ UseTime:0.000000s ] mysql:host=127.0.0.1;dbname=tp5;charset=utf8
[ sql ] [ SQL ] SHOW COLUMNS FROM `my_admin_user` [ RunTime:0.003000s ]
[ sql ] [ SQL ] SELECT COUNT(*) AS tp_count FROM `my_admin_user` [ RunTime:0.001000s ]
[ sql ] [ DB ] CONNECT:[ UseTime:0.001000s ] mysql:host=127.0.0.1;dbname=tp5;charset=utf8
[ sql ] [ SQL ] SHOW COLUMNS FROM `my_column` [ RunTime:0.002000s ]
[ sql ] [ SQL ] SELECT COUNT(*) AS tp_count FROM `my_column` [ RunTime:0.000000s ]
[ sql ] [ DB ] CONNECT:[ UseTime:0.001000s ] mysql:host=127.0.0.1;dbname=tp5;charset=utf8
[ sql ] [ SQL ] SHOW COLUMNS FROM `my_detail` [ RunTime:0.006001s ]
[ sql ] [ SQL ] SELECT COUNT(*) AS tp_count FROM `my_detail` [ RunTime:0.001000s ]
[ sql ] [ DB ] CONNECT:[ UseTime:0.001000s ] mysql:host=127.0.0.1;dbname=tp5;charset=utf8
[ sql ] [ SQL ] SHOW COLUMNS FROM `my_order` [ RunTime:0.006000s ]
[ sql ] [ SQL ] SELECT COUNT(*) AS tp_count FROM `my_order` [ RunTime:0.000000s ]
---------------------------------------------------------------
[2019-06-11T11:25:37+08:00] 127.0.0.1 GET www.tp5123.com/public/static/admin/favicon.ico
[运行时间：0.043002s] [吞吐率：23.25req/s] [内存消耗：1,303.63kb] [文件加载：51]
[ info ] [ LANG ] E:\www\tp5\thinkphp\lang\zh-cn.php
---------------------------------------------------------------
[2019-06-11T11:25:45+08:00] 127.0.0.1 GET www.tp5123.com/
[运行时间：0.076004s] [吞吐率：13.16req/s] [内存消耗：3,341.41kb] [文件加载：79]
[ info ] [ LANG ] E:\www\tp5\thinkphp\lang\zh-cn.php
[ info ] [ ROUTE ] array (
  'rule' => '',
  'route' => 'index/index',
  'option' => 
  array (
    'merge_rule_regex' => false,
    'complete_match' => true,
  ),
  'var' => 
  array (
  ),
)
[ info ] [ HEADER ] array (
  'host' => 'www.tp5123.com',
  'connection' => 'keep-alive',
  'upgrade-insecure-requests' => '1',
  'user-agent' => 'Mozilla/5.0 (Windows NT 6.1; Win64; x64) AppleWebKit/537.36 (KHTML, like Gecko) Chrome/75.0.3770.80 Safari/537.36',
  'accept' => 'text/html,application/xhtml+xml,application/xml;q=0.9,image/webp,image/apng,*/*;q=0.8,application/signed-exchange;v=b3',
  'accept-encoding' => 'gzip, deflate',
  'accept-language' => 'zh-CN,zh;q=0.9',
  'cookie' => 'PHPSESSID=7vtq20gc9ebkp8ba4m163l8pj0; userKey=JDZbuLSKGFN2nHhgRqYm81e0TclsUBtj',
)
[ info ] [ PARAM ] array (
)
[ info ] [ DB ] INIT mysql
[ info ] [ VIEW ] E:\www\tp5\/tpl/index/index\index.html [ array (
  0 => 'result',
) ]
[ sql ] [ DB ] CONNECT:[ UseTime:0.000000s ] mysql:host=127.0.0.1;dbname=tp5;charset=utf8
[ sql ] [ SQL ] SHOW COLUMNS FROM `my_column` [ RunTime:0.003000s ]
[ sql ] [ SQL ] SELECT `id`,`pid`,`title` FROM `my_column` WHERE  `status` = 1  AND `pid` = 0 [ RunTime:0.001000s ]
[ sql ] [ SQL ] SELECT `id`,`pid`,`title` FROM `my_column` WHERE  `status` = 1  AND `pid` = 1 [ RunTime:0.000000s ]
[ sql ] [ SQL ] SELECT `id`,`pid`,`title` FROM `my_column` WHERE  `status` = 1  AND `pid` = 9 [ RunTime:0.000000s ]
[ sql ] [ SQL ] SELECT `id`,`pid`,`title` FROM `my_column` WHERE  `status` = 1  AND `pid` = 10 [ RunTime:0.001000s ]
[ sql ] [ SQL ] SELECT `id`,`pid`,`title` FROM `my_column` WHERE  `status` = 1  AND `pid` = 11 [ RunTime:0.001000s ]
[ sql ] [ SQL ] SELECT `id`,`pid`,`title` FROM `my_column` WHERE  `status` = 1  AND `pid` = 2 [ RunTime:0.000000s ]
[ sql ] [ SQL ] SELECT `id`,`pid`,`title` FROM `my_column` WHERE  `status` = 1  AND `pid` = 12 [ RunTime:0.001000s ]
[ sql ] [ SQL ] SELECT `id`,`pid`,`title` FROM `my_column` WHERE  `status` = 1  AND `pid` = 13 [ RunTime:0.000000s ]
[ sql ] [ SQL ] SELECT `id`,`pid`,`title` FROM `my_column` WHERE  `status` = 1  AND `pid` = 3 [ RunTime:0.001000s ]
[ sql ] [ SQL ] SELECT `id`,`pid`,`title` FROM `my_column` WHERE  `status` = 1  AND `pid` = 14 [ RunTime:0.000000s ]
[ sql ] [ SQL ] SELECT `id`,`pid`,`title` FROM `my_column` WHERE  `status` = 1  AND `pid` = 15 [ RunTime:0.001000s ]
[ sql ] [ SQL ] SELECT `id`,`pid`,`title` FROM `my_column` WHERE  `status` = 1  AND `pid` = 4 [ RunTime:0.000000s ]
[ sql ] [ SQL ] SELECT `id`,`pid`,`title` FROM `my_column` WHERE  `status` = 1  AND `pid` = 16 [ RunTime:0.001000s ]
[ sql ] [ SQL ] SELECT `id`,`pid`,`title` FROM `my_column` WHERE  `status` = 1  AND `pid` = 17 [ RunTime:0.000000s ]
[ sql ] [ SQL ] SELECT `id`,`pid`,`title` FROM `my_column` WHERE  `status` = 1  AND `pid` = 18 [ RunTime:0.001000s ]
[ sql ] [ SQL ] SELECT `id`,`pid`,`title` FROM `my_column` WHERE  `status` = 1  AND `pid` = 5 [ RunTime:0.000000s ]
[ sql ] [ SQL ] SELECT `id`,`pid`,`title` FROM `my_column` WHERE  `status` = 1  AND `pid` = 19 [ RunTime:0.000000s ]
[ sql ] [ SQL ] SELECT `id`,`pid`,`title` FROM `my_column` WHERE  `status` = 1  AND `pid` = 20 [ RunTime:0.000000s ]
[ sql ] [ SQL ] SELECT `id`,`pid`,`title` FROM `my_column` WHERE  `status` = 1  AND `pid` = 6 [ RunTime:0.000000s ]
[ sql ] [ SQL ] SELECT `id`,`pid`,`title` FROM `my_column` WHERE  `status` = 1  AND `pid` = 21 [ RunTime:0.001000s ]
[ sql ] [ SQL ] SELECT `id`,`pid`,`title` FROM `my_column` WHERE  `status` = 1  AND `pid` = 22 [ RunTime:0.000000s ]
[ sql ] [ SQL ] SELECT `id`,`pid`,`title` FROM `my_column` WHERE  `status` = 1  AND `pid` = 23 [ RunTime:0.001000s ]
[ sql ] [ SQL ] SELECT `id`,`pid`,`title` FROM `my_column` WHERE  `status` = 1  AND `pid` = 7 [ RunTime:0.000000s ]
[ sql ] [ SQL ] SELECT `id`,`pid`,`title` FROM `my_column` WHERE  `status` = 1  AND `pid` = 24 [ RunTime:0.000000s ]
[ sql ] [ SQL ] SELECT `id`,`pid`,`title` FROM `my_column` WHERE  `status` = 1  AND `pid` = 25 [ RunTime:0.000000s ]
[ sql ] [ SQL ] SELECT `id`,`pid`,`title` FROM `my_column` WHERE  `status` = 1  AND `pid` = 26 [ RunTime:0.000000s ]
[ sql ] [ SQL ] SELECT `id`,`pid`,`title` FROM `my_column` WHERE  `status` = 1  AND `pid` = 8 [ RunTime:0.000000s ]
[ sql ] [ SQL ] SELECT `id`,`pid`,`title` FROM `my_column` WHERE  `status` = 1  AND `pid` = 27 [ RunTime:0.001000s ]
[ sql ] [ SQL ] SELECT `id`,`pid`,`title` FROM `my_column` WHERE  `status` = 1  AND `pid` = 28 [ RunTime:0.000000s ]
[ sql ] [ SQL ] SELECT `id`,`pid`,`title` FROM `my_column` WHERE  `status` = 1  AND `pid` = 29 [ RunTime:0.000000s ]
---------------------------------------------------------------
[2019-06-11T11:25:47+08:00] 127.0.0.1 GET www.tp5123.com/goods/id/9.html
[运行时间：0.072004s] [吞吐率：13.89req/s] [内存消耗：3,478.47kb] [文件加载：82]
[ info ] [ LANG ] E:\www\tp5\thinkphp\lang\zh-cn.php
[ info ] [ ROUTE ] array (
  'rule' => 'goods',
  'route' => 'goods/index',
  'option' => 
  array (
    'merge_rule_regex' => false,
  ),
  'var' => 
  array (
    'id' => '9',
  ),
)
[ info ] [ HEADER ] array (
  'host' => 'www.tp5123.com',
  'connection' => 'keep-alive',
  'upgrade-insecure-requests' => '1',
  'user-agent' => 'Mozilla/5.0 (Windows NT 6.1; Win64; x64) AppleWebKit/537.36 (KHTML, like Gecko) Chrome/75.0.3770.80 Safari/537.36',
  'accept' => 'text/html,application/xhtml+xml,application/xml;q=0.9,image/webp,image/apng,*/*;q=0.8,application/signed-exchange;v=b3',
  'referer' => 'http://www.tp5123.com/',
  'accept-encoding' => 'gzip, deflate',
  'accept-language' => 'zh-CN,zh;q=0.9',
  'cookie' => 'PHPSESSID=7vtq20gc9ebkp8ba4m163l8pj0; userKey=JDZbuLSKGFN2nHhgRqYm81e0TclsUBtj',
)
[ info ] [ PARAM ] array (
  'id' => '9',
)
[ info ] [ DB ] INIT mysql
[ info ] [ VIEW ] E:\www\tp5\/tpl/index/goods\index.html [ array (
  0 => 'id',
  1 => 'category',
  2 => 'count',
  3 => 'goods',
  4 => 'page',
) ]
[ sql ] [ DB ] CONNECT:[ UseTime:0.001000s ] mysql:host=127.0.0.1;dbname=tp5;charset=utf8
[ sql ] [ SQL ] SHOW COLUMNS FROM `my_column` [ RunTime:0.003000s ]
[ sql ] [ SQL ] SELECT `id`,`pid`,`title` FROM `my_column` WHERE  `status` = 1  AND `pid` = 0 [ RunTime:0.000000s ]
[ sql ] [ SQL ] SELECT `id`,`pid`,`title` FROM `my_column` WHERE  `status` = 1  AND `pid` = 1 [ RunTime:0.000000s ]
[ sql ] [ SQL ] SELECT `id`,`pid`,`title` FROM `my_column` WHERE  `status` = 1  AND `pid` = 9 [ RunTime:0.001000s ]
[ sql ] [ SQL ] SELECT `id`,`pid`,`title` FROM `my_column` WHERE  `status` = 1  AND `pid` = 10 [ RunTime:0.000000s ]
[ sql ] [ SQL ] SELECT `id`,`pid`,`title` FROM `my_column` WHERE  `status` = 1  AND `pid` = 11 [ RunTime:0.000000s ]
[ sql ] [ SQL ] SELECT `id`,`pid`,`title` FROM `my_column` WHERE  `status` = 1  AND `pid` = 2 [ RunTime:0.000000s ]
[ sql ] [ SQL ] SELECT `id`,`pid`,`title` FROM `my_column` WHERE  `status` = 1  AND `pid` = 12 [ RunTime:0.000000s ]
[ sql ] [ SQL ] SELECT `id`,`pid`,`title` FROM `my_column` WHERE  `status` = 1  AND `pid` = 13 [ RunTime:0.000000s ]
[ sql ] [ SQL ] SELECT `id`,`pid`,`title` FROM `my_column` WHERE  `status` = 1  AND `pid` = 3 [ RunTime:0.000000s ]
[ sql ] [ SQL ] SELECT `id`,`pid`,`title` FROM `my_column` WHERE  `status` = 1  AND `pid` = 14 [ RunTime:0.000000s ]
[ sql ] [ SQL ] SELECT `id`,`pid`,`title` FROM `my_column` WHERE  `status` = 1  AND `pid` = 15 [ RunTime:0.000000s ]
[ sql ] [ SQL ] SELECT `id`,`pid`,`title` FROM `my_column` WHERE  `status` = 1  AND `pid` = 4 [ RunTime:0.001000s ]
[ sql ] [ SQL ] SELECT `id`,`pid`,`title` FROM `my_column` WHERE  `status` = 1  AND `pid` = 16 [ RunTime:0.000000s ]
[ sql ] [ SQL ] SELECT `id`,`pid`,`title` FROM `my_column` WHERE  `status` = 1  AND `pid` = 17 [ RunTime:0.001000s ]
[ sql ] [ SQL ] SELECT `id`,`pid`,`title` FROM `my_column` WHERE  `status` = 1  AND `pid` = 18 [ RunTime:0.000000s ]
[ sql ] [ SQL ] SELECT `id`,`pid`,`title` FROM `my_column` WHERE  `status` = 1  AND `pid` = 5 [ RunTime:0.001000s ]
[ sql ] [ SQL ] SELECT `id`,`pid`,`title` FROM `my_column` WHERE  `status` = 1  AND `pid` = 19 [ RunTime:0.000000s ]
[ sql ] [ SQL ] SELECT `id`,`pid`,`title` FROM `my_column` WHERE  `status` = 1  AND `pid` = 20 [ RunTime:0.000000s ]
[ sql ] [ SQL ] SELECT `id`,`pid`,`title` FROM `my_column` WHERE  `status` = 1  AND `pid` = 6 [ RunTime:0.000000s ]
[ sql ] [ SQL ] SELECT `id`,`pid`,`title` FROM `my_column` WHERE  `status` = 1  AND `pid` = 21 [ RunTime:0.000000s ]
[ sql ] [ SQL ] SELECT `id`,`pid`,`title` FROM `my_column` WHERE  `status` = 1  AND `pid` = 22 [ RunTime:0.000000s ]
[ sql ] [ SQL ] SELECT `id`,`pid`,`title` FROM `my_column` WHERE  `status` = 1  AND `pid` = 23 [ RunTime:0.000000s ]
[ sql ] [ SQL ] SELECT `id`,`pid`,`title` FROM `my_column` WHERE  `status` = 1  AND `pid` = 7 [ RunTime:0.000000s ]
[ sql ] [ SQL ] SELECT `id`,`pid`,`title` FROM `my_column` WHERE  `status` = 1  AND `pid` = 24 [ RunTime:0.001001s ]
[ sql ] [ SQL ] SELECT `id`,`pid`,`title` FROM `my_column` WHERE  `status` = 1  AND `pid` = 25 [ RunTime:0.000000s ]
[ sql ] [ SQL ] SELECT `id`,`pid`,`title` FROM `my_column` WHERE  `status` = 1  AND `pid` = 26 [ RunTime:0.000000s ]
[ sql ] [ SQL ] SELECT `id`,`pid`,`title` FROM `my_column` WHERE  `status` = 1  AND `pid` = 8 [ RunTime:0.000000s ]
[ sql ] [ SQL ] SELECT `id`,`pid`,`title` FROM `my_column` WHERE  `status` = 1  AND `pid` = 27 [ RunTime:0.000000s ]
[ sql ] [ SQL ] SELECT `id`,`pid`,`title` FROM `my_column` WHERE  `status` = 1  AND `pid` = 28 [ RunTime:0.002000s ]
[ sql ] [ SQL ] SELECT `id`,`pid`,`title` FROM `my_column` WHERE  `status` = 1  AND `pid` = 29 [ RunTime:0.000000s ]
[ sql ] [ SQL ] SHOW COLUMNS FROM `my_detail` [ RunTime:0.002000s ]
[ sql ] [ SQL ] SELECT COUNT(*) AS tp_count FROM `my_detail` `d` LEFT JOIN `my_column` `c` ON `d`.`cid`=`c`.`id` WHERE  `d`.`cid` = '9' [ RunTime:0.000000s ]
[ sql ] [ SQL ] SELECT `d`.`id`,`d`.`name`,`d`.`keyword`,`d`.`description`,`d`.`img`,`d`.`sum`,`d`.`price`,`d`.`payman`,`d`.`sort`,`d`.`status`,`c`.`title` FROM `my_detail` `d` LEFT JOIN `my_column` `c` ON `d`.`cid`=`c`.`id` WHERE  `d`.`cid` = '9' LIMIT 0,1 [ RunTime:0.001000s ]
---------------------------------------------------------------
[2019-06-11T11:25:49+08:00] 127.0.0.1 GET www.tp5123.com/details/3.html
[运行时间：0.063004s] [吞吐率：15.87req/s] [内存消耗：3,375.74kb] [文件加载：83]
[ info ] [ LANG ] E:\www\tp5\thinkphp\lang\zh-cn.php
[ info ] [ ROUTE ] array (
  'rule' => 'details/<id>',
  'route' => 'goods/details',
  'option' => 
  array (
    'merge_rule_regex' => false,
  ),
  'var' => 
  array (
    'id' => '3',
  ),
)
[ info ] [ HEADER ] array (
  'host' => 'www.tp5123.com',
  'connection' => 'keep-alive',
  'upgrade-insecure-requests' => '1',
  'user-agent' => 'Mozilla/5.0 (Windows NT 6.1; Win64; x64) AppleWebKit/537.36 (KHTML, like Gecko) Chrome/75.0.3770.80 Safari/537.36',
  'accept' => 'text/html,application/xhtml+xml,application/xml;q=0.9,image/webp,image/apng,*/*;q=0.8,application/signed-exchange;v=b3',
  'referer' => 'http://www.tp5123.com/goods/id/9.html',
  'accept-encoding' => 'gzip, deflate',
  'accept-language' => 'zh-CN,zh;q=0.9',
  'cookie' => 'PHPSESSID=7vtq20gc9ebkp8ba4m163l8pj0; userKey=JDZbuLSKGFN2nHhgRqYm81e0TclsUBtj',
)
[ info ] [ PARAM ] array (
  'id' => '3',
)
[ info ] [ DB ] INIT mysql
[ info ] [ VIEW ] E:\www\tp5\/tpl/index/goods\details.html [ array (
  0 => 'address',
  1 => 'rescloumn',
  2 => 'res',
) ]
[ sql ] [ DB ] CONNECT:[ UseTime:0.000000s ] mysql:host=127.0.0.1;dbname=tp5;charset=utf8
[ sql ] [ SQL ] SHOW COLUMNS FROM `my_detail` [ RunTime:0.003000s ]
[ sql ] [ SQL ] SELECT COUNT(*) AS tp_count FROM `my_detail` `d` LEFT JOIN `my_column` `c` ON `d`.`cid`=`c`.`id` WHERE  `d`.`cid` = '3' [ RunTime:0.001000s ]
[ sql ] [ SQL ] SELECT `d`.`id`,`d`.`name`,`d`.`keyword`,`d`.`description`,`d`.`img`,`d`.`sum`,`d`.`price`,`d`.`payman`,`d`.`sort`,`d`.`status`,`c`.`title` FROM `my_detail` `d` LEFT JOIN `my_column` `c` ON `d`.`cid`=`c`.`id` WHERE  `d`.`cid` = '3' LIMIT 0,1 [ RunTime:0.000000s ]
[ sql ] [ SQL ] SELECT `d`.`id`,`d`.`name`,`d`.`keyword`,`d`.`description`,`d`.`content`,`d`.`img`,`d`.`sum`,`d`.`price`,`d`.`payman`,`d`.`sort`,`d`.`status`,`c`.`title` FROM `my_detail` `d` LEFT JOIN `my_column` `c` ON `d`.`cid`=`c`.`id` WHERE  `d`.`id` = '3' LIMIT 1 [ RunTime:0.000000s ]
[ sql ] [ SQL ] SHOW COLUMNS FROM `my_shop_address` [ RunTime:0.005001s ]
[ sql ] [ SQL ] SELECT `address` FROM `my_shop_address` WHERE  `uid` = 2  AND ( `action` = '1' or `action` = '0' ) ORDER BY `action` DESC LIMIT 1 [ RunTime:0.001000s ]
---------------------------------------------------------------
[2019-06-11T11:26:00+08:00] 127.0.0.1 GET www.tp5123.com/index/wxpay/qrcode.html?did=3&sum=1
[运行时间：0.099005s] [吞吐率：10.10req/s] [内存消耗：3,254.91kb] [文件加载：78]
[ info ] [ LANG ] E:\www\tp5\thinkphp\lang\zh-cn.php
[ info ] [ ROUTE ] array (
)
[ info ] [ HEADER ] array (
  'host' => 'www.tp5123.com',
  'connection' => 'keep-alive',
  'upgrade-insecure-requests' => '1',
  'user-agent' => 'Mozilla/5.0 (Windows NT 6.1; Win64; x64) AppleWebKit/537.36 (KHTML, like Gecko) Chrome/75.0.3770.80 Safari/537.36',
  'accept' => 'text/html,application/xhtml+xml,application/xml;q=0.9,image/webp,image/apng,*/*;q=0.8,application/signed-exchange;v=b3',
  'referer' => 'http://www.tp5123.com/details/3.html',
  'accept-encoding' => 'gzip, deflate',
  'accept-language' => 'zh-CN,zh;q=0.9',
  'cookie' => 'PHPSESSID=7vtq20gc9ebkp8ba4m163l8pj0; userKey=JDZbuLSKGFN2nHhgRqYm81e0TclsUBtj',
)
[ info ] [ PARAM ] array (
  'did' => '3',
  'sum' => '1',
)
[ info ] [ DB ] INIT mysql
[ info ] [ DB ] INIT mysql
[ info ] [ DB ] INIT mysql
[ sql ] [ DB ] CONNECT:[ UseTime:0.002000s ] mysql:host=127.0.0.1;dbname=tp5;charset=utf8
[ sql ] [ SQL ] SHOW COLUMNS FROM `my_detail` [ RunTime:0.010000s ]
[ sql ] [ SQL ] SELECT `name`,`sum`,`price` FROM `my_detail` WHERE  `id` = 3 LIMIT 1 [ RunTime:0.002001s ]
[ sql ] [ SQL ] SHOW COLUMNS FROM `my_order` [ RunTime:0.004000s ]
[ sql ] [ SQL ] INSERT INTO `my_order` (`order_id` , `uid` , `amount` , `ispay`) VALUES ('1560223561rbtO8L3HYxVSFTM4JXudv1' , 2 , 0.01 , '0') [ RunTime:0.005000s ]
[ sql ] [ SQL ] SHOW COLUMNS FROM `my_shop_cart` [ RunTime:0.009001s ]
[ sql ] [ SQL ] INSERT INTO `my_shop_cart` (`name` , `price` , `sum` , `uid` , `order_id` , `create_time` , `is_pay`) VALUES ('黄色衣服' , 0.01 , 1 , 2 , '1560223561rbtO8L3HYxVSFTM4JXudv1' , 1560223560 , '-2') [ RunTime:0.000000s ]
[ sql ] [ DB ] CONNECT:[ UseTime:0.001000s ] mysql:host=127.0.0.1;dbname=tp5;charset=utf8
[ sql ] [ SQL ] SELECT MAX(`id`) AS tp_max FROM `my_shop_cart` [ RunTime:0.001000s ]
[ sql ] [ DB ] CONNECT:[ UseTime:0.001000s ] mysql:host=127.0.0.1;dbname=tp5;charset=utf8
[ sql ] [ SQL ] SELECT * FROM `my_shop_cart` WHERE  `id` = 2 LIMIT 1 [ RunTime:0.000000s ]
