---------------------------------------------------------------
[2019-07-01T09:00:44+08:00] 127.0.0.1 GET www.tp5123.com/admin
[运行时间：0.581033s] [吞吐率：1.72req/s] [内存消耗：1,897.79kb] [文件加载：135]
[ info ] [ LANG ] E:\www\tp5\thinkphp\lang\zh-cn.php
[ info ] [ ROUTE ] array (
)
[ info ] [ HEADER ] array (
  'host' => 'www.tp5123.com',
  'connection' => 'keep-alive',
  'upgrade-insecure-requests' => '1',
  'user-agent' => 'Mozilla/5.0 (Windows NT 6.1; Win64; x64) AppleWebKit/537.36 (KHTML, like Gecko) Chrome/75.0.3770.80 Safari/537.36',
  'accept' => 'text/html,application/xhtml+xml,application/xml;q=0.9,image/webp,image/apng,*/*;q=0.8,application/signed-exchange;v=b3',
  'accept-encoding' => 'gzip, deflate',
  'accept-language' => 'zh-CN,zh;q=0.9',
)
[ info ] [ PARAM ] array (
)
[ info ] [ VIEW ] E:\www\tp5\/tpl/admin/login\login.html [ array (
) ]
---------------------------------------------------------------
[2019-07-01T09:00:46+08:00] 127.0.0.1 POST www.tp5123.com/login.html
[运行时间：0.140008s] [吞吐率：7.14req/s] [内存消耗：2,647.97kb] [文件加载：138]
[ info ] [ LANG ] E:\www\tp5\thinkphp\lang\zh-cn.php
[ info ] [ ROUTE ] array (
)
[ info ] [ HEADER ] array (
  'host' => 'www.tp5123.com',
  'connection' => 'keep-alive',
  'content-length' => '0',
  'accept' => 'application/json, text/javascript, */*; q=0.01',
  'origin' => 'http://www.tp5123.com',
  'x-requested-with' => 'XMLHttpRequest',
  'user-agent' => 'Mozilla/5.0 (Windows NT 6.1; Win64; x64) AppleWebKit/537.36 (KHTML, like Gecko) Chrome/75.0.3770.80 Safari/537.36',
  'referer' => 'http://www.tp5123.com/admin',
  'accept-encoding' => 'gzip, deflate',
  'accept-language' => 'zh-CN,zh;q=0.9',
  'cookie' => 'PHPSESSID=2nb8jhd52opn53u8ve0aq1f313',
)
[ info ] [ PARAM ] array (
)
[ info ] [ DB ] INIT mysql
[ sql ] [ DB ] CONNECT:[ UseTime:0.001001s ] mysql:host=127.0.0.1;dbname=tp5;charset=utf8
[ sql ] [ SQL ] SHOW COLUMNS FROM `my_admin_user` [ RunTime:0.005000s ]
[ sql ] [ SQL ] SELECT * FROM `my_admin_user` WHERE  `name` = '' LIMIT 1 [ RunTime:0.004000s ]
---------------------------------------------------------------
[2019-07-01T09:00:46+08:00] 127.0.0.1 POST www.tp5123.com/admin
[运行时间：0.201011s] [吞吐率：4.97req/s] [内存消耗：2,727.14kb] [文件加载：142]
[ info ] [ LANG ] E:\www\tp5\thinkphp\lang\zh-cn.php
[ info ] [ ROUTE ] array (
)
[ info ] [ HEADER ] array (
  'host' => 'www.tp5123.com',
  'connection' => 'keep-alive',
  'content-length' => '23',
  'cache-control' => 'max-age=0',
  'origin' => 'http://www.tp5123.com',
  'upgrade-insecure-requests' => '1',
  'content-type' => 'application/x-www-form-urlencoded',
  'user-agent' => 'Mozilla/5.0 (Windows NT 6.1; Win64; x64) AppleWebKit/537.36 (KHTML, like Gecko) Chrome/75.0.3770.80 Safari/537.36',
  'accept' => 'text/html,application/xhtml+xml,application/xml;q=0.9,image/webp,image/apng,*/*;q=0.8,application/signed-exchange;v=b3',
  'referer' => 'http://www.tp5123.com/admin',
  'accept-encoding' => 'gzip, deflate',
  'accept-language' => 'zh-CN,zh;q=0.9',
  'cookie' => 'PHPSESSID=2nb8jhd52opn53u8ve0aq1f313',
)
[ info ] [ PARAM ] array (
  'name' => 'admin',
  'passwd' => 'admin',
)
[ info ] [ DB ] INIT mysql
[ info ] [ VIEW ] E:\www\tp5\thinkphp\tpl/dispatch_jump.tpl [ array (
  0 => 'code',
  1 => 'msg',
  2 => 'data',
  3 => 'url',
  4 => 'wait',
) ]
[ sql ] [ DB ] CONNECT:[ UseTime:0.003000s ] mysql:host=127.0.0.1;dbname=tp5;charset=utf8
[ sql ] [ SQL ] SHOW COLUMNS FROM `my_admin_user` [ RunTime:0.013001s ]
[ sql ] [ SQL ] SELECT * FROM `my_admin_user` WHERE  `name` = 'admin' LIMIT 1 [ RunTime:0.002000s ]
[ sql ] [ SQL ] SELECT * FROM `my_admin_user` WHERE  `name` = 'admin'  AND `password` = '21232f297a57a5a743894a0e4a801fc3' LIMIT 1 [ RunTime:0.003000s ]
---------------------------------------------------------------
[2019-07-01T09:00:48+08:00] 127.0.0.1 GET www.tp5123.com/admins.html
[运行时间：0.082004s] [吞吐率：12.19req/s] [内存消耗：1,930.69kb] [文件加载：139]
[ info ] [ LANG ] E:\www\tp5\thinkphp\lang\zh-cn.php
[ info ] [ ROUTE ] array (
)
[ info ] [ HEADER ] array (
  'host' => 'www.tp5123.com',
  'connection' => 'keep-alive',
  'upgrade-insecure-requests' => '1',
  'user-agent' => 'Mozilla/5.0 (Windows NT 6.1; Win64; x64) AppleWebKit/537.36 (KHTML, like Gecko) Chrome/75.0.3770.80 Safari/537.36',
  'accept' => 'text/html,application/xhtml+xml,application/xml;q=0.9,image/webp,image/apng,*/*;q=0.8,application/signed-exchange;v=b3',
  'referer' => 'http://www.tp5123.com/admin',
  'accept-encoding' => 'gzip, deflate',
  'accept-language' => 'zh-CN,zh;q=0.9',
  'cookie' => 'PHPSESSID=2nb8jhd52opn53u8ve0aq1f313; userKey=VY7veuK4o3r2EjApsL6X58NBbxnW0hPQ',
)
[ info ] [ PARAM ] array (
)
[ info ] [ VIEW ] E:\www\tp5\/tpl/admin/index\index.html [ array (
) ]
---------------------------------------------------------------
[2019-07-01T09:00:49+08:00] 127.0.0.1 GET www.tp5123.com/admin/index/statistics.html
[运行时间：0.169010s] [吞吐率：5.92req/s] [内存消耗：3,049.45kb] [文件加载：145]
[ info ] [ LANG ] E:\www\tp5\thinkphp\lang\zh-cn.php
[ info ] [ ROUTE ] array (
)
[ info ] [ HEADER ] array (
  'host' => 'www.tp5123.com',
  'connection' => 'keep-alive',
  'upgrade-insecure-requests' => '1',
  'user-agent' => 'Mozilla/5.0 (Windows NT 6.1; Win64; x64) AppleWebKit/537.36 (KHTML, like Gecko) Chrome/75.0.3770.80 Safari/537.36',
  'accept' => 'text/html,application/xhtml+xml,application/xml;q=0.9,image/webp,image/apng,*/*;q=0.8,application/signed-exchange;v=b3',
  'referer' => 'http://www.tp5123.com/admins.html',
  'accept-encoding' => 'gzip, deflate',
  'accept-language' => 'zh-CN,zh;q=0.9',
  'cookie' => 'PHPSESSID=2nb8jhd52opn53u8ve0aq1f313; userKey=VY7veuK4o3r2EjApsL6X58NBbxnW0hPQ',
)
[ info ] [ PARAM ] array (
)
[ info ] [ DB ] INIT mysql
[ info ] [ DB ] INIT mysql
[ info ] [ DB ] INIT mysql
[ info ] [ DB ] INIT mysql
[ info ] [ VIEW ] E:\www\tp5\/tpl/admin/index\statistics.html [ array (
  0 => 'countUser',
  1 => 'user',
  2 => 'countColumn',
  3 => 'countDetail',
  4 => 'countOrder',
) ]
[ sql ] [ DB ] CONNECT:[ UseTime:0.000000s ] mysql:host=127.0.0.1;dbname=tp5;charset=utf8
[ sql ] [ SQL ] SHOW COLUMNS FROM `my_admin_user` [ RunTime:0.005000s ]
[ sql ] [ SQL ] SELECT COUNT(*) AS tp_count FROM `my_admin_user` [ RunTime:0.001000s ]
[ sql ] [ DB ] CONNECT:[ UseTime:0.001000s ] mysql:host=127.0.0.1;dbname=tp5;charset=utf8
[ sql ] [ SQL ] SHOW COLUMNS FROM `my_column` [ RunTime:0.004000s ]
[ sql ] [ SQL ] SELECT COUNT(*) AS tp_count FROM `my_column` [ RunTime:0.000000s ]
[ sql ] [ DB ] CONNECT:[ UseTime:0.000000s ] mysql:host=127.0.0.1;dbname=tp5;charset=utf8
[ sql ] [ SQL ] SHOW COLUMNS FROM `my_detail` [ RunTime:0.008000s ]
[ sql ] [ SQL ] SELECT COUNT(*) AS tp_count FROM `my_detail` [ RunTime:0.000000s ]
[ sql ] [ DB ] CONNECT:[ UseTime:0.000000s ] mysql:host=127.0.0.1;dbname=tp5;charset=utf8
[ sql ] [ SQL ] SHOW COLUMNS FROM `my_order` [ RunTime:0.004000s ]
[ sql ] [ SQL ] SELECT COUNT(*) AS tp_count FROM `my_order` [ RunTime:0.000000s ]
---------------------------------------------------------------
[2019-07-01T09:00:49+08:00] 127.0.0.1 GET www.tp5123.com/admin/index/map.html
[运行时间：0.687039s] [吞吐率：1.46req/s] [内存消耗：1,900.34kb] [文件加载：138]
[ info ] [ LANG ] E:\www\tp5\thinkphp\lang\zh-cn.php
[ info ] [ ROUTE ] array (
)
[ info ] [ HEADER ] array (
  'host' => 'www.tp5123.com',
  'connection' => 'keep-alive',
  'user-agent' => 'Mozilla/5.0 (Windows NT 6.1; Win64; x64) AppleWebKit/537.36 (KHTML, like Gecko) Chrome/75.0.3770.80 Safari/537.36',
  'accept' => 'image/webp,image/apng,image/*,*/*;q=0.8',
  'referer' => 'http://www.tp5123.com/admin/index/statistics.html',
  'accept-encoding' => 'gzip, deflate',
  'accept-language' => 'zh-CN,zh;q=0.9',
  'cookie' => 'PHPSESSID=2nb8jhd52opn53u8ve0aq1f313; userKey=VY7veuK4o3r2EjApsL6X58NBbxnW0hPQ',
)
[ info ] [ PARAM ] array (
)
---------------------------------------------------------------
[2019-07-01T09:00:50+08:00] 127.0.0.1 GET www.tp5123.com/public/static/admin/favicon.ico
[运行时间：0.037003s] [吞吐率：27.02req/s] [内存消耗：1,298.05kb] [文件加载：113]
[ info ] [ LANG ] E:\www\tp5\thinkphp\lang\zh-cn.php
---------------------------------------------------------------
[2019-07-01T09:00:58+08:00] 127.0.0.1 GET www.tp5123.com/index/shop_cart/cart
[运行时间：0.110007s] [吞吐率：9.09req/s] [内存消耗：3,139.95kb] [文件加载：147]
[ info ] [ LANG ] E:\www\tp5\thinkphp\lang\zh-cn.php
[ info ] [ ROUTE ] array (
)
[ info ] [ HEADER ] array (
  'host' => 'www.tp5123.com',
  'connection' => 'keep-alive',
  'upgrade-insecure-requests' => '1',
  'user-agent' => 'Mozilla/5.0 (Windows NT 6.1; Win64; x64) AppleWebKit/537.36 (KHTML, like Gecko) Chrome/75.0.3770.80 Safari/537.36',
  'accept' => 'text/html,application/xhtml+xml,application/xml;q=0.9,image/webp,image/apng,*/*;q=0.8,application/signed-exchange;v=b3',
  'accept-encoding' => 'gzip, deflate',
  'accept-language' => 'zh-CN,zh;q=0.9',
  'cookie' => 'PHPSESSID=2nb8jhd52opn53u8ve0aq1f313; userKey=VY7veuK4o3r2EjApsL6X58NBbxnW0hPQ',
)
[ info ] [ PARAM ] array (
)
[ info ] [ DB ] INIT mysql
[ info ] [ VIEW ] E:\www\tp5\/tpl/index/shop_cart\cart.html [ array (
  0 => 'ShopCart',
) ]
[ sql ] [ DB ] CONNECT:[ UseTime:0.001000s ] mysql:host=127.0.0.1;dbname=tp5;charset=utf8
[ sql ] [ SQL ] SHOW COLUMNS FROM `my_shop_cart` [ RunTime:0.007000s ]
[ sql ] [ SQL ] SELECT COUNT(*) AS tp_count FROM `my_shop_cart` `sc` LEFT JOIN `my_detail` `d` ON `sc`.`name`=`d`.`name` LEFT JOIN `my_column` `c` ON `d`.`cid`=`c`.`id` WHERE  `sc`.`status` = '1'  AND `sc`.`is_pay` <> '1'  AND `sc`.`uid` = '2' [ RunTime:0.005001s ]
[ sql ] [ SQL ] SELECT `sc`.`id`,`sc`.`name`,`sc`.`is_pay`,`sc`.`sum`,`sc`.`sort`,`sc`.`status`,d.keyword as d_key,`d`.`img`,`d`.`price`,`d`.`payman`,`c`.`title` FROM `my_shop_cart` `sc` LEFT JOIN `my_detail` `d` ON `sc`.`name`=`d`.`name` LEFT JOIN `my_column` `c` ON `d`.`cid`=`c`.`id` WHERE  `sc`.`status` = '1'  AND `sc`.`is_pay` <> '1'  AND `sc`.`uid` = '2' LIMIT 0,10 [ RunTime:0.002000s ]
---------------------------------------------------------------
[2019-07-01T09:01:24+08:00] 127.0.0.1 GET www.tp5123.com/index/shop_cart/cart
[运行时间：0.142008s] [吞吐率：7.04req/s] [内存消耗：2,816.20kb] [文件加载：145]
[ info ] [ LANG ] E:\www\tp5\thinkphp\lang\zh-cn.php
[ info ] [ ROUTE ] array (
)
[ info ] [ HEADER ] array (
  'host' => 'www.tp5123.com',
  'connection' => 'keep-alive',
  'cache-control' => 'max-age=0',
  'upgrade-insecure-requests' => '1',
  'user-agent' => 'Mozilla/5.0 (Windows NT 6.1; Win64; x64) AppleWebKit/537.36 (KHTML, like Gecko) Chrome/75.0.3770.80 Safari/537.36',
  'accept' => 'text/html,application/xhtml+xml,application/xml;q=0.9,image/webp,image/apng,*/*;q=0.8,application/signed-exchange;v=b3',
  'accept-encoding' => 'gzip, deflate',
  'accept-language' => 'zh-CN,zh;q=0.9',
  'cookie' => 'PHPSESSID=2nb8jhd52opn53u8ve0aq1f313; userKey=VY7veuK4o3r2EjApsL6X58NBbxnW0hPQ',
)
[ info ] [ PARAM ] array (
)
[ info ] [ DB ] INIT mysql
[ info ] [ VIEW ] E:\www\tp5\/tpl/index/shop_cart\cart.html [ array (
  0 => 'ShopCart',
) ]
[ sql ] [ DB ] CONNECT:[ UseTime:0.010001s ] mysql:host=127.0.0.1;dbname=tp5;charset=utf8
[ sql ] [ SQL ] SHOW COLUMNS FROM `my_shop_cart` [ RunTime:0.003000s ]
[ sql ] [ SQL ] SELECT COUNT(*) AS tp_count FROM `my_shop_cart` `sc` LEFT JOIN `my_detail` `d` ON `sc`.`name`=`d`.`name` LEFT JOIN `my_column` `c` ON `d`.`cid`=`c`.`id` WHERE  `sc`.`status` = '1'  AND `sc`.`is_pay` <> '1'  AND `sc`.`uid` = '2' [ RunTime:0.000000s ]
[ sql ] [ SQL ] SELECT `sc`.`id`,`sc`.`name`,`sc`.`is_pay`,`sc`.`sum`,`sc`.`sort`,`sc`.`status`,d.keyword as d_key,`d`.`img`,`d`.`price`,`d`.`payman`,`c`.`title` FROM `my_shop_cart` `sc` LEFT JOIN `my_detail` `d` ON `sc`.`name`=`d`.`name` LEFT JOIN `my_column` `c` ON `d`.`cid`=`c`.`id` WHERE  `sc`.`status` = '1'  AND `sc`.`is_pay` <> '1'  AND `sc`.`uid` = '2' LIMIT 0,10 [ RunTime:0.001000s ]
---------------------------------------------------------------
[2019-07-01T09:02:10+08:00] 127.0.0.1 GET www.tp5123.com/index/shop_cart/cart
[运行时间：0.065003s] [吞吐率：15.38req/s] [内存消耗：3,140.27kb] [文件加载：147]
[ info ] [ LANG ] E:\www\tp5\thinkphp\lang\zh-cn.php
[ info ] [ ROUTE ] array (
)
[ info ] [ HEADER ] array (
  'host' => 'www.tp5123.com',
  'connection' => 'keep-alive',
  'cache-control' => 'max-age=0',
  'upgrade-insecure-requests' => '1',
  'user-agent' => 'Mozilla/5.0 (Windows NT 6.1; Win64; x64) AppleWebKit/537.36 (KHTML, like Gecko) Chrome/75.0.3770.80 Safari/537.36',
  'accept' => 'text/html,application/xhtml+xml,application/xml;q=0.9,image/webp,image/apng,*/*;q=0.8,application/signed-exchange;v=b3',
  'accept-encoding' => 'gzip, deflate',
  'accept-language' => 'zh-CN,zh;q=0.9',
  'cookie' => 'PHPSESSID=2nb8jhd52opn53u8ve0aq1f313; userKey=VY7veuK4o3r2EjApsL6X58NBbxnW0hPQ',
)
[ info ] [ PARAM ] array (
)
[ info ] [ DB ] INIT mysql
[ info ] [ VIEW ] E:\www\tp5\/tpl/index/shop_cart\cart.html [ array (
  0 => 'ShopCart',
) ]
[ sql ] [ DB ] CONNECT:[ UseTime:0.001000s ] mysql:host=127.0.0.1;dbname=tp5;charset=utf8
[ sql ] [ SQL ] SHOW COLUMNS FROM `my_shop_cart` [ RunTime:0.002000s ]
[ sql ] [ SQL ] SELECT COUNT(*) AS tp_count FROM `my_shop_cart` `sc` LEFT JOIN `my_detail` `d` ON `sc`.`name`=`d`.`name` LEFT JOIN `my_column` `c` ON `d`.`cid`=`c`.`id` WHERE  `sc`.`status` = '1'  AND `sc`.`is_pay` <> '1'  AND `sc`.`uid` = '2' [ RunTime:0.001000s ]
[ sql ] [ SQL ] SELECT `sc`.`id`,`sc`.`name`,`sc`.`is_pay`,`sc`.`sum`,`sc`.`sort`,`sc`.`status`,d.keyword as d_key,`d`.`img`,`d`.`price`,`d`.`payman`,`c`.`title` FROM `my_shop_cart` `sc` LEFT JOIN `my_detail` `d` ON `sc`.`name`=`d`.`name` LEFT JOIN `my_column` `c` ON `d`.`cid`=`c`.`id` WHERE  `sc`.`status` = '1'  AND `sc`.`is_pay` <> '1'  AND `sc`.`uid` = '2' LIMIT 0,10 [ RunTime:0.000000s ]
---------------------------------------------------------------
[2019-07-01T09:02:43+08:00] 127.0.0.1 GET www.tp5123.com/index/shop_cart/cart
[运行时间：0.065003s] [吞吐率：15.38req/s] [内存消耗：3,140.27kb] [文件加载：147]
[ info ] [ LANG ] E:\www\tp5\thinkphp\lang\zh-cn.php
[ info ] [ ROUTE ] array (
)
[ info ] [ HEADER ] array (
  'host' => 'www.tp5123.com',
  'connection' => 'keep-alive',
  'cache-control' => 'max-age=0',
  'upgrade-insecure-requests' => '1',
  'user-agent' => 'Mozilla/5.0 (Windows NT 6.1; Win64; x64) AppleWebKit/537.36 (KHTML, like Gecko) Chrome/75.0.3770.80 Safari/537.36',
  'accept' => 'text/html,application/xhtml+xml,application/xml;q=0.9,image/webp,image/apng,*/*;q=0.8,application/signed-exchange;v=b3',
  'accept-encoding' => 'gzip, deflate',
  'accept-language' => 'zh-CN,zh;q=0.9',
  'cookie' => 'PHPSESSID=2nb8jhd52opn53u8ve0aq1f313; userKey=VY7veuK4o3r2EjApsL6X58NBbxnW0hPQ',
)
[ info ] [ PARAM ] array (
)
[ info ] [ DB ] INIT mysql
[ info ] [ VIEW ] E:\www\tp5\/tpl/index/shop_cart\cart.html [ array (
  0 => 'ShopCart',
) ]
[ sql ] [ DB ] CONNECT:[ UseTime:0.000000s ] mysql:host=127.0.0.1;dbname=tp5;charset=utf8
[ sql ] [ SQL ] SHOW COLUMNS FROM `my_shop_cart` [ RunTime:0.003000s ]
[ sql ] [ SQL ] SELECT COUNT(*) AS tp_count FROM `my_shop_cart` `sc` LEFT JOIN `my_detail` `d` ON `sc`.`name`=`d`.`name` LEFT JOIN `my_column` `c` ON `d`.`cid`=`c`.`id` WHERE  `sc`.`status` = '1'  AND `sc`.`is_pay` <> '1'  AND `sc`.`uid` = '2' [ RunTime:0.001000s ]
[ sql ] [ SQL ] SELECT `sc`.`id`,`sc`.`name`,`sc`.`is_pay`,`sc`.`sum`,`sc`.`sort`,`sc`.`status`,d.keyword as d_key,`d`.`img`,`d`.`price`,`d`.`payman`,`c`.`title` FROM `my_shop_cart` `sc` LEFT JOIN `my_detail` `d` ON `sc`.`name`=`d`.`name` LEFT JOIN `my_column` `c` ON `d`.`cid`=`c`.`id` WHERE  `sc`.`status` = '1'  AND `sc`.`is_pay` <> '1'  AND `sc`.`uid` = '2' LIMIT 0,10 [ RunTime:0.000000s ]
---------------------------------------------------------------
[2019-07-01T09:04:24+08:00] 127.0.0.1 GET www.tp5123.com/index/shop_cart/cart
[运行时间：0.092006s] [吞吐率：10.87req/s] [内存消耗：3,140.27kb] [文件加载：147]
[ info ] [ LANG ] E:\www\tp5\thinkphp\lang\zh-cn.php
[ info ] [ ROUTE ] array (
)
[ info ] [ HEADER ] array (
  'host' => 'www.tp5123.com',
  'connection' => 'keep-alive',
  'cache-control' => 'max-age=0',
  'upgrade-insecure-requests' => '1',
  'user-agent' => 'Mozilla/5.0 (Windows NT 6.1; Win64; x64) AppleWebKit/537.36 (KHTML, like Gecko) Chrome/75.0.3770.80 Safari/537.36',
  'accept' => 'text/html,application/xhtml+xml,application/xml;q=0.9,image/webp,image/apng,*/*;q=0.8,application/signed-exchange;v=b3',
  'accept-encoding' => 'gzip, deflate',
  'accept-language' => 'zh-CN,zh;q=0.9',
  'cookie' => 'PHPSESSID=2nb8jhd52opn53u8ve0aq1f313; userKey=VY7veuK4o3r2EjApsL6X58NBbxnW0hPQ',
)
[ info ] [ PARAM ] array (
)
[ info ] [ DB ] INIT mysql
[ info ] [ VIEW ] E:\www\tp5\/tpl/index/shop_cart\cart.html [ array (
  0 => 'ShopCart',
) ]
[ sql ] [ DB ] CONNECT:[ UseTime:0.010001s ] mysql:host=127.0.0.1;dbname=tp5;charset=utf8
[ sql ] [ SQL ] SHOW COLUMNS FROM `my_shop_cart` [ RunTime:0.003000s ]
[ sql ] [ SQL ] SELECT COUNT(*) AS tp_count FROM `my_shop_cart` `sc` LEFT JOIN `my_detail` `d` ON `sc`.`name`=`d`.`name` LEFT JOIN `my_column` `c` ON `d`.`cid`=`c`.`id` WHERE  `sc`.`status` = '1'  AND `sc`.`is_pay` <> '1'  AND `sc`.`uid` = '2' [ RunTime:0.001000s ]
[ sql ] [ SQL ] SELECT `sc`.`id`,`sc`.`name`,`sc`.`is_pay`,`sc`.`sum`,`sc`.`sort`,`sc`.`status`,d.keyword as d_key,`d`.`img`,`d`.`price`,`d`.`payman`,`c`.`title` FROM `my_shop_cart` `sc` LEFT JOIN `my_detail` `d` ON `sc`.`name`=`d`.`name` LEFT JOIN `my_column` `c` ON `d`.`cid`=`c`.`id` WHERE  `sc`.`status` = '1'  AND `sc`.`is_pay` <> '1'  AND `sc`.`uid` = '2' LIMIT 0,10 [ RunTime:0.000000s ]
---------------------------------------------------------------
[2019-07-01T09:04:38+08:00] 127.0.0.1 GET www.tp5123.com/index/shop_cart/cart
[运行时间：0.085005s] [吞吐率：11.76req/s] [内存消耗：3,140.27kb] [文件加载：147]
[ info ] [ LANG ] E:\www\tp5\thinkphp\lang\zh-cn.php
[ info ] [ ROUTE ] array (
)
[ info ] [ HEADER ] array (
  'host' => 'www.tp5123.com',
  'connection' => 'keep-alive',
  'cache-control' => 'max-age=0',
  'upgrade-insecure-requests' => '1',
  'user-agent' => 'Mozilla/5.0 (Windows NT 6.1; Win64; x64) AppleWebKit/537.36 (KHTML, like Gecko) Chrome/75.0.3770.80 Safari/537.36',
  'accept' => 'text/html,application/xhtml+xml,application/xml;q=0.9,image/webp,image/apng,*/*;q=0.8,application/signed-exchange;v=b3',
  'accept-encoding' => 'gzip, deflate',
  'accept-language' => 'zh-CN,zh;q=0.9',
  'cookie' => 'PHPSESSID=2nb8jhd52opn53u8ve0aq1f313; userKey=VY7veuK4o3r2EjApsL6X58NBbxnW0hPQ',
)
[ info ] [ PARAM ] array (
)
[ info ] [ DB ] INIT mysql
[ info ] [ VIEW ] E:\www\tp5\/tpl/index/shop_cart\cart.html [ array (
  0 => 'ShopCart',
) ]
[ sql ] [ DB ] CONNECT:[ UseTime:0.001000s ] mysql:host=127.0.0.1;dbname=tp5;charset=utf8
[ sql ] [ SQL ] SHOW COLUMNS FROM `my_shop_cart` [ RunTime:0.002001s ]
[ sql ] [ SQL ] SELECT COUNT(*) AS tp_count FROM `my_shop_cart` `sc` LEFT JOIN `my_detail` `d` ON `sc`.`name`=`d`.`name` LEFT JOIN `my_column` `c` ON `d`.`cid`=`c`.`id` WHERE  `sc`.`status` = '1'  AND `sc`.`is_pay` <> '1'  AND `sc`.`uid` = '2' [ RunTime:0.001000s ]
[ sql ] [ SQL ] SELECT `sc`.`id`,`sc`.`name`,`sc`.`is_pay`,`sc`.`sum`,`sc`.`sort`,`sc`.`status`,d.keyword as d_key,`d`.`img`,`d`.`price`,`d`.`payman`,`c`.`title` FROM `my_shop_cart` `sc` LEFT JOIN `my_detail` `d` ON `sc`.`name`=`d`.`name` LEFT JOIN `my_column` `c` ON `d`.`cid`=`c`.`id` WHERE  `sc`.`status` = '1'  AND `sc`.`is_pay` <> '1'  AND `sc`.`uid` = '2' LIMIT 0,10 [ RunTime:0.000000s ]
---------------------------------------------------------------
[2019-07-01T09:05:25+08:00] 127.0.0.1 GET www.tp5123.com/index/shop_cart/cart
[运行时间：0.081004s] [吞吐率：12.35req/s] [内存消耗：3,140.27kb] [文件加载：147]
[ info ] [ LANG ] E:\www\tp5\thinkphp\lang\zh-cn.php
[ info ] [ ROUTE ] array (
)
[ info ] [ HEADER ] array (
  'host' => 'www.tp5123.com',
  'connection' => 'keep-alive',
  'cache-control' => 'max-age=0',
  'upgrade-insecure-requests' => '1',
  'user-agent' => 'Mozilla/5.0 (Windows NT 6.1; Win64; x64) AppleWebKit/537.36 (KHTML, like Gecko) Chrome/75.0.3770.80 Safari/537.36',
  'accept' => 'text/html,application/xhtml+xml,application/xml;q=0.9,image/webp,image/apng,*/*;q=0.8,application/signed-exchange;v=b3',
  'accept-encoding' => 'gzip, deflate',
  'accept-language' => 'zh-CN,zh;q=0.9',
  'cookie' => 'PHPSESSID=2nb8jhd52opn53u8ve0aq1f313; userKey=VY7veuK4o3r2EjApsL6X58NBbxnW0hPQ',
)
[ info ] [ PARAM ] array (
)
[ info ] [ DB ] INIT mysql
[ info ] [ VIEW ] E:\www\tp5\/tpl/index/shop_cart\cart.html [ array (
  0 => 'ShopCart',
) ]
[ sql ] [ DB ] CONNECT:[ UseTime:0.010001s ] mysql:host=127.0.0.1;dbname=tp5;charset=utf8
[ sql ] [ SQL ] SHOW COLUMNS FROM `my_shop_cart` [ RunTime:0.003000s ]
[ sql ] [ SQL ] SELECT COUNT(*) AS tp_count FROM `my_shop_cart` `sc` LEFT JOIN `my_detail` `d` ON `sc`.`name`=`d`.`name` LEFT JOIN `my_column` `c` ON `d`.`cid`=`c`.`id` WHERE  `sc`.`status` = '1'  AND `sc`.`is_pay` <> '1'  AND `sc`.`uid` = '2' [ RunTime:0.001000s ]
[ sql ] [ SQL ] SELECT `sc`.`id`,`sc`.`name`,`sc`.`is_pay`,`sc`.`sum`,`sc`.`sort`,`sc`.`status`,d.keyword as d_key,`d`.`img`,`d`.`price`,`d`.`payman`,`c`.`title` FROM `my_shop_cart` `sc` LEFT JOIN `my_detail` `d` ON `sc`.`name`=`d`.`name` LEFT JOIN `my_column` `c` ON `d`.`cid`=`c`.`id` WHERE  `sc`.`status` = '1'  AND `sc`.`is_pay` <> '1'  AND `sc`.`uid` = '2' LIMIT 0,10 [ RunTime:0.000000s ]
---------------------------------------------------------------
[2019-07-01T09:05:25+08:00] 127.0.0.1 GET www.tp5123.com/index/shop_cart/cart
[运行时间：0.146009s] [吞吐率：6.85req/s] [内存消耗：2,816.20kb] [文件加载：145]
[ info ] [ LANG ] E:\www\tp5\thinkphp\lang\zh-cn.php
[ info ] [ ROUTE ] array (
)
[ info ] [ HEADER ] array (
  'host' => 'www.tp5123.com',
  'connection' => 'keep-alive',
  'cache-control' => 'max-age=0',
  'upgrade-insecure-requests' => '1',
  'user-agent' => 'Mozilla/5.0 (Windows NT 6.1; Win64; x64) AppleWebKit/537.36 (KHTML, like Gecko) Chrome/75.0.3770.80 Safari/537.36',
  'accept' => 'text/html,application/xhtml+xml,application/xml;q=0.9,image/webp,image/apng,*/*;q=0.8,application/signed-exchange;v=b3',
  'accept-encoding' => 'gzip, deflate',
  'accept-language' => 'zh-CN,zh;q=0.9',
  'cookie' => 'PHPSESSID=2nb8jhd52opn53u8ve0aq1f313; userKey=VY7veuK4o3r2EjApsL6X58NBbxnW0hPQ',
)
[ info ] [ PARAM ] array (
)
[ info ] [ DB ] INIT mysql
[ info ] [ VIEW ] E:\www\tp5\/tpl/index/shop_cart\cart.html [ array (
  0 => 'ShopCart',
) ]
[ sql ] [ DB ] CONNECT:[ UseTime:0.001000s ] mysql:host=127.0.0.1;dbname=tp5;charset=utf8
[ sql ] [ SQL ] SHOW COLUMNS FROM `my_shop_cart` [ RunTime:0.004000s ]
[ sql ] [ SQL ] SELECT COUNT(*) AS tp_count FROM `my_shop_cart` `sc` LEFT JOIN `my_detail` `d` ON `sc`.`name`=`d`.`name` LEFT JOIN `my_column` `c` ON `d`.`cid`=`c`.`id` WHERE  `sc`.`status` = '1'  AND `sc`.`is_pay` <> '1'  AND `sc`.`uid` = '2' [ RunTime:0.004000s ]
[ sql ] [ SQL ] SELECT `sc`.`id`,`sc`.`name`,`sc`.`is_pay`,`sc`.`sum`,`sc`.`sort`,`sc`.`status`,d.keyword as d_key,`d`.`img`,`d`.`price`,`d`.`payman`,`c`.`title` FROM `my_shop_cart` `sc` LEFT JOIN `my_detail` `d` ON `sc`.`name`=`d`.`name` LEFT JOIN `my_column` `c` ON `d`.`cid`=`c`.`id` WHERE  `sc`.`status` = '1'  AND `sc`.`is_pay` <> '1'  AND `sc`.`uid` = '2' LIMIT 0,10 [ RunTime:0.017001s ]
---------------------------------------------------------------
[2019-07-01T09:05:25+08:00] 127.0.0.1 GET www.tp5123.com/index/shop_cart/cart
[运行时间：0.129008s] [吞吐率：7.75req/s] [内存消耗：2,816.20kb] [文件加载：145]
[ info ] [ LANG ] E:\www\tp5\thinkphp\lang\zh-cn.php
[ info ] [ ROUTE ] array (
)
[ info ] [ HEADER ] array (
  'host' => 'www.tp5123.com',
  'connection' => 'keep-alive',
  'cache-control' => 'max-age=0',
  'upgrade-insecure-requests' => '1',
  'user-agent' => 'Mozilla/5.0 (Windows NT 6.1; Win64; x64) AppleWebKit/537.36 (KHTML, like Gecko) Chrome/75.0.3770.80 Safari/537.36',
  'accept' => 'text/html,application/xhtml+xml,application/xml;q=0.9,image/webp,image/apng,*/*;q=0.8,application/signed-exchange;v=b3',
  'accept-encoding' => 'gzip, deflate',
  'accept-language' => 'zh-CN,zh;q=0.9',
  'cookie' => 'PHPSESSID=2nb8jhd52opn53u8ve0aq1f313; userKey=VY7veuK4o3r2EjApsL6X58NBbxnW0hPQ',
)
[ info ] [ PARAM ] array (
)
[ info ] [ DB ] INIT mysql
[ info ] [ VIEW ] E:\www\tp5\/tpl/index/shop_cart\cart.html [ array (
  0 => 'ShopCart',
) ]
[ sql ] [ DB ] CONNECT:[ UseTime:0.001000s ] mysql:host=127.0.0.1;dbname=tp5;charset=utf8
[ sql ] [ SQL ] SHOW COLUMNS FROM `my_shop_cart` [ RunTime:0.010001s ]
[ sql ] [ SQL ] SELECT COUNT(*) AS tp_count FROM `my_shop_cart` `sc` LEFT JOIN `my_detail` `d` ON `sc`.`name`=`d`.`name` LEFT JOIN `my_column` `c` ON `d`.`cid`=`c`.`id` WHERE  `sc`.`status` = '1'  AND `sc`.`is_pay` <> '1'  AND `sc`.`uid` = '2' [ RunTime:0.001000s ]
[ sql ] [ SQL ] SELECT `sc`.`id`,`sc`.`name`,`sc`.`is_pay`,`sc`.`sum`,`sc`.`sort`,`sc`.`status`,d.keyword as d_key,`d`.`img`,`d`.`price`,`d`.`payman`,`c`.`title` FROM `my_shop_cart` `sc` LEFT JOIN `my_detail` `d` ON `sc`.`name`=`d`.`name` LEFT JOIN `my_column` `c` ON `d`.`cid`=`c`.`id` WHERE  `sc`.`status` = '1'  AND `sc`.`is_pay` <> '1'  AND `sc`.`uid` = '2' LIMIT 0,10 [ RunTime:0.000000s ]
---------------------------------------------------------------
[2019-07-01T09:05:25+08:00] 127.0.0.1 GET www.tp5123.com/index/shop_cart/cart
[运行时间：0.125007s] [吞吐率：8.00req/s] [内存消耗：2,816.20kb] [文件加载：145]
[ info ] [ LANG ] E:\www\tp5\thinkphp\lang\zh-cn.php
[ info ] [ ROUTE ] array (
)
[ info ] [ HEADER ] array (
  'host' => 'www.tp5123.com',
  'connection' => 'keep-alive',
  'cache-control' => 'max-age=0',
  'upgrade-insecure-requests' => '1',
  'user-agent' => 'Mozilla/5.0 (Windows NT 6.1; Win64; x64) AppleWebKit/537.36 (KHTML, like Gecko) Chrome/75.0.3770.80 Safari/537.36',
  'accept' => 'text/html,application/xhtml+xml,application/xml;q=0.9,image/webp,image/apng,*/*;q=0.8,application/signed-exchange;v=b3',
  'accept-encoding' => 'gzip, deflate',
  'accept-language' => 'zh-CN,zh;q=0.9',
  'cookie' => 'PHPSESSID=2nb8jhd52opn53u8ve0aq1f313; userKey=VY7veuK4o3r2EjApsL6X58NBbxnW0hPQ',
)
[ info ] [ PARAM ] array (
)
[ info ] [ DB ] INIT mysql
[ info ] [ VIEW ] E:\www\tp5\/tpl/index/shop_cart\cart.html [ array (
  0 => 'ShopCart',
) ]
[ sql ] [ DB ] CONNECT:[ UseTime:0.001000s ] mysql:host=127.0.0.1;dbname=tp5;charset=utf8
[ sql ] [ SQL ] SHOW COLUMNS FROM `my_shop_cart` [ RunTime:0.004000s ]
[ sql ] [ SQL ] SELECT COUNT(*) AS tp_count FROM `my_shop_cart` `sc` LEFT JOIN `my_detail` `d` ON `sc`.`name`=`d`.`name` LEFT JOIN `my_column` `c` ON `d`.`cid`=`c`.`id` WHERE  `sc`.`status` = '1'  AND `sc`.`is_pay` <> '1'  AND `sc`.`uid` = '2' [ RunTime:0.000000s ]
[ sql ] [ SQL ] SELECT `sc`.`id`,`sc`.`name`,`sc`.`is_pay`,`sc`.`sum`,`sc`.`sort`,`sc`.`status`,d.keyword as d_key,`d`.`img`,`d`.`price`,`d`.`payman`,`c`.`title` FROM `my_shop_cart` `sc` LEFT JOIN `my_detail` `d` ON `sc`.`name`=`d`.`name` LEFT JOIN `my_column` `c` ON `d`.`cid`=`c`.`id` WHERE  `sc`.`status` = '1'  AND `sc`.`is_pay` <> '1'  AND `sc`.`uid` = '2' LIMIT 0,10 [ RunTime:0.000000s ]
---------------------------------------------------------------
[2019-07-01T09:05:25+08:00] 127.0.0.1 GET www.tp5123.com/index/shop_cart/cart
[运行时间：0.112007s] [吞吐率：8.93req/s] [内存消耗：2,816.20kb] [文件加载：145]
[ info ] [ LANG ] E:\www\tp5\thinkphp\lang\zh-cn.php
[ info ] [ ROUTE ] array (
)
[ info ] [ HEADER ] array (
  'host' => 'www.tp5123.com',
  'connection' => 'keep-alive',
  'cache-control' => 'max-age=0',
  'upgrade-insecure-requests' => '1',
  'user-agent' => 'Mozilla/5.0 (Windows NT 6.1; Win64; x64) AppleWebKit/537.36 (KHTML, like Gecko) Chrome/75.0.3770.80 Safari/537.36',
  'accept' => 'text/html,application/xhtml+xml,application/xml;q=0.9,image/webp,image/apng,*/*;q=0.8,application/signed-exchange;v=b3',
  'accept-encoding' => 'gzip, deflate',
  'accept-language' => 'zh-CN,zh;q=0.9',
  'cookie' => 'PHPSESSID=2nb8jhd52opn53u8ve0aq1f313; userKey=VY7veuK4o3r2EjApsL6X58NBbxnW0hPQ',
)
[ info ] [ PARAM ] array (
)
[ info ] [ DB ] INIT mysql
[ info ] [ VIEW ] E:\www\tp5\/tpl/index/shop_cart\cart.html [ array (
  0 => 'ShopCart',
) ]
[ sql ] [ DB ] CONNECT:[ UseTime:0.002000s ] mysql:host=127.0.0.1;dbname=tp5;charset=utf8
[ sql ] [ SQL ] SHOW COLUMNS FROM `my_shop_cart` [ RunTime:0.009001s ]
[ sql ] [ SQL ] SELECT COUNT(*) AS tp_count FROM `my_shop_cart` `sc` LEFT JOIN `my_detail` `d` ON `sc`.`name`=`d`.`name` LEFT JOIN `my_column` `c` ON `d`.`cid`=`c`.`id` WHERE  `sc`.`status` = '1'  AND `sc`.`is_pay` <> '1'  AND `sc`.`uid` = '2' [ RunTime:0.002000s ]
[ sql ] [ SQL ] SELECT `sc`.`id`,`sc`.`name`,`sc`.`is_pay`,`sc`.`sum`,`sc`.`sort`,`sc`.`status`,d.keyword as d_key,`d`.`img`,`d`.`price`,`d`.`payman`,`c`.`title` FROM `my_shop_cart` `sc` LEFT JOIN `my_detail` `d` ON `sc`.`name`=`d`.`name` LEFT JOIN `my_column` `c` ON `d`.`cid`=`c`.`id` WHERE  `sc`.`status` = '1'  AND `sc`.`is_pay` <> '1'  AND `sc`.`uid` = '2' LIMIT 0,10 [ RunTime:0.004000s ]
---------------------------------------------------------------
[2019-07-01T09:06:12+08:00] 127.0.0.1 GET www.tp5123.com/index/shop_cart/cart
[运行时间：0.073004s] [吞吐率：13.70req/s] [内存消耗：3,140.77kb] [文件加载：147]
[ info ] [ LANG ] E:\www\tp5\thinkphp\lang\zh-cn.php
[ info ] [ ROUTE ] array (
)
[ info ] [ HEADER ] array (
  'host' => 'www.tp5123.com',
  'connection' => 'keep-alive',
  'cache-control' => 'max-age=0',
  'upgrade-insecure-requests' => '1',
  'user-agent' => 'Mozilla/5.0 (Windows NT 6.1; Win64; x64) AppleWebKit/537.36 (KHTML, like Gecko) Chrome/75.0.3770.80 Safari/537.36',
  'accept' => 'text/html,application/xhtml+xml,application/xml;q=0.9,image/webp,image/apng,*/*;q=0.8,application/signed-exchange;v=b3',
  'accept-encoding' => 'gzip, deflate',
  'accept-language' => 'zh-CN,zh;q=0.9',
  'cookie' => 'PHPSESSID=2nb8jhd52opn53u8ve0aq1f313; userKey=VY7veuK4o3r2EjApsL6X58NBbxnW0hPQ',
)
[ info ] [ PARAM ] array (
)
[ info ] [ DB ] INIT mysql
[ info ] [ VIEW ] E:\www\tp5\/tpl/index/shop_cart\cart.html [ array (
  0 => 'ShopCart',
) ]
[ sql ] [ DB ] CONNECT:[ UseTime:0.002000s ] mysql:host=127.0.0.1;dbname=tp5;charset=utf8
[ sql ] [ SQL ] SHOW COLUMNS FROM `my_shop_cart` [ RunTime:0.002000s ]
[ sql ] [ SQL ] SELECT COUNT(*) AS tp_count FROM `my_shop_cart` `sc` LEFT JOIN `my_detail` `d` ON `sc`.`name`=`d`.`name` LEFT JOIN `my_column` `c` ON `d`.`cid`=`c`.`id` WHERE  `sc`.`status` = '1'  AND `sc`.`is_pay` <> '1'  AND `sc`.`uid` = '2' [ RunTime:0.000000s ]
[ sql ] [ SQL ] SELECT `sc`.`id`,`sc`.`name`,`sc`.`is_pay`,`sc`.`sum`,`sc`.`sort`,`sc`.`status`,d.keyword as d_key,`d`.`img`,`d`.`price`,`d`.`payman`,`c`.`title` FROM `my_shop_cart` `sc` LEFT JOIN `my_detail` `d` ON `sc`.`name`=`d`.`name` LEFT JOIN `my_column` `c` ON `d`.`cid`=`c`.`id` WHERE  `sc`.`status` = '1'  AND `sc`.`is_pay` <> '1'  AND `sc`.`uid` = '2' LIMIT 0,10 [ RunTime:0.001000s ]
---------------------------------------------------------------
[2019-07-01T09:07:09+08:00] 127.0.0.1 GET www.tp5123.com/index/shop_cart/cart
[运行时间：0.085005s] [吞吐率：11.76req/s] [内存消耗：3,140.77kb] [文件加载：147]
[ info ] [ LANG ] E:\www\tp5\thinkphp\lang\zh-cn.php
[ info ] [ ROUTE ] array (
)
[ info ] [ HEADER ] array (
  'host' => 'www.tp5123.com',
  'connection' => 'keep-alive',
  'cache-control' => 'max-age=0',
  'upgrade-insecure-requests' => '1',
  'user-agent' => 'Mozilla/5.0 (Windows NT 6.1; Win64; x64) AppleWebKit/537.36 (KHTML, like Gecko) Chrome/75.0.3770.80 Safari/537.36',
  'accept' => 'text/html,application/xhtml+xml,application/xml;q=0.9,image/webp,image/apng,*/*;q=0.8,application/signed-exchange;v=b3',
  'accept-encoding' => 'gzip, deflate',
  'accept-language' => 'zh-CN,zh;q=0.9',
  'cookie' => 'PHPSESSID=2nb8jhd52opn53u8ve0aq1f313; userKey=VY7veuK4o3r2EjApsL6X58NBbxnW0hPQ',
)
[ info ] [ PARAM ] array (
)
[ info ] [ DB ] INIT mysql
[ info ] [ VIEW ] E:\www\tp5\/tpl/index/shop_cart\cart.html [ array (
  0 => 'ShopCart',
) ]
[ sql ] [ DB ] CONNECT:[ UseTime:0.001000s ] mysql:host=127.0.0.1;dbname=tp5;charset=utf8
[ sql ] [ SQL ] SHOW COLUMNS FROM `my_shop_cart` [ RunTime:0.003000s ]
[ sql ] [ SQL ] SELECT COUNT(*) AS tp_count FROM `my_shop_cart` `sc` LEFT JOIN `my_detail` `d` ON `sc`.`name`=`d`.`name` LEFT JOIN `my_column` `c` ON `d`.`cid`=`c`.`id` WHERE  `sc`.`status` = '1'  AND `sc`.`is_pay` <> '1'  AND `sc`.`uid` = '2' [ RunTime:0.001000s ]
[ sql ] [ SQL ] SELECT `sc`.`id`,`sc`.`name`,`sc`.`is_pay`,`sc`.`sum`,`sc`.`sort`,`sc`.`status`,d.keyword as d_key,`d`.`img`,`d`.`price`,`d`.`payman`,`c`.`title` FROM `my_shop_cart` `sc` LEFT JOIN `my_detail` `d` ON `sc`.`name`=`d`.`name` LEFT JOIN `my_column` `c` ON `d`.`cid`=`c`.`id` WHERE  `sc`.`status` = '1'  AND `sc`.`is_pay` <> '1'  AND `sc`.`uid` = '2' LIMIT 0,10 [ RunTime:0.000000s ]
---------------------------------------------------------------
[2019-07-01T09:07:58+08:00] 127.0.0.1 GET www.tp5123.com/index/shop_cart/cart
[运行时间：0.073005s] [吞吐率：13.70req/s] [内存消耗：3,140.77kb] [文件加载：147]
[ info ] [ LANG ] E:\www\tp5\thinkphp\lang\zh-cn.php
[ info ] [ ROUTE ] array (
)
[ info ] [ HEADER ] array (
  'host' => 'www.tp5123.com',
  'connection' => 'keep-alive',
  'cache-control' => 'max-age=0',
  'upgrade-insecure-requests' => '1',
  'user-agent' => 'Mozilla/5.0 (Windows NT 6.1; Win64; x64) AppleWebKit/537.36 (KHTML, like Gecko) Chrome/75.0.3770.80 Safari/537.36',
  'accept' => 'text/html,application/xhtml+xml,application/xml;q=0.9,image/webp,image/apng,*/*;q=0.8,application/signed-exchange;v=b3',
  'accept-encoding' => 'gzip, deflate',
  'accept-language' => 'zh-CN,zh;q=0.9',
  'cookie' => 'PHPSESSID=2nb8jhd52opn53u8ve0aq1f313; userKey=VY7veuK4o3r2EjApsL6X58NBbxnW0hPQ',
)
[ info ] [ PARAM ] array (
)
[ info ] [ DB ] INIT mysql
[ info ] [ VIEW ] E:\www\tp5\/tpl/index/shop_cart\cart.html [ array (
  0 => 'ShopCart',
) ]
[ sql ] [ DB ] CONNECT:[ UseTime:0.010000s ] mysql:host=127.0.0.1;dbname=tp5;charset=utf8
[ sql ] [ SQL ] SHOW COLUMNS FROM `my_shop_cart` [ RunTime:0.002000s ]
[ sql ] [ SQL ] SELECT COUNT(*) AS tp_count FROM `my_shop_cart` `sc` LEFT JOIN `my_detail` `d` ON `sc`.`name`=`d`.`name` LEFT JOIN `my_column` `c` ON `d`.`cid`=`c`.`id` WHERE  `sc`.`status` = '1'  AND `sc`.`is_pay` <> '1'  AND `sc`.`uid` = '2' [ RunTime:0.001000s ]
[ sql ] [ SQL ] SELECT `sc`.`id`,`sc`.`name`,`sc`.`is_pay`,`sc`.`sum`,`sc`.`sort`,`sc`.`status`,d.keyword as d_key,`d`.`img`,`d`.`price`,`d`.`payman`,`c`.`title` FROM `my_shop_cart` `sc` LEFT JOIN `my_detail` `d` ON `sc`.`name`=`d`.`name` LEFT JOIN `my_column` `c` ON `d`.`cid`=`c`.`id` WHERE  `sc`.`status` = '1'  AND `sc`.`is_pay` <> '1'  AND `sc`.`uid` = '2' LIMIT 0,10 [ RunTime:0.000000s ]
---------------------------------------------------------------
[2019-07-01T09:08:48+08:00] 127.0.0.1 GET www.tp5123.com/index/shop_cart/cart
[运行时间：0.070004s] [吞吐率：14.28req/s] [内存消耗：3,140.77kb] [文件加载：147]
[ info ] [ LANG ] E:\www\tp5\thinkphp\lang\zh-cn.php
[ info ] [ ROUTE ] array (
)
[ info ] [ HEADER ] array (
  'host' => 'www.tp5123.com',
  'connection' => 'keep-alive',
  'cache-control' => 'max-age=0',
  'upgrade-insecure-requests' => '1',
  'user-agent' => 'Mozilla/5.0 (Windows NT 6.1; Win64; x64) AppleWebKit/537.36 (KHTML, like Gecko) Chrome/75.0.3770.80 Safari/537.36',
  'accept' => 'text/html,application/xhtml+xml,application/xml;q=0.9,image/webp,image/apng,*/*;q=0.8,application/signed-exchange;v=b3',
  'accept-encoding' => 'gzip, deflate',
  'accept-language' => 'zh-CN,zh;q=0.9',
  'cookie' => 'PHPSESSID=2nb8jhd52opn53u8ve0aq1f313; userKey=VY7veuK4o3r2EjApsL6X58NBbxnW0hPQ',
)
[ info ] [ PARAM ] array (
)
[ info ] [ DB ] INIT mysql
[ info ] [ VIEW ] E:\www\tp5\/tpl/index/shop_cart\cart.html [ array (
  0 => 'ShopCart',
) ]
[ sql ] [ DB ] CONNECT:[ UseTime:0.010001s ] mysql:host=127.0.0.1;dbname=tp5;charset=utf8
[ sql ] [ SQL ] SHOW COLUMNS FROM `my_shop_cart` [ RunTime:0.002000s ]
[ sql ] [ SQL ] SELECT COUNT(*) AS tp_count FROM `my_shop_cart` `sc` LEFT JOIN `my_detail` `d` ON `sc`.`name`=`d`.`name` LEFT JOIN `my_column` `c` ON `d`.`cid`=`c`.`id` WHERE  `sc`.`status` = '1'  AND `sc`.`is_pay` <> '1'  AND `sc`.`uid` = '2' [ RunTime:0.001000s ]
[ sql ] [ SQL ] SELECT `sc`.`id`,`sc`.`name`,`sc`.`is_pay`,`sc`.`sum`,`sc`.`sort`,`sc`.`status`,d.keyword as d_key,`d`.`img`,`d`.`price`,`d`.`payman`,`c`.`title` FROM `my_shop_cart` `sc` LEFT JOIN `my_detail` `d` ON `sc`.`name`=`d`.`name` LEFT JOIN `my_column` `c` ON `d`.`cid`=`c`.`id` WHERE  `sc`.`status` = '1'  AND `sc`.`is_pay` <> '1'  AND `sc`.`uid` = '2' LIMIT 0,10 [ RunTime:0.000000s ]
---------------------------------------------------------------
[2019-07-01T09:09:27+08:00] 127.0.0.1 GET www.tp5123.com/index/shop_cart/cart
[运行时间：0.081005s] [吞吐率：12.34req/s] [内存消耗：3,140.77kb] [文件加载：147]
[ info ] [ LANG ] E:\www\tp5\thinkphp\lang\zh-cn.php
[ info ] [ ROUTE ] array (
)
[ info ] [ HEADER ] array (
  'host' => 'www.tp5123.com',
  'connection' => 'keep-alive',
  'cache-control' => 'max-age=0',
  'upgrade-insecure-requests' => '1',
  'user-agent' => 'Mozilla/5.0 (Windows NT 6.1; Win64; x64) AppleWebKit/537.36 (KHTML, like Gecko) Chrome/75.0.3770.80 Safari/537.36',
  'accept' => 'text/html,application/xhtml+xml,application/xml;q=0.9,image/webp,image/apng,*/*;q=0.8,application/signed-exchange;v=b3',
  'accept-encoding' => 'gzip, deflate',
  'accept-language' => 'zh-CN,zh;q=0.9',
  'cookie' => 'PHPSESSID=2nb8jhd52opn53u8ve0aq1f313; userKey=VY7veuK4o3r2EjApsL6X58NBbxnW0hPQ',
)
[ info ] [ PARAM ] array (
)
[ info ] [ DB ] INIT mysql
[ info ] [ VIEW ] E:\www\tp5\/tpl/index/shop_cart\cart.html [ array (
  0 => 'ShopCart',
) ]
[ sql ] [ DB ] CONNECT:[ UseTime:0.001000s ] mysql:host=127.0.0.1;dbname=tp5;charset=utf8
[ sql ] [ SQL ] SHOW COLUMNS FROM `my_shop_cart` [ RunTime:0.002000s ]
[ sql ] [ SQL ] SELECT COUNT(*) AS tp_count FROM `my_shop_cart` `sc` LEFT JOIN `my_detail` `d` ON `sc`.`name`=`d`.`name` LEFT JOIN `my_column` `c` ON `d`.`cid`=`c`.`id` WHERE  `sc`.`status` = '1'  AND `sc`.`is_pay` <> '1'  AND `sc`.`uid` = '2' [ RunTime:0.001000s ]
[ sql ] [ SQL ] SELECT `sc`.`id`,`sc`.`name`,`sc`.`is_pay`,`sc`.`sum`,`sc`.`sort`,`sc`.`status`,d.keyword as d_key,`d`.`img`,`d`.`price`,`d`.`payman`,`c`.`title` FROM `my_shop_cart` `sc` LEFT JOIN `my_detail` `d` ON `sc`.`name`=`d`.`name` LEFT JOIN `my_column` `c` ON `d`.`cid`=`c`.`id` WHERE  `sc`.`status` = '1'  AND `sc`.`is_pay` <> '1'  AND `sc`.`uid` = '2' LIMIT 0,10 [ RunTime:0.000000s ]
---------------------------------------------------------------
[2019-07-01T09:10:13+08:00] 127.0.0.1 GET www.tp5123.com/index/shop_cart/cart
[运行时间：0.156009s] [吞吐率：6.41req/s] [内存消耗：3,140.27kb] [文件加载：147]
[ info ] [ LANG ] E:\www\tp5\thinkphp\lang\zh-cn.php
[ info ] [ ROUTE ] array (
)
[ info ] [ HEADER ] array (
  'host' => 'www.tp5123.com',
  'connection' => 'keep-alive',
  'cache-control' => 'max-age=0',
  'upgrade-insecure-requests' => '1',
  'user-agent' => 'Mozilla/5.0 (Windows NT 6.1; Win64; x64) AppleWebKit/537.36 (KHTML, like Gecko) Chrome/75.0.3770.80 Safari/537.36',
  'accept' => 'text/html,application/xhtml+xml,application/xml;q=0.9,image/webp,image/apng,*/*;q=0.8,application/signed-exchange;v=b3',
  'accept-encoding' => 'gzip, deflate',
  'accept-language' => 'zh-CN,zh;q=0.9',
  'cookie' => 'PHPSESSID=2nb8jhd52opn53u8ve0aq1f313; userKey=VY7veuK4o3r2EjApsL6X58NBbxnW0hPQ',
)
[ info ] [ PARAM ] array (
)
[ info ] [ DB ] INIT mysql
[ info ] [ VIEW ] E:\www\tp5\/tpl/index/shop_cart\cart.html [ array (
  0 => 'ShopCart',
) ]
[ sql ] [ DB ] CONNECT:[ UseTime:0.000000s ] mysql:host=127.0.0.1;dbname=tp5;charset=utf8
[ sql ] [ SQL ] SHOW COLUMNS FROM `my_shop_cart` [ RunTime:0.004000s ]
[ sql ] [ SQL ] SELECT COUNT(*) AS tp_count FROM `my_shop_cart` `sc` LEFT JOIN `my_detail` `d` ON `sc`.`name`=`d`.`name` LEFT JOIN `my_column` `c` ON `d`.`cid`=`c`.`id` WHERE  `sc`.`status` = '1'  AND `sc`.`is_pay` <> '1'  AND `sc`.`uid` = '2' [ RunTime:0.001000s ]
[ sql ] [ SQL ] SELECT `sc`.`id`,`sc`.`name`,`sc`.`is_pay`,`sc`.`sum`,`sc`.`sort`,`sc`.`status`,d.keyword as d_key,`d`.`img`,`d`.`price`,`d`.`payman`,`c`.`title` FROM `my_shop_cart` `sc` LEFT JOIN `my_detail` `d` ON `sc`.`name`=`d`.`name` LEFT JOIN `my_column` `c` ON `d`.`cid`=`c`.`id` WHERE  `sc`.`status` = '1'  AND `sc`.`is_pay` <> '1'  AND `sc`.`uid` = '2' LIMIT 0,10 [ RunTime:0.003000s ]
---------------------------------------------------------------
[2019-07-01T09:11:27+08:00] 127.0.0.1 GET www.tp5123.com/index/shop_cart/cart
[运行时间：0.063003s] [吞吐率：15.87req/s] [内存消耗：3,140.27kb] [文件加载：147]
[ info ] [ LANG ] E:\www\tp5\thinkphp\lang\zh-cn.php
[ info ] [ ROUTE ] array (
)
[ info ] [ HEADER ] array (
  'host' => 'www.tp5123.com',
  'connection' => 'keep-alive',
  'cache-control' => 'max-age=0',
  'upgrade-insecure-requests' => '1',
  'user-agent' => 'Mozilla/5.0 (Windows NT 6.1; Win64; x64) AppleWebKit/537.36 (KHTML, like Gecko) Chrome/75.0.3770.80 Safari/537.36',
  'accept' => 'text/html,application/xhtml+xml,application/xml;q=0.9,image/webp,image/apng,*/*;q=0.8,application/signed-exchange;v=b3',
  'accept-encoding' => 'gzip, deflate',
  'accept-language' => 'zh-CN,zh;q=0.9',
  'cookie' => 'PHPSESSID=2nb8jhd52opn53u8ve0aq1f313; userKey=VY7veuK4o3r2EjApsL6X58NBbxnW0hPQ',
)
[ info ] [ PARAM ] array (
)
[ info ] [ DB ] INIT mysql
[ info ] [ VIEW ] E:\www\tp5\/tpl/index/shop_cart\cart.html [ array (
  0 => 'ShopCart',
) ]
[ sql ] [ DB ] CONNECT:[ UseTime:0.011001s ] mysql:host=127.0.0.1;dbname=tp5;charset=utf8
[ sql ] [ SQL ] SHOW COLUMNS FROM `my_shop_cart` [ RunTime:0.003000s ]
[ sql ] [ SQL ] SELECT COUNT(*) AS tp_count FROM `my_shop_cart` `sc` LEFT JOIN `my_detail` `d` ON `sc`.`name`=`d`.`name` LEFT JOIN `my_column` `c` ON `d`.`cid`=`c`.`id` WHERE  `sc`.`status` = '1'  AND `sc`.`is_pay` <> '1'  AND `sc`.`uid` = '2' [ RunTime:0.000000s ]
[ sql ] [ SQL ] SELECT `sc`.`id`,`sc`.`name`,`sc`.`is_pay`,`sc`.`sum`,`sc`.`sort`,`sc`.`status`,d.keyword as d_key,`d`.`img`,`d`.`price`,`d`.`payman`,`c`.`title` FROM `my_shop_cart` `sc` LEFT JOIN `my_detail` `d` ON `sc`.`name`=`d`.`name` LEFT JOIN `my_column` `c` ON `d`.`cid`=`c`.`id` WHERE  `sc`.`status` = '1'  AND `sc`.`is_pay` <> '1'  AND `sc`.`uid` = '2' LIMIT 0,10 [ RunTime:0.000000s ]
---------------------------------------------------------------
[2019-07-01T09:12:00+08:00] 127.0.0.1 GET www.tp5123.com/index/shop_cart/cart
[运行时间：0.140008s] [吞吐率：7.14req/s] [内存消耗：2,816.20kb] [文件加载：145]
[ info ] [ LANG ] E:\www\tp5\thinkphp\lang\zh-cn.php
[ info ] [ ROUTE ] array (
)
[ info ] [ HEADER ] array (
  'host' => 'www.tp5123.com',
  'connection' => 'keep-alive',
  'cache-control' => 'max-age=0',
  'upgrade-insecure-requests' => '1',
  'user-agent' => 'Mozilla/5.0 (Windows NT 6.1; Win64; x64) AppleWebKit/537.36 (KHTML, like Gecko) Chrome/75.0.3770.80 Safari/537.36',
  'accept' => 'text/html,application/xhtml+xml,application/xml;q=0.9,image/webp,image/apng,*/*;q=0.8,application/signed-exchange;v=b3',
  'accept-encoding' => 'gzip, deflate',
  'accept-language' => 'zh-CN,zh;q=0.9',
  'cookie' => 'PHPSESSID=2nb8jhd52opn53u8ve0aq1f313; userKey=VY7veuK4o3r2EjApsL6X58NBbxnW0hPQ',
)
[ info ] [ PARAM ] array (
)
[ info ] [ DB ] INIT mysql
[ info ] [ VIEW ] E:\www\tp5\/tpl/index/shop_cart\cart.html [ array (
  0 => 'ShopCart',
) ]
[ sql ] [ DB ] CONNECT:[ UseTime:0.001000s ] mysql:host=127.0.0.1;dbname=tp5;charset=utf8
[ sql ] [ SQL ] SHOW COLUMNS FROM `my_shop_cart` [ RunTime:0.003000s ]
[ sql ] [ SQL ] SELECT COUNT(*) AS tp_count FROM `my_shop_cart` `sc` LEFT JOIN `my_detail` `d` ON `sc`.`name`=`d`.`name` LEFT JOIN `my_column` `c` ON `d`.`cid`=`c`.`id` WHERE  `sc`.`status` = '1'  AND `sc`.`is_pay` <> '1'  AND `sc`.`uid` = '2' [ RunTime:0.001000s ]
[ sql ] [ SQL ] SELECT `sc`.`id`,`sc`.`name`,`sc`.`is_pay`,`sc`.`sum`,`sc`.`sort`,`sc`.`status`,d.keyword as d_key,`d`.`img`,`d`.`price`,`d`.`payman`,`c`.`title` FROM `my_shop_cart` `sc` LEFT JOIN `my_detail` `d` ON `sc`.`name`=`d`.`name` LEFT JOIN `my_column` `c` ON `d`.`cid`=`c`.`id` WHERE  `sc`.`status` = '1'  AND `sc`.`is_pay` <> '1'  AND `sc`.`uid` = '2' LIMIT 0,10 [ RunTime:0.002000s ]
---------------------------------------------------------------
[2019-07-01T09:12:04+08:00] 127.0.0.1 GET www.tp5123.com/index/shop_cart/cart
[运行时间：0.086005s] [吞吐率：11.63req/s] [内存消耗：2,816.20kb] [文件加载：145]
[ info ] [ LANG ] E:\www\tp5\thinkphp\lang\zh-cn.php
[ info ] [ ROUTE ] array (
)
[ info ] [ HEADER ] array (
  'host' => 'www.tp5123.com',
  'connection' => 'keep-alive',
  'cache-control' => 'max-age=0',
  'upgrade-insecure-requests' => '1',
  'user-agent' => 'Mozilla/5.0 (Windows NT 6.1; Win64; x64) AppleWebKit/537.36 (KHTML, like Gecko) Chrome/75.0.3770.80 Safari/537.36',
  'accept' => 'text/html,application/xhtml+xml,application/xml;q=0.9,image/webp,image/apng,*/*;q=0.8,application/signed-exchange;v=b3',
  'accept-encoding' => 'gzip, deflate',
  'accept-language' => 'zh-CN,zh;q=0.9',
  'cookie' => 'PHPSESSID=2nb8jhd52opn53u8ve0aq1f313; userKey=VY7veuK4o3r2EjApsL6X58NBbxnW0hPQ',
)
[ info ] [ PARAM ] array (
)
[ info ] [ DB ] INIT mysql
[ info ] [ VIEW ] E:\www\tp5\/tpl/index/shop_cart\cart.html [ array (
  0 => 'ShopCart',
) ]
[ sql ] [ DB ] CONNECT:[ UseTime:0.002000s ] mysql:host=127.0.0.1;dbname=tp5;charset=utf8
[ sql ] [ SQL ] SHOW COLUMNS FROM `my_shop_cart` [ RunTime:0.005000s ]
[ sql ] [ SQL ] SELECT COUNT(*) AS tp_count FROM `my_shop_cart` `sc` LEFT JOIN `my_detail` `d` ON `sc`.`name`=`d`.`name` LEFT JOIN `my_column` `c` ON `d`.`cid`=`c`.`id` WHERE  `sc`.`status` = '1'  AND `sc`.`is_pay` <> '1'  AND `sc`.`uid` = '2' [ RunTime:0.000000s ]
[ sql ] [ SQL ] SELECT `sc`.`id`,`sc`.`name`,`sc`.`is_pay`,`sc`.`sum`,`sc`.`sort`,`sc`.`status`,d.keyword as d_key,`d`.`img`,`d`.`price`,`d`.`payman`,`c`.`title` FROM `my_shop_cart` `sc` LEFT JOIN `my_detail` `d` ON `sc`.`name`=`d`.`name` LEFT JOIN `my_column` `c` ON `d`.`cid`=`c`.`id` WHERE  `sc`.`status` = '1'  AND `sc`.`is_pay` <> '1'  AND `sc`.`uid` = '2' LIMIT 0,10 [ RunTime:0.000000s ]
---------------------------------------------------------------
[2019-07-01T09:12:10+08:00] 127.0.0.1 GET www.tp5123.com/index/shop_cart/cart
[运行时间：0.067003s] [吞吐率：14.92req/s] [内存消耗：2,816.20kb] [文件加载：145]
[ info ] [ LANG ] E:\www\tp5\thinkphp\lang\zh-cn.php
[ info ] [ ROUTE ] array (
)
[ info ] [ HEADER ] array (
  'host' => 'www.tp5123.com',
  'connection' => 'keep-alive',
  'cache-control' => 'max-age=0',
  'upgrade-insecure-requests' => '1',
  'user-agent' => 'Mozilla/5.0 (Windows NT 6.1; Win64; x64) AppleWebKit/537.36 (KHTML, like Gecko) Chrome/75.0.3770.80 Safari/537.36',
  'accept' => 'text/html,application/xhtml+xml,application/xml;q=0.9,image/webp,image/apng,*/*;q=0.8,application/signed-exchange;v=b3',
  'accept-encoding' => 'gzip, deflate',
  'accept-language' => 'zh-CN,zh;q=0.9',
  'cookie' => 'PHPSESSID=2nb8jhd52opn53u8ve0aq1f313; userKey=VY7veuK4o3r2EjApsL6X58NBbxnW0hPQ',
)
[ info ] [ PARAM ] array (
)
[ info ] [ DB ] INIT mysql
[ info ] [ VIEW ] E:\www\tp5\/tpl/index/shop_cart\cart.html [ array (
  0 => 'ShopCart',
) ]
[ sql ] [ DB ] CONNECT:[ UseTime:0.010001s ] mysql:host=127.0.0.1;dbname=tp5;charset=utf8
[ sql ] [ SQL ] SHOW COLUMNS FROM `my_shop_cart` [ RunTime:0.002000s ]
[ sql ] [ SQL ] SELECT COUNT(*) AS tp_count FROM `my_shop_cart` `sc` LEFT JOIN `my_detail` `d` ON `sc`.`name`=`d`.`name` LEFT JOIN `my_column` `c` ON `d`.`cid`=`c`.`id` WHERE  `sc`.`status` = '1'  AND `sc`.`is_pay` <> '1'  AND `sc`.`uid` = '2' [ RunTime:0.000000s ]
[ sql ] [ SQL ] SELECT `sc`.`id`,`sc`.`name`,`sc`.`is_pay`,`sc`.`sum`,`sc`.`sort`,`sc`.`status`,d.keyword as d_key,`d`.`img`,`d`.`price`,`d`.`payman`,`c`.`title` FROM `my_shop_cart` `sc` LEFT JOIN `my_detail` `d` ON `sc`.`name`=`d`.`name` LEFT JOIN `my_column` `c` ON `d`.`cid`=`c`.`id` WHERE  `sc`.`status` = '1'  AND `sc`.`is_pay` <> '1'  AND `sc`.`uid` = '2' LIMIT 0,10 [ RunTime:0.001000s ]
---------------------------------------------------------------
[2019-07-01T09:12:11+08:00] 127.0.0.1 GET www.tp5123.com/index/shop_cart/cart
[运行时间：0.067004s] [吞吐率：14.92req/s] [内存消耗：2,816.20kb] [文件加载：145]
[ info ] [ LANG ] E:\www\tp5\thinkphp\lang\zh-cn.php
[ info ] [ ROUTE ] array (
)
[ info ] [ HEADER ] array (
  'host' => 'www.tp5123.com',
  'connection' => 'keep-alive',
  'cache-control' => 'max-age=0',
  'upgrade-insecure-requests' => '1',
  'user-agent' => 'Mozilla/5.0 (Windows NT 6.1; Win64; x64) AppleWebKit/537.36 (KHTML, like Gecko) Chrome/75.0.3770.80 Safari/537.36',
  'accept' => 'text/html,application/xhtml+xml,application/xml;q=0.9,image/webp,image/apng,*/*;q=0.8,application/signed-exchange;v=b3',
  'accept-encoding' => 'gzip, deflate',
  'accept-language' => 'zh-CN,zh;q=0.9',
  'cookie' => 'PHPSESSID=2nb8jhd52opn53u8ve0aq1f313; userKey=VY7veuK4o3r2EjApsL6X58NBbxnW0hPQ',
)
[ info ] [ PARAM ] array (
)
[ info ] [ DB ] INIT mysql
[ info ] [ VIEW ] E:\www\tp5\/tpl/index/shop_cart\cart.html [ array (
  0 => 'ShopCart',
) ]
[ sql ] [ DB ] CONNECT:[ UseTime:0.010001s ] mysql:host=127.0.0.1;dbname=tp5;charset=utf8
[ sql ] [ SQL ] SHOW COLUMNS FROM `my_shop_cart` [ RunTime:0.002000s ]
[ sql ] [ SQL ] SELECT COUNT(*) AS tp_count FROM `my_shop_cart` `sc` LEFT JOIN `my_detail` `d` ON `sc`.`name`=`d`.`name` LEFT JOIN `my_column` `c` ON `d`.`cid`=`c`.`id` WHERE  `sc`.`status` = '1'  AND `sc`.`is_pay` <> '1'  AND `sc`.`uid` = '2' [ RunTime:0.001000s ]
[ sql ] [ SQL ] SELECT `sc`.`id`,`sc`.`name`,`sc`.`is_pay`,`sc`.`sum`,`sc`.`sort`,`sc`.`status`,d.keyword as d_key,`d`.`img`,`d`.`price`,`d`.`payman`,`c`.`title` FROM `my_shop_cart` `sc` LEFT JOIN `my_detail` `d` ON `sc`.`name`=`d`.`name` LEFT JOIN `my_column` `c` ON `d`.`cid`=`c`.`id` WHERE  `sc`.`status` = '1'  AND `sc`.`is_pay` <> '1'  AND `sc`.`uid` = '2' LIMIT 0,10 [ RunTime:0.001000s ]
---------------------------------------------------------------
[2019-07-01T09:23:27+08:00] 127.0.0.1 GET www.tp5123.com/index/shop_cart/cart
[运行时间：0.090005s] [吞吐率：11.11req/s] [内存消耗：2,816.20kb] [文件加载：145]
[ info ] [ LANG ] E:\www\tp5\thinkphp\lang\zh-cn.php
[ info ] [ ROUTE ] array (
)
[ info ] [ HEADER ] array (
  'host' => 'www.tp5123.com',
  'connection' => 'keep-alive',
  'cache-control' => 'max-age=0',
  'upgrade-insecure-requests' => '1',
  'user-agent' => 'Mozilla/5.0 (Windows NT 6.1; Win64; x64) AppleWebKit/537.36 (KHTML, like Gecko) Chrome/75.0.3770.80 Safari/537.36',
  'accept' => 'text/html,application/xhtml+xml,application/xml;q=0.9,image/webp,image/apng,*/*;q=0.8,application/signed-exchange;v=b3',
  'accept-encoding' => 'gzip, deflate',
  'accept-language' => 'zh-CN,zh;q=0.9',
  'cookie' => 'PHPSESSID=2nb8jhd52opn53u8ve0aq1f313; userKey=VY7veuK4o3r2EjApsL6X58NBbxnW0hPQ',
)
[ info ] [ PARAM ] array (
)
[ info ] [ DB ] INIT mysql
[ info ] [ VIEW ] E:\www\tp5\/tpl/index/shop_cart\cart.html [ array (
  0 => 'ShopCart',
) ]
[ sql ] [ DB ] CONNECT:[ UseTime:0.010000s ] mysql:host=127.0.0.1;dbname=tp5;charset=utf8
[ sql ] [ SQL ] SHOW COLUMNS FROM `my_shop_cart` [ RunTime:0.003000s ]
[ sql ] [ SQL ] SELECT COUNT(*) AS tp_count FROM `my_shop_cart` `sc` LEFT JOIN `my_detail` `d` ON `sc`.`name`=`d`.`name` LEFT JOIN `my_column` `c` ON `d`.`cid`=`c`.`id` WHERE  `sc`.`status` = '1'  AND `sc`.`is_pay` <> '1'  AND `sc`.`uid` = '2' [ RunTime:0.000000s ]
[ sql ] [ SQL ] SELECT `sc`.`id`,`sc`.`name`,`sc`.`is_pay`,`sc`.`sum`,`sc`.`sort`,`sc`.`status`,d.keyword as d_key,`d`.`img`,`d`.`price`,`d`.`payman`,`c`.`title` FROM `my_shop_cart` `sc` LEFT JOIN `my_detail` `d` ON `sc`.`name`=`d`.`name` LEFT JOIN `my_column` `c` ON `d`.`cid`=`c`.`id` WHERE  `sc`.`status` = '1'  AND `sc`.`is_pay` <> '1'  AND `sc`.`uid` = '2' LIMIT 0,10 [ RunTime:0.001000s ]
---------------------------------------------------------------
[2019-07-01T09:24:05+08:00] 127.0.0.1 GET www.tp5123.com/index/shop_cart/cart
[运行时间：0.070004s] [吞吐率：14.28req/s] [内存消耗：3,140.77kb] [文件加载：147]
[ info ] [ LANG ] E:\www\tp5\thinkphp\lang\zh-cn.php
[ info ] [ ROUTE ] array (
)
[ info ] [ HEADER ] array (
  'host' => 'www.tp5123.com',
  'connection' => 'keep-alive',
  'cache-control' => 'max-age=0',
  'upgrade-insecure-requests' => '1',
  'user-agent' => 'Mozilla/5.0 (Windows NT 6.1; Win64; x64) AppleWebKit/537.36 (KHTML, like Gecko) Chrome/75.0.3770.80 Safari/537.36',
  'accept' => 'text/html,application/xhtml+xml,application/xml;q=0.9,image/webp,image/apng,*/*;q=0.8,application/signed-exchange;v=b3',
  'accept-encoding' => 'gzip, deflate',
  'accept-language' => 'zh-CN,zh;q=0.9',
  'cookie' => 'PHPSESSID=2nb8jhd52opn53u8ve0aq1f313; userKey=VY7veuK4o3r2EjApsL6X58NBbxnW0hPQ',
)
[ info ] [ PARAM ] array (
)
[ info ] [ DB ] INIT mysql
[ info ] [ VIEW ] E:\www\tp5\/tpl/index/shop_cart\cart.html [ array (
  0 => 'ShopCart',
) ]
[ sql ] [ DB ] CONNECT:[ UseTime:0.001000s ] mysql:host=127.0.0.1;dbname=tp5;charset=utf8
[ sql ] [ SQL ] SHOW COLUMNS FROM `my_shop_cart` [ RunTime:0.003000s ]
[ sql ] [ SQL ] SELECT COUNT(*) AS tp_count FROM `my_shop_cart` `sc` LEFT JOIN `my_detail` `d` ON `sc`.`name`=`d`.`name` LEFT JOIN `my_column` `c` ON `d`.`cid`=`c`.`id` WHERE  `sc`.`status` = '1'  AND `sc`.`is_pay` <> '1'  AND `sc`.`uid` = '2' [ RunTime:0.000000s ]
[ sql ] [ SQL ] SELECT `sc`.`id`,`sc`.`name`,`sc`.`is_pay`,`sc`.`sum`,`sc`.`sort`,`sc`.`status`,d.keyword as d_key,`d`.`img`,`d`.`price`,`d`.`payman`,`c`.`title` FROM `my_shop_cart` `sc` LEFT JOIN `my_detail` `d` ON `sc`.`name`=`d`.`name` LEFT JOIN `my_column` `c` ON `d`.`cid`=`c`.`id` WHERE  `sc`.`status` = '1'  AND `sc`.`is_pay` <> '1'  AND `sc`.`uid` = '2' LIMIT 0,10 [ RunTime:0.000000s ]
---------------------------------------------------------------
[2019-07-01T09:24:10+08:00] 127.0.0.1 GET www.tp5123.com/index/shop_cart/cart
[运行时间：0.057003s] [吞吐率：17.54req/s] [内存消耗：2,816.70kb] [文件加载：145]
[ info ] [ LANG ] E:\www\tp5\thinkphp\lang\zh-cn.php
[ info ] [ ROUTE ] array (
)
[ info ] [ HEADER ] array (
  'host' => 'www.tp5123.com',
  'connection' => 'keep-alive',
  'cache-control' => 'max-age=0',
  'upgrade-insecure-requests' => '1',
  'user-agent' => 'Mozilla/5.0 (Windows NT 6.1; Win64; x64) AppleWebKit/537.36 (KHTML, like Gecko) Chrome/75.0.3770.80 Safari/537.36',
  'accept' => 'text/html,application/xhtml+xml,application/xml;q=0.9,image/webp,image/apng,*/*;q=0.8,application/signed-exchange;v=b3',
  'accept-encoding' => 'gzip, deflate',
  'accept-language' => 'zh-CN,zh;q=0.9',
  'cookie' => 'PHPSESSID=2nb8jhd52opn53u8ve0aq1f313; userKey=VY7veuK4o3r2EjApsL6X58NBbxnW0hPQ',
)
[ info ] [ PARAM ] array (
)
[ info ] [ DB ] INIT mysql
[ info ] [ VIEW ] E:\www\tp5\/tpl/index/shop_cart\cart.html [ array (
  0 => 'ShopCart',
) ]
[ sql ] [ DB ] CONNECT:[ UseTime:0.001000s ] mysql:host=127.0.0.1;dbname=tp5;charset=utf8
[ sql ] [ SQL ] SHOW COLUMNS FROM `my_shop_cart` [ RunTime:0.003001s ]
[ sql ] [ SQL ] SELECT COUNT(*) AS tp_count FROM `my_shop_cart` `sc` LEFT JOIN `my_detail` `d` ON `sc`.`name`=`d`.`name` LEFT JOIN `my_column` `c` ON `d`.`cid`=`c`.`id` WHERE  `sc`.`status` = '1'  AND `sc`.`is_pay` <> '1'  AND `sc`.`uid` = '2' [ RunTime:0.000000s ]
[ sql ] [ SQL ] SELECT `sc`.`id`,`sc`.`name`,`sc`.`is_pay`,`sc`.`sum`,`sc`.`sort`,`sc`.`status`,d.keyword as d_key,`d`.`img`,`d`.`price`,`d`.`payman`,`c`.`title` FROM `my_shop_cart` `sc` LEFT JOIN `my_detail` `d` ON `sc`.`name`=`d`.`name` LEFT JOIN `my_column` `c` ON `d`.`cid`=`c`.`id` WHERE  `sc`.`status` = '1'  AND `sc`.`is_pay` <> '1'  AND `sc`.`uid` = '2' LIMIT 0,10 [ RunTime:0.001000s ]
---------------------------------------------------------------
[2019-07-01T09:24:41+08:00] 127.0.0.1 GET www.tp5123.com/index/shop_cart/cart
[运行时间：0.085005s] [吞吐率：11.76req/s] [内存消耗：3,140.77kb] [文件加载：147]
[ info ] [ LANG ] E:\www\tp5\thinkphp\lang\zh-cn.php
[ info ] [ ROUTE ] array (
)
[ info ] [ HEADER ] array (
  'host' => 'www.tp5123.com',
  'connection' => 'keep-alive',
  'cache-control' => 'max-age=0',
  'upgrade-insecure-requests' => '1',
  'user-agent' => 'Mozilla/5.0 (Windows NT 6.1; Win64; x64) AppleWebKit/537.36 (KHTML, like Gecko) Chrome/75.0.3770.80 Safari/537.36',
  'accept' => 'text/html,application/xhtml+xml,application/xml;q=0.9,image/webp,image/apng,*/*;q=0.8,application/signed-exchange;v=b3',
  'accept-encoding' => 'gzip, deflate',
  'accept-language' => 'zh-CN,zh;q=0.9',
  'cookie' => 'PHPSESSID=2nb8jhd52opn53u8ve0aq1f313; userKey=VY7veuK4o3r2EjApsL6X58NBbxnW0hPQ',
)
[ info ] [ PARAM ] array (
)
[ info ] [ DB ] INIT mysql
[ info ] [ VIEW ] E:\www\tp5\/tpl/index/shop_cart\cart.html [ array (
  0 => 'ShopCart',
) ]
[ sql ] [ DB ] CONNECT:[ UseTime:0.001000s ] mysql:host=127.0.0.1;dbname=tp5;charset=utf8
[ sql ] [ SQL ] SHOW COLUMNS FROM `my_shop_cart` [ RunTime:0.003000s ]
[ sql ] [ SQL ] SELECT COUNT(*) AS tp_count FROM `my_shop_cart` `sc` LEFT JOIN `my_detail` `d` ON `sc`.`name`=`d`.`name` LEFT JOIN `my_column` `c` ON `d`.`cid`=`c`.`id` WHERE  `sc`.`status` = '1'  AND `sc`.`is_pay` <> '1'  AND `sc`.`uid` = '2' [ RunTime:0.000000s ]
[ sql ] [ SQL ] SELECT `sc`.`id`,`sc`.`name`,`sc`.`is_pay`,`sc`.`sum`,`sc`.`sort`,`sc`.`status`,d.keyword as d_key,`d`.`img`,`d`.`price`,`d`.`payman`,`c`.`title` FROM `my_shop_cart` `sc` LEFT JOIN `my_detail` `d` ON `sc`.`name`=`d`.`name` LEFT JOIN `my_column` `c` ON `d`.`cid`=`c`.`id` WHERE  `sc`.`status` = '1'  AND `sc`.`is_pay` <> '1'  AND `sc`.`uid` = '2' LIMIT 0,10 [ RunTime:0.001000s ]
---------------------------------------------------------------
[2019-07-01T09:24:44+08:00] 127.0.0.1 GET www.tp5123.com/index/shop_cart/cart
[运行时间：0.064004s] [吞吐率：15.62req/s] [内存消耗：2,816.70kb] [文件加载：145]
[ info ] [ LANG ] E:\www\tp5\thinkphp\lang\zh-cn.php
[ info ] [ ROUTE ] array (
)
[ info ] [ HEADER ] array (
  'host' => 'www.tp5123.com',
  'connection' => 'keep-alive',
  'cache-control' => 'max-age=0',
  'upgrade-insecure-requests' => '1',
  'user-agent' => 'Mozilla/5.0 (Windows NT 6.1; Win64; x64) AppleWebKit/537.36 (KHTML, like Gecko) Chrome/75.0.3770.80 Safari/537.36',
  'accept' => 'text/html,application/xhtml+xml,application/xml;q=0.9,image/webp,image/apng,*/*;q=0.8,application/signed-exchange;v=b3',
  'accept-encoding' => 'gzip, deflate',
  'accept-language' => 'zh-CN,zh;q=0.9',
  'cookie' => 'PHPSESSID=2nb8jhd52opn53u8ve0aq1f313; userKey=VY7veuK4o3r2EjApsL6X58NBbxnW0hPQ',
)
[ info ] [ PARAM ] array (
)
[ info ] [ DB ] INIT mysql
[ info ] [ VIEW ] E:\www\tp5\/tpl/index/shop_cart\cart.html [ array (
  0 => 'ShopCart',
) ]
[ sql ] [ DB ] CONNECT:[ UseTime:0.001000s ] mysql:host=127.0.0.1;dbname=tp5;charset=utf8
[ sql ] [ SQL ] SHOW COLUMNS FROM `my_shop_cart` [ RunTime:0.004000s ]
[ sql ] [ SQL ] SELECT COUNT(*) AS tp_count FROM `my_shop_cart` `sc` LEFT JOIN `my_detail` `d` ON `sc`.`name`=`d`.`name` LEFT JOIN `my_column` `c` ON `d`.`cid`=`c`.`id` WHERE  `sc`.`status` = '1'  AND `sc`.`is_pay` <> '1'  AND `sc`.`uid` = '2' [ RunTime:0.001000s ]
[ sql ] [ SQL ] SELECT `sc`.`id`,`sc`.`name`,`sc`.`is_pay`,`sc`.`sum`,`sc`.`sort`,`sc`.`status`,d.keyword as d_key,`d`.`img`,`d`.`price`,`d`.`payman`,`c`.`title` FROM `my_shop_cart` `sc` LEFT JOIN `my_detail` `d` ON `sc`.`name`=`d`.`name` LEFT JOIN `my_column` `c` ON `d`.`cid`=`c`.`id` WHERE  `sc`.`status` = '1'  AND `sc`.`is_pay` <> '1'  AND `sc`.`uid` = '2' LIMIT 0,10 [ RunTime:0.000000s ]
---------------------------------------------------------------
[2019-07-01T09:25:36+08:00] 127.0.0.1 GET www.tp5123.com/index/shop_cart/cart
[运行时间：0.076004s] [吞吐率：13.16req/s] [内存消耗：2,816.70kb] [文件加载：145]
[ info ] [ LANG ] E:\www\tp5\thinkphp\lang\zh-cn.php
[ info ] [ ROUTE ] array (
)
[ info ] [ HEADER ] array (
  'host' => 'www.tp5123.com',
  'connection' => 'keep-alive',
  'cache-control' => 'max-age=0',
  'upgrade-insecure-requests' => '1',
  'user-agent' => 'Mozilla/5.0 (Windows NT 6.1; Win64; x64) AppleWebKit/537.36 (KHTML, like Gecko) Chrome/75.0.3770.80 Safari/537.36',
  'accept' => 'text/html,application/xhtml+xml,application/xml;q=0.9,image/webp,image/apng,*/*;q=0.8,application/signed-exchange;v=b3',
  'accept-encoding' => 'gzip, deflate',
  'accept-language' => 'zh-CN,zh;q=0.9',
  'cookie' => 'PHPSESSID=2nb8jhd52opn53u8ve0aq1f313; userKey=VY7veuK4o3r2EjApsL6X58NBbxnW0hPQ',
)
[ info ] [ PARAM ] array (
)
[ info ] [ DB ] INIT mysql
[ info ] [ VIEW ] E:\www\tp5\/tpl/index/shop_cart\cart.html [ array (
  0 => 'ShopCart',
) ]
[ sql ] [ DB ] CONNECT:[ UseTime:0.000000s ] mysql:host=127.0.0.1;dbname=tp5;charset=utf8
[ sql ] [ SQL ] SHOW COLUMNS FROM `my_shop_cart` [ RunTime:0.003000s ]
[ sql ] [ SQL ] SELECT COUNT(*) AS tp_count FROM `my_shop_cart` `sc` LEFT JOIN `my_detail` `d` ON `sc`.`name`=`d`.`name` LEFT JOIN `my_column` `c` ON `d`.`cid`=`c`.`id` WHERE  `sc`.`status` = '1'  AND `sc`.`is_pay` <> '1'  AND `sc`.`uid` = '2' [ RunTime:0.000000s ]
[ sql ] [ SQL ] SELECT `sc`.`id`,`sc`.`name`,`sc`.`is_pay`,`sc`.`sum`,`sc`.`sort`,`sc`.`status`,d.keyword as d_key,`d`.`img`,`d`.`price`,`d`.`payman`,`c`.`title` FROM `my_shop_cart` `sc` LEFT JOIN `my_detail` `d` ON `sc`.`name`=`d`.`name` LEFT JOIN `my_column` `c` ON `d`.`cid`=`c`.`id` WHERE  `sc`.`status` = '1'  AND `sc`.`is_pay` <> '1'  AND `sc`.`uid` = '2' LIMIT 0,10 [ RunTime:0.000000s ]
---------------------------------------------------------------
[2019-07-01T09:25:36+08:00] 127.0.0.1 GET www.tp5123.com/index/shop_cart/cart
[运行时间：0.142008s] [吞吐率：7.04req/s] [内存消耗：2,816.70kb] [文件加载：145]
[ info ] [ LANG ] E:\www\tp5\thinkphp\lang\zh-cn.php
[ info ] [ ROUTE ] array (
)
[ info ] [ HEADER ] array (
  'host' => 'www.tp5123.com',
  'connection' => 'keep-alive',
  'cache-control' => 'max-age=0',
  'upgrade-insecure-requests' => '1',
  'user-agent' => 'Mozilla/5.0 (Windows NT 6.1; Win64; x64) AppleWebKit/537.36 (KHTML, like Gecko) Chrome/75.0.3770.80 Safari/537.36',
  'accept' => 'text/html,application/xhtml+xml,application/xml;q=0.9,image/webp,image/apng,*/*;q=0.8,application/signed-exchange;v=b3',
  'accept-encoding' => 'gzip, deflate',
  'accept-language' => 'zh-CN,zh;q=0.9',
  'cookie' => 'PHPSESSID=2nb8jhd52opn53u8ve0aq1f313; userKey=VY7veuK4o3r2EjApsL6X58NBbxnW0hPQ',
)
[ info ] [ PARAM ] array (
)
[ info ] [ DB ] INIT mysql
[ info ] [ VIEW ] E:\www\tp5\/tpl/index/shop_cart\cart.html [ array (
  0 => 'ShopCart',
) ]
[ sql ] [ DB ] CONNECT:[ UseTime:0.013001s ] mysql:host=127.0.0.1;dbname=tp5;charset=utf8
[ sql ] [ SQL ] SHOW COLUMNS FROM `my_shop_cart` [ RunTime:0.008000s ]
[ sql ] [ SQL ] SELECT COUNT(*) AS tp_count FROM `my_shop_cart` `sc` LEFT JOIN `my_detail` `d` ON `sc`.`name`=`d`.`name` LEFT JOIN `my_column` `c` ON `d`.`cid`=`c`.`id` WHERE  `sc`.`status` = '1'  AND `sc`.`is_pay` <> '1'  AND `sc`.`uid` = '2' [ RunTime:0.001000s ]
[ sql ] [ SQL ] SELECT `sc`.`id`,`sc`.`name`,`sc`.`is_pay`,`sc`.`sum`,`sc`.`sort`,`sc`.`status`,d.keyword as d_key,`d`.`img`,`d`.`price`,`d`.`payman`,`c`.`title` FROM `my_shop_cart` `sc` LEFT JOIN `my_detail` `d` ON `sc`.`name`=`d`.`name` LEFT JOIN `my_column` `c` ON `d`.`cid`=`c`.`id` WHERE  `sc`.`status` = '1'  AND `sc`.`is_pay` <> '1'  AND `sc`.`uid` = '2' LIMIT 0,10 [ RunTime:0.000000s ]
---------------------------------------------------------------
[2019-07-01T09:26:17+08:00] 127.0.0.1 GET www.tp5123.com/index/shop_cart/cart
[运行时间：0.053003s] [吞吐率：18.87req/s] [内存消耗：2,816.70kb] [文件加载：145]
[ info ] [ LANG ] E:\www\tp5\thinkphp\lang\zh-cn.php
[ info ] [ ROUTE ] array (
)
[ info ] [ HEADER ] array (
  'host' => 'www.tp5123.com',
  'connection' => 'keep-alive',
  'cache-control' => 'max-age=0',
  'upgrade-insecure-requests' => '1',
  'user-agent' => 'Mozilla/5.0 (Windows NT 6.1; Win64; x64) AppleWebKit/537.36 (KHTML, like Gecko) Chrome/75.0.3770.80 Safari/537.36',
  'accept' => 'text/html,application/xhtml+xml,application/xml;q=0.9,image/webp,image/apng,*/*;q=0.8,application/signed-exchange;v=b3',
  'accept-encoding' => 'gzip, deflate',
  'accept-language' => 'zh-CN,zh;q=0.9',
  'cookie' => 'PHPSESSID=2nb8jhd52opn53u8ve0aq1f313; userKey=VY7veuK4o3r2EjApsL6X58NBbxnW0hPQ',
)
[ info ] [ PARAM ] array (
)
[ info ] [ DB ] INIT mysql
[ info ] [ VIEW ] E:\www\tp5\/tpl/index/shop_cart\cart.html [ array (
  0 => 'ShopCart',
) ]
[ sql ] [ DB ] CONNECT:[ UseTime:0.001000s ] mysql:host=127.0.0.1;dbname=tp5;charset=utf8
[ sql ] [ SQL ] SHOW COLUMNS FROM `my_shop_cart` [ RunTime:0.003001s ]
[ sql ] [ SQL ] SELECT COUNT(*) AS tp_count FROM `my_shop_cart` `sc` LEFT JOIN `my_detail` `d` ON `sc`.`name`=`d`.`name` LEFT JOIN `my_column` `c` ON `d`.`cid`=`c`.`id` WHERE  `sc`.`status` = '1'  AND `sc`.`is_pay` <> '1'  AND `sc`.`uid` = '2' [ RunTime:0.000000s ]
[ sql ] [ SQL ] SELECT `sc`.`id`,`sc`.`name`,`sc`.`is_pay`,`sc`.`sum`,`sc`.`sort`,`sc`.`status`,d.keyword as d_key,`d`.`img`,`d`.`price`,`d`.`payman`,`c`.`title` FROM `my_shop_cart` `sc` LEFT JOIN `my_detail` `d` ON `sc`.`name`=`d`.`name` LEFT JOIN `my_column` `c` ON `d`.`cid`=`c`.`id` WHERE  `sc`.`status` = '1'  AND `sc`.`is_pay` <> '1'  AND `sc`.`uid` = '2' LIMIT 0,10 [ RunTime:0.001000s ]
---------------------------------------------------------------
[2019-07-01T09:26:20+08:00] 127.0.0.1 GET www.tp5123.com/index/shop_cart/cart
[运行时间：0.061004s] [吞吐率：16.39req/s] [内存消耗：2,816.70kb] [文件加载：145]
[ info ] [ LANG ] E:\www\tp5\thinkphp\lang\zh-cn.php
[ info ] [ ROUTE ] array (
)
[ info ] [ HEADER ] array (
  'host' => 'www.tp5123.com',
  'connection' => 'keep-alive',
  'cache-control' => 'max-age=0',
  'upgrade-insecure-requests' => '1',
  'user-agent' => 'Mozilla/5.0 (Windows NT 6.1; Win64; x64) AppleWebKit/537.36 (KHTML, like Gecko) Chrome/75.0.3770.80 Safari/537.36',
  'accept' => 'text/html,application/xhtml+xml,application/xml;q=0.9,image/webp,image/apng,*/*;q=0.8,application/signed-exchange;v=b3',
  'accept-encoding' => 'gzip, deflate',
  'accept-language' => 'zh-CN,zh;q=0.9',
  'cookie' => 'PHPSESSID=2nb8jhd52opn53u8ve0aq1f313; userKey=VY7veuK4o3r2EjApsL6X58NBbxnW0hPQ',
)
[ info ] [ PARAM ] array (
)
[ info ] [ DB ] INIT mysql
[ info ] [ VIEW ] E:\www\tp5\/tpl/index/shop_cart\cart.html [ array (
  0 => 'ShopCart',
) ]
[ sql ] [ DB ] CONNECT:[ UseTime:0.001000s ] mysql:host=127.0.0.1;dbname=tp5;charset=utf8
[ sql ] [ SQL ] SHOW COLUMNS FROM `my_shop_cart` [ RunTime:0.002000s ]
[ sql ] [ SQL ] SELECT COUNT(*) AS tp_count FROM `my_shop_cart` `sc` LEFT JOIN `my_detail` `d` ON `sc`.`name`=`d`.`name` LEFT JOIN `my_column` `c` ON `d`.`cid`=`c`.`id` WHERE  `sc`.`status` = '1'  AND `sc`.`is_pay` <> '1'  AND `sc`.`uid` = '2' [ RunTime:0.000000s ]
[ sql ] [ SQL ] SELECT `sc`.`id`,`sc`.`name`,`sc`.`is_pay`,`sc`.`sum`,`sc`.`sort`,`sc`.`status`,d.keyword as d_key,`d`.`img`,`d`.`price`,`d`.`payman`,`c`.`title` FROM `my_shop_cart` `sc` LEFT JOIN `my_detail` `d` ON `sc`.`name`=`d`.`name` LEFT JOIN `my_column` `c` ON `d`.`cid`=`c`.`id` WHERE  `sc`.`status` = '1'  AND `sc`.`is_pay` <> '1'  AND `sc`.`uid` = '2' LIMIT 0,10 [ RunTime:0.001000s ]
---------------------------------------------------------------
[2019-07-01T09:27:09+08:00] 127.0.0.1 GET www.tp5123.com/index/shop_cart/cart
[运行时间：0.058003s] [吞吐率：17.24req/s] [内存消耗：2,816.70kb] [文件加载：145]
[ info ] [ LANG ] E:\www\tp5\thinkphp\lang\zh-cn.php
[ info ] [ ROUTE ] array (
)
[ info ] [ HEADER ] array (
  'host' => 'www.tp5123.com',
  'connection' => 'keep-alive',
  'cache-control' => 'max-age=0',
  'upgrade-insecure-requests' => '1',
  'user-agent' => 'Mozilla/5.0 (Windows NT 6.1; Win64; x64) AppleWebKit/537.36 (KHTML, like Gecko) Chrome/75.0.3770.80 Safari/537.36',
  'accept' => 'text/html,application/xhtml+xml,application/xml;q=0.9,image/webp,image/apng,*/*;q=0.8,application/signed-exchange;v=b3',
  'accept-encoding' => 'gzip, deflate',
  'accept-language' => 'zh-CN,zh;q=0.9',
  'cookie' => 'PHPSESSID=2nb8jhd52opn53u8ve0aq1f313; userKey=VY7veuK4o3r2EjApsL6X58NBbxnW0hPQ',
)
[ info ] [ PARAM ] array (
)
[ info ] [ DB ] INIT mysql
[ info ] [ VIEW ] E:\www\tp5\/tpl/index/shop_cart\cart.html [ array (
  0 => 'ShopCart',
) ]
[ sql ] [ DB ] CONNECT:[ UseTime:0.001000s ] mysql:host=127.0.0.1;dbname=tp5;charset=utf8
[ sql ] [ SQL ] SHOW COLUMNS FROM `my_shop_cart` [ RunTime:0.002000s ]
[ sql ] [ SQL ] SELECT COUNT(*) AS tp_count FROM `my_shop_cart` `sc` LEFT JOIN `my_detail` `d` ON `sc`.`name`=`d`.`name` LEFT JOIN `my_column` `c` ON `d`.`cid`=`c`.`id` WHERE  `sc`.`status` = '1'  AND `sc`.`is_pay` <> '1'  AND `sc`.`uid` = '2' [ RunTime:0.001000s ]
[ sql ] [ SQL ] SELECT `sc`.`id`,`sc`.`name`,`sc`.`is_pay`,`sc`.`sum`,`sc`.`sort`,`sc`.`status`,d.keyword as d_key,`d`.`img`,`d`.`price`,`d`.`payman`,`c`.`title` FROM `my_shop_cart` `sc` LEFT JOIN `my_detail` `d` ON `sc`.`name`=`d`.`name` LEFT JOIN `my_column` `c` ON `d`.`cid`=`c`.`id` WHERE  `sc`.`status` = '1'  AND `sc`.`is_pay` <> '1'  AND `sc`.`uid` = '2' LIMIT 0,10 [ RunTime:0.000000s ]
---------------------------------------------------------------
[2019-07-01T09:27:23+08:00] 127.0.0.1 GET www.tp5123.com/index/shop_cart/cart
[运行时间：0.094006s] [吞吐率：10.64req/s] [内存消耗：2,816.70kb] [文件加载：145]
[ info ] [ LANG ] E:\www\tp5\thinkphp\lang\zh-cn.php
[ info ] [ ROUTE ] array (
)
[ info ] [ HEADER ] array (
  'host' => 'www.tp5123.com',
  'connection' => 'keep-alive',
  'cache-control' => 'max-age=0',
  'upgrade-insecure-requests' => '1',
  'user-agent' => 'Mozilla/5.0 (Windows NT 6.1; Win64; x64) AppleWebKit/537.36 (KHTML, like Gecko) Chrome/75.0.3770.80 Safari/537.36',
  'accept' => 'text/html,application/xhtml+xml,application/xml;q=0.9,image/webp,image/apng,*/*;q=0.8,application/signed-exchange;v=b3',
  'accept-encoding' => 'gzip, deflate',
  'accept-language' => 'zh-CN,zh;q=0.9',
  'cookie' => 'PHPSESSID=2nb8jhd52opn53u8ve0aq1f313; userKey=VY7veuK4o3r2EjApsL6X58NBbxnW0hPQ',
)
[ info ] [ PARAM ] array (
)
[ info ] [ DB ] INIT mysql
[ info ] [ VIEW ] E:\www\tp5\/tpl/index/shop_cart\cart.html [ array (
  0 => 'ShopCart',
) ]
[ sql ] [ DB ] CONNECT:[ UseTime:0.001000s ] mysql:host=127.0.0.1;dbname=tp5;charset=utf8
[ sql ] [ SQL ] SHOW COLUMNS FROM `my_shop_cart` [ RunTime:0.003000s ]
[ sql ] [ SQL ] SELECT COUNT(*) AS tp_count FROM `my_shop_cart` `sc` LEFT JOIN `my_detail` `d` ON `sc`.`name`=`d`.`name` LEFT JOIN `my_column` `c` ON `d`.`cid`=`c`.`id` WHERE  `sc`.`status` = '1'  AND `sc`.`is_pay` <> '1'  AND `sc`.`uid` = '2' [ RunTime:0.000000s ]
[ sql ] [ SQL ] SELECT `sc`.`id`,`sc`.`name`,`sc`.`is_pay`,`sc`.`sum`,`sc`.`sort`,`sc`.`status`,d.keyword as d_key,`d`.`img`,`d`.`price`,`d`.`payman`,`c`.`title` FROM `my_shop_cart` `sc` LEFT JOIN `my_detail` `d` ON `sc`.`name`=`d`.`name` LEFT JOIN `my_column` `c` ON `d`.`cid`=`c`.`id` WHERE  `sc`.`status` = '1'  AND `sc`.`is_pay` <> '1'  AND `sc`.`uid` = '2' LIMIT 0,10 [ RunTime:0.004001s ]
---------------------------------------------------------------
[2019-07-01T09:28:35+08:00] 127.0.0.1 GET www.tp5123.com/index/shop_cart/cart
[运行时间：0.062003s] [吞吐率：16.13req/s] [内存消耗：2,816.70kb] [文件加载：145]
[ info ] [ LANG ] E:\www\tp5\thinkphp\lang\zh-cn.php
[ info ] [ ROUTE ] array (
)
[ info ] [ HEADER ] array (
  'host' => 'www.tp5123.com',
  'connection' => 'keep-alive',
  'cache-control' => 'max-age=0',
  'upgrade-insecure-requests' => '1',
  'user-agent' => 'Mozilla/5.0 (Windows NT 6.1; Win64; x64) AppleWebKit/537.36 (KHTML, like Gecko) Chrome/75.0.3770.80 Safari/537.36',
  'accept' => 'text/html,application/xhtml+xml,application/xml;q=0.9,image/webp,image/apng,*/*;q=0.8,application/signed-exchange;v=b3',
  'accept-encoding' => 'gzip, deflate',
  'accept-language' => 'zh-CN,zh;q=0.9',
  'cookie' => 'PHPSESSID=2nb8jhd52opn53u8ve0aq1f313; userKey=VY7veuK4o3r2EjApsL6X58NBbxnW0hPQ',
)
[ info ] [ PARAM ] array (
)
[ info ] [ DB ] INIT mysql
[ info ] [ VIEW ] E:\www\tp5\/tpl/index/shop_cart\cart.html [ array (
  0 => 'ShopCart',
) ]
[ sql ] [ DB ] CONNECT:[ UseTime:0.011001s ] mysql:host=127.0.0.1;dbname=tp5;charset=utf8
[ sql ] [ SQL ] SHOW COLUMNS FROM `my_shop_cart` [ RunTime:0.003000s ]
[ sql ] [ SQL ] SELECT COUNT(*) AS tp_count FROM `my_shop_cart` `sc` LEFT JOIN `my_detail` `d` ON `sc`.`name`=`d`.`name` LEFT JOIN `my_column` `c` ON `d`.`cid`=`c`.`id` WHERE  `sc`.`status` = '1'  AND `sc`.`is_pay` <> '1'  AND `sc`.`uid` = '2' [ RunTime:0.000000s ]
[ sql ] [ SQL ] SELECT `sc`.`id`,`sc`.`name`,`sc`.`is_pay`,`sc`.`sum`,`sc`.`sort`,`sc`.`status`,d.keyword as d_key,`d`.`img`,`d`.`price`,`d`.`payman`,`c`.`title` FROM `my_shop_cart` `sc` LEFT JOIN `my_detail` `d` ON `sc`.`name`=`d`.`name` LEFT JOIN `my_column` `c` ON `d`.`cid`=`c`.`id` WHERE  `sc`.`status` = '1'  AND `sc`.`is_pay` <> '1'  AND `sc`.`uid` = '2' LIMIT 0,10 [ RunTime:0.001000s ]
---------------------------------------------------------------
[2019-07-01T09:28:58+08:00] 127.0.0.1 GET www.tp5123.com/index/shop_cart/cart
[运行时间：0.063003s] [吞吐率：15.87req/s] [内存消耗：2,816.70kb] [文件加载：145]
[ info ] [ LANG ] E:\www\tp5\thinkphp\lang\zh-cn.php
[ info ] [ ROUTE ] array (
)
[ info ] [ HEADER ] array (
  'host' => 'www.tp5123.com',
  'connection' => 'keep-alive',
  'cache-control' => 'max-age=0',
  'upgrade-insecure-requests' => '1',
  'user-agent' => 'Mozilla/5.0 (Windows NT 6.1; Win64; x64) AppleWebKit/537.36 (KHTML, like Gecko) Chrome/75.0.3770.80 Safari/537.36',
  'accept' => 'text/html,application/xhtml+xml,application/xml;q=0.9,image/webp,image/apng,*/*;q=0.8,application/signed-exchange;v=b3',
  'accept-encoding' => 'gzip, deflate',
  'accept-language' => 'zh-CN,zh;q=0.9',
  'cookie' => 'PHPSESSID=2nb8jhd52opn53u8ve0aq1f313; userKey=VY7veuK4o3r2EjApsL6X58NBbxnW0hPQ',
)
[ info ] [ PARAM ] array (
)
[ info ] [ DB ] INIT mysql
[ info ] [ VIEW ] E:\www\tp5\/tpl/index/shop_cart\cart.html [ array (
  0 => 'ShopCart',
) ]
[ sql ] [ DB ] CONNECT:[ UseTime:0.011001s ] mysql:host=127.0.0.1;dbname=tp5;charset=utf8
[ sql ] [ SQL ] SHOW COLUMNS FROM `my_shop_cart` [ RunTime:0.002000s ]
[ sql ] [ SQL ] SELECT COUNT(*) AS tp_count FROM `my_shop_cart` `sc` LEFT JOIN `my_detail` `d` ON `sc`.`name`=`d`.`name` LEFT JOIN `my_column` `c` ON `d`.`cid`=`c`.`id` WHERE  `sc`.`status` = '1'  AND `sc`.`is_pay` <> '1'  AND `sc`.`uid` = '2' [ RunTime:0.002000s ]
[ sql ] [ SQL ] SELECT `sc`.`id`,`sc`.`name`,`sc`.`is_pay`,`sc`.`sum`,`sc`.`sort`,`sc`.`status`,d.keyword as d_key,`d`.`img`,`d`.`price`,`d`.`payman`,`c`.`title` FROM `my_shop_cart` `sc` LEFT JOIN `my_detail` `d` ON `sc`.`name`=`d`.`name` LEFT JOIN `my_column` `c` ON `d`.`cid`=`c`.`id` WHERE  `sc`.`status` = '1'  AND `sc`.`is_pay` <> '1'  AND `sc`.`uid` = '2' LIMIT 0,10 [ RunTime:0.001000s ]
---------------------------------------------------------------
[2019-07-01T09:30:16+08:00] 127.0.0.1 GET www.tp5123.com/index/shop_cart/cart
[运行时间：0.079005s] [吞吐率：12.66req/s] [内存消耗：2,816.70kb] [文件加载：145]
[ info ] [ LANG ] E:\www\tp5\thinkphp\lang\zh-cn.php
[ info ] [ ROUTE ] array (
)
[ info ] [ HEADER ] array (
  'host' => 'www.tp5123.com',
  'connection' => 'keep-alive',
  'cache-control' => 'max-age=0',
  'upgrade-insecure-requests' => '1',
  'user-agent' => 'Mozilla/5.0 (Windows NT 6.1; Win64; x64) AppleWebKit/537.36 (KHTML, like Gecko) Chrome/75.0.3770.80 Safari/537.36',
  'accept' => 'text/html,application/xhtml+xml,application/xml;q=0.9,image/webp,image/apng,*/*;q=0.8,application/signed-exchange;v=b3',
  'accept-encoding' => 'gzip, deflate',
  'accept-language' => 'zh-CN,zh;q=0.9',
  'cookie' => 'PHPSESSID=2nb8jhd52opn53u8ve0aq1f313; userKey=VY7veuK4o3r2EjApsL6X58NBbxnW0hPQ',
)
[ info ] [ PARAM ] array (
)
[ info ] [ DB ] INIT mysql
[ info ] [ VIEW ] E:\www\tp5\/tpl/index/shop_cart\cart.html [ array (
  0 => 'ShopCart',
) ]
[ sql ] [ DB ] CONNECT:[ UseTime:0.001000s ] mysql:host=127.0.0.1;dbname=tp5;charset=utf8
[ sql ] [ SQL ] SHOW COLUMNS FROM `my_shop_cart` [ RunTime:0.003000s ]
[ sql ] [ SQL ] SELECT COUNT(*) AS tp_count FROM `my_shop_cart` `sc` LEFT JOIN `my_detail` `d` ON `sc`.`name`=`d`.`name` LEFT JOIN `my_column` `c` ON `d`.`cid`=`c`.`id` WHERE  `sc`.`status` = '1'  AND `sc`.`is_pay` <> '1'  AND `sc`.`uid` = '2' [ RunTime:0.001000s ]
[ sql ] [ SQL ] SELECT `sc`.`id`,`sc`.`name`,`sc`.`is_pay`,`sc`.`sum`,`sc`.`sort`,`sc`.`status`,d.keyword as d_key,`d`.`img`,`d`.`price`,`d`.`payman`,`c`.`title` FROM `my_shop_cart` `sc` LEFT JOIN `my_detail` `d` ON `sc`.`name`=`d`.`name` LEFT JOIN `my_column` `c` ON `d`.`cid`=`c`.`id` WHERE  `sc`.`status` = '1'  AND `sc`.`is_pay` <> '1'  AND `sc`.`uid` = '2' LIMIT 0,10 [ RunTime:0.000000s ]
---------------------------------------------------------------
[2019-07-01T09:38:16+08:00] 127.0.0.1 GET www.tp5123.com/index/shop_cart/cart
[运行时间：0.142009s] [吞吐率：7.04req/s] [内存消耗：2,816.70kb] [文件加载：145]
[ info ] [ LANG ] E:\www\tp5\thinkphp\lang\zh-cn.php
[ info ] [ ROUTE ] array (
)
[ info ] [ HEADER ] array (
  'host' => 'www.tp5123.com',
  'connection' => 'keep-alive',
  'cache-control' => 'max-age=0',
  'upgrade-insecure-requests' => '1',
  'user-agent' => 'Mozilla/5.0 (Windows NT 6.1; Win64; x64) AppleWebKit/537.36 (KHTML, like Gecko) Chrome/75.0.3770.80 Safari/537.36',
  'accept' => 'text/html,application/xhtml+xml,application/xml;q=0.9,image/webp,image/apng,*/*;q=0.8,application/signed-exchange;v=b3',
  'accept-encoding' => 'gzip, deflate',
  'accept-language' => 'zh-CN,zh;q=0.9',
  'cookie' => 'PHPSESSID=2nb8jhd52opn53u8ve0aq1f313; userKey=VY7veuK4o3r2EjApsL6X58NBbxnW0hPQ',
)
[ info ] [ PARAM ] array (
)
[ info ] [ DB ] INIT mysql
[ info ] [ VIEW ] E:\www\tp5\/tpl/index/shop_cart\cart.html [ array (
  0 => 'ShopCart',
) ]
[ sql ] [ DB ] CONNECT:[ UseTime:0.000000s ] mysql:host=127.0.0.1;dbname=tp5;charset=utf8
[ sql ] [ SQL ] SHOW COLUMNS FROM `my_shop_cart` [ RunTime:0.003000s ]
[ sql ] [ SQL ] SELECT COUNT(*) AS tp_count FROM `my_shop_cart` `sc` LEFT JOIN `my_detail` `d` ON `sc`.`name`=`d`.`name` LEFT JOIN `my_column` `c` ON `d`.`cid`=`c`.`id` WHERE  `sc`.`status` = '1'  AND `sc`.`is_pay` <> '1'  AND `sc`.`uid` = '2' [ RunTime:0.000000s ]
[ sql ] [ SQL ] SELECT `sc`.`id`,`sc`.`name`,`sc`.`is_pay`,`sc`.`sum`,`sc`.`sort`,`sc`.`status`,d.keyword as d_key,`d`.`img`,`d`.`price`,`d`.`payman`,`c`.`title` FROM `my_shop_cart` `sc` LEFT JOIN `my_detail` `d` ON `sc`.`name`=`d`.`name` LEFT JOIN `my_column` `c` ON `d`.`cid`=`c`.`id` WHERE  `sc`.`status` = '1'  AND `sc`.`is_pay` <> '1'  AND `sc`.`uid` = '2' LIMIT 0,10 [ RunTime:0.001000s ]
---------------------------------------------------------------
[2019-07-01T09:39:08+08:00] 127.0.0.1 GET www.tp5123.com/index/shop_cart/cart
[运行时间：0.062004s] [吞吐率：16.13req/s] [内存消耗：2,816.70kb] [文件加载：145]
[ info ] [ LANG ] E:\www\tp5\thinkphp\lang\zh-cn.php
[ info ] [ ROUTE ] array (
)
[ info ] [ HEADER ] array (
  'host' => 'www.tp5123.com',
  'connection' => 'keep-alive',
  'cache-control' => 'max-age=0',
  'upgrade-insecure-requests' => '1',
  'user-agent' => 'Mozilla/5.0 (Windows NT 6.1; Win64; x64) AppleWebKit/537.36 (KHTML, like Gecko) Chrome/75.0.3770.80 Safari/537.36',
  'accept' => 'text/html,application/xhtml+xml,application/xml;q=0.9,image/webp,image/apng,*/*;q=0.8,application/signed-exchange;v=b3',
  'accept-encoding' => 'gzip, deflate',
  'accept-language' => 'zh-CN,zh;q=0.9',
  'cookie' => 'PHPSESSID=2nb8jhd52opn53u8ve0aq1f313; userKey=VY7veuK4o3r2EjApsL6X58NBbxnW0hPQ',
)
[ info ] [ PARAM ] array (
)
[ info ] [ DB ] INIT mysql
[ info ] [ VIEW ] E:\www\tp5\/tpl/index/shop_cart\cart.html [ array (
  0 => 'ShopCart',
) ]
[ sql ] [ DB ] CONNECT:[ UseTime:0.010000s ] mysql:host=127.0.0.1;dbname=tp5;charset=utf8
[ sql ] [ SQL ] SHOW COLUMNS FROM `my_shop_cart` [ RunTime:0.002001s ]
[ sql ] [ SQL ] SELECT COUNT(*) AS tp_count FROM `my_shop_cart` `sc` LEFT JOIN `my_detail` `d` ON `sc`.`name`=`d`.`name` LEFT JOIN `my_column` `c` ON `d`.`cid`=`c`.`id` WHERE  `sc`.`status` = '1'  AND `sc`.`is_pay` <> '1'  AND `sc`.`uid` = '2' [ RunTime:0.001000s ]
[ sql ] [ SQL ] SELECT `sc`.`id`,`sc`.`name`,`sc`.`is_pay`,`sc`.`sum`,`sc`.`sort`,`sc`.`status`,d.keyword as d_key,`d`.`img`,`d`.`price`,`d`.`payman`,`c`.`title` FROM `my_shop_cart` `sc` LEFT JOIN `my_detail` `d` ON `sc`.`name`=`d`.`name` LEFT JOIN `my_column` `c` ON `d`.`cid`=`c`.`id` WHERE  `sc`.`status` = '1'  AND `sc`.`is_pay` <> '1'  AND `sc`.`uid` = '2' LIMIT 0,10 [ RunTime:0.000000s ]
