---------------------------------------------------------------
[ 2019-03-27T14:32:27+08:00 ] 127.0.0.1 POST www.tp5123.com/admin
[运行时间：0.095006s] [吞吐率：10.53req/s] [内存消耗：3,143.49kb] [文件加载：75]
[ info ] [ LANG ] E:\www\tp5\thinkphp\lang\zh-cn.php
[ info ] [ ROUTE ] array (
)
[ info ] [ HEADER ] array (
  'host' => 'www.tp5123.com',
  'connection' => 'keep-alive',
  'content-length' => '23',
  'cache-control' => 'max-age=0',
  'upgrade-insecure-requests' => '1',
  'user-agent' => 'Mozilla/5.0 (Windows NT 6.1; Win64; x64) AppleWebKit/537.36 (KHTML, like Gecko) Chrome/73.0.3683.75 Safari/537.36',
  'origin' => 'http://www.tp5123.com',
  'content-type' => 'application/x-www-form-urlencoded',
  'accept' => 'text/html,application/xhtml+xml,application/xml;q=0.9,image/webp,image/apng,*/*;q=0.8,application/signed-exchange;v=b3',
  'referer' => 'http://www.tp5123.com/admin',
  'accept-encoding' => 'gzip, deflate',
  'accept-language' => 'zh-CN,zh;q=0.9',
  'cookie' => 'pgv_pvi=4562884608; pgv_si=s7156797440; PHPSESSID=vbskdgks1eup76dn4gf3m5f5u2',
)
[ info ] [ PARAM ] array (
  'name' => 'admin',
  'passwd' => 'admin',
)
[ info ] [ DB ] INIT mysql
[ sql ] [ DB ] CONNECT:[ UseTime:0.010001s ] mysql:host=127.0.0.1;dbname=tp5;charset=utf8
[ sql ] [ SQL ] SHOW COLUMNS FROM `my_admin_user` [ RunTime:0.005000s ]
[ sql ] [ SQL ] SELECT * FROM `my_admin_user` WHERE  `name` = 'admin' LIMIT 1 [ RunTime:0.001000s ]
[ sql ] [ SQL ] SELECT * FROM `my_admin_user` WHERE  `name` = 'admin'  AND `password` = '21232f297a57a5a743894a0e4a801fc3' LIMIT 1 [ RunTime:0.000000s ]
[ error ] [0]类的属性不存在:app\common\model\User->uid[E:\www\tp5\thinkphp\library\think\model\concern\Attribute.php:554]
---------------------------------------------------------------
[ 2019-03-27T14:32:44+08:00 ] 127.0.0.1 GET www.tp5123.com/admin
[运行时间：0.050003s] [吞吐率：20.00req/s] [内存消耗：1,946.59kb] [文件加载：65]
[ info ] [ LANG ] E:\www\tp5\thinkphp\lang\zh-cn.php
[ info ] [ ROUTE ] array (
)
[ info ] [ HEADER ] array (
  'host' => 'www.tp5123.com',
  'connection' => 'keep-alive',
  'cache-control' => 'max-age=0',
  'upgrade-insecure-requests' => '1',
  'user-agent' => 'Mozilla/5.0 (Windows NT 6.1; Win64; x64) AppleWebKit/537.36 (KHTML, like Gecko) Chrome/73.0.3683.75 Safari/537.36',
  'accept' => 'text/html,application/xhtml+xml,application/xml;q=0.9,image/webp,image/apng,*/*;q=0.8,application/signed-exchange;v=b3',
  'accept-encoding' => 'gzip, deflate',
  'accept-language' => 'zh-CN,zh;q=0.9',
  'cookie' => 'pgv_pvi=4562884608; pgv_si=s7156797440; PHPSESSID=vbskdgks1eup76dn4gf3m5f5u2',
)
[ info ] [ PARAM ] array (
)
[ info ] [ VIEW ] E:\www\tp5\application\admin\view\login\login.html [ array (
) ]
---------------------------------------------------------------
[ 2019-03-27T14:32:45+08:00 ] 127.0.0.1 GET www.tp5123.com/login.js
[运行时间：0.099006s] [吞吐率：10.10req/s] [内存消耗：1,290.78kb] [文件加载：50]
[ info ] [ LANG ] E:\www\tp5\thinkphp\lang\zh-cn.php
---------------------------------------------------------------
[ 2019-03-27T14:32:50+08:00 ] 127.0.0.1 POST www.tp5123.com/admin/login/login.html
[运行时间：0.097005s] [吞吐率：10.31req/s] [内存消耗：3,106.34kb] [文件加载：73]
[ info ] [ LANG ] E:\www\tp5\thinkphp\lang\zh-cn.php
[ info ] [ ROUTE ] array (
)
[ info ] [ HEADER ] array (
  'host' => 'www.tp5123.com',
  'connection' => 'keep-alive',
  'content-length' => '0',
  'accept' => 'application/json, text/javascript, */*; q=0.01',
  'origin' => 'http://www.tp5123.com',
  'x-requested-with' => 'XMLHttpRequest',
  'user-agent' => 'Mozilla/5.0 (Windows NT 6.1; Win64; x64) AppleWebKit/537.36 (KHTML, like Gecko) Chrome/73.0.3683.75 Safari/537.36',
  'referer' => 'http://www.tp5123.com/admin',
  'accept-encoding' => 'gzip, deflate',
  'accept-language' => 'zh-CN,zh;q=0.9',
  'cookie' => 'pgv_pvi=4562884608; pgv_si=s7156797440; PHPSESSID=vbskdgks1eup76dn4gf3m5f5u2',
)
[ info ] [ PARAM ] array (
)
[ info ] [ DB ] INIT mysql
[ sql ] [ DB ] CONNECT:[ UseTime:0.010001s ] mysql:host=127.0.0.1;dbname=tp5;charset=utf8
[ sql ] [ SQL ] SHOW COLUMNS FROM `my_admin_user` [ RunTime:0.005000s ]
[ sql ] [ SQL ] SELECT * FROM `my_admin_user` WHERE  `name` IS NULL LIMIT 1 [ RunTime:0.001000s ]
---------------------------------------------------------------
[ 2019-03-27T14:32:50+08:00 ] 127.0.0.1 POST www.tp5123.com/admin
[运行时间：0.127007s] [吞吐率：7.87req/s] [内存消耗：3,143.43kb] [文件加载：75]
[ info ] [ LANG ] E:\www\tp5\thinkphp\lang\zh-cn.php
[ info ] [ ROUTE ] array (
)
[ info ] [ HEADER ] array (
  'host' => 'www.tp5123.com',
  'connection' => 'keep-alive',
  'content-length' => '23',
  'cache-control' => 'max-age=0',
  'origin' => 'http://www.tp5123.com',
  'upgrade-insecure-requests' => '1',
  'content-type' => 'application/x-www-form-urlencoded',
  'user-agent' => 'Mozilla/5.0 (Windows NT 6.1; Win64; x64) AppleWebKit/537.36 (KHTML, like Gecko) Chrome/73.0.3683.75 Safari/537.36',
  'accept' => 'text/html,application/xhtml+xml,application/xml;q=0.9,image/webp,image/apng,*/*;q=0.8,application/signed-exchange;v=b3',
  'referer' => 'http://www.tp5123.com/admin',
  'accept-encoding' => 'gzip, deflate',
  'accept-language' => 'zh-CN,zh;q=0.9',
  'cookie' => 'pgv_pvi=4562884608; pgv_si=s7156797440; PHPSESSID=vbskdgks1eup76dn4gf3m5f5u2',
)
[ info ] [ PARAM ] array (
  'name' => 'admin',
  'passwd' => 'admin',
)
[ info ] [ DB ] INIT mysql
[ sql ] [ DB ] CONNECT:[ UseTime:0.010000s ] mysql:host=127.0.0.1;dbname=tp5;charset=utf8
[ sql ] [ SQL ] SHOW COLUMNS FROM `my_admin_user` [ RunTime:0.004001s ]
[ sql ] [ SQL ] SELECT * FROM `my_admin_user` WHERE  `name` = 'admin' LIMIT 1 [ RunTime:0.001000s ]
[ sql ] [ SQL ] SELECT * FROM `my_admin_user` WHERE  `name` = 'admin'  AND `password` = '21232f297a57a5a743894a0e4a801fc3' LIMIT 1 [ RunTime:0.000000s ]
[ error ] [0]类的属性不存在:app\common\model\User->uid[E:\www\tp5\thinkphp\library\think\model\concern\Attribute.php:554]
---------------------------------------------------------------
[ 2019-03-27T14:33:14+08:00 ] 127.0.0.1 POST www.tp5123.com/admin
[运行时间：0.095005s] [吞吐率：10.53req/s] [内存消耗：3,327.50kb] [文件加载：79]
[ info ] [ LANG ] E:\www\tp5\thinkphp\lang\zh-cn.php
[ info ] [ ROUTE ] array (
)
[ info ] [ HEADER ] array (
  'host' => 'www.tp5123.com',
  'connection' => 'keep-alive',
  'content-length' => '23',
  'cache-control' => 'max-age=0',
  'upgrade-insecure-requests' => '1',
  'user-agent' => 'Mozilla/5.0 (Windows NT 6.1; Win64; x64) AppleWebKit/537.36 (KHTML, like Gecko) Chrome/73.0.3683.75 Safari/537.36',
  'origin' => 'http://www.tp5123.com',
  'content-type' => 'application/x-www-form-urlencoded',
  'accept' => 'text/html,application/xhtml+xml,application/xml;q=0.9,image/webp,image/apng,*/*;q=0.8,application/signed-exchange;v=b3',
  'referer' => 'http://www.tp5123.com/admin',
  'accept-encoding' => 'gzip, deflate',
  'accept-language' => 'zh-CN,zh;q=0.9',
  'cookie' => 'pgv_pvi=4562884608; pgv_si=s7156797440; PHPSESSID=vbskdgks1eup76dn4gf3m5f5u2',
)
[ info ] [ PARAM ] array (
  'name' => 'admin',
  'passwd' => 'admin',
)
[ info ] [ DB ] INIT mysql
[ info ] [ VIEW ] E:\www\tp5\thinkphp\tpl/dispatch_jump.tpl [ array (
  0 => 'code',
  1 => 'msg',
  2 => 'data',
  3 => 'url',
  4 => 'wait',
) ]
[ sql ] [ DB ] CONNECT:[ UseTime:0.001000s ] mysql:host=127.0.0.1;dbname=tp5;charset=utf8
[ sql ] [ SQL ] SHOW COLUMNS FROM `my_admin_user` [ RunTime:0.005000s ]
[ sql ] [ SQL ] SELECT * FROM `my_admin_user` WHERE  `name` = 'admin' LIMIT 1 [ RunTime:0.001000s ]
[ sql ] [ SQL ] SELECT * FROM `my_admin_user` WHERE  `name` = 'admin'  AND `password` = '21232f297a57a5a743894a0e4a801fc3' LIMIT 1 [ RunTime:0.001000s ]
---------------------------------------------------------------
[ 2019-03-27T14:33:17+08:00 ] 127.0.0.1 GET www.tp5123.com/admin/index/index.html
[运行时间：0.054003s] [吞吐率：18.52req/s] [内存消耗：1,894.24kb] [文件加载：65]
[ info ] [ LANG ] E:\www\tp5\thinkphp\lang\zh-cn.php
[ info ] [ ROUTE ] array (
)
[ info ] [ HEADER ] array (
  'host' => 'www.tp5123.com',
  'connection' => 'keep-alive',
  'upgrade-insecure-requests' => '1',
  'user-agent' => 'Mozilla/5.0 (Windows NT 6.1; Win64; x64) AppleWebKit/537.36 (KHTML, like Gecko) Chrome/73.0.3683.75 Safari/537.36',
  'accept' => 'text/html,application/xhtml+xml,application/xml;q=0.9,image/webp,image/apng,*/*;q=0.8,application/signed-exchange;v=b3',
  'referer' => 'http://www.tp5123.com/admin',
  'accept-encoding' => 'gzip, deflate',
  'accept-language' => 'zh-CN,zh;q=0.9',
  'cookie' => 'pgv_pvi=4562884608; pgv_si=s7156797440; PHPSESSID=vbskdgks1eup76dn4gf3m5f5u2',
)
[ info ] [ PARAM ] array (
)
[ info ] [ VIEW ] E:\www\tp5\application\admin\view\index\index.html [ array (
) ]
