---------------------------------------------------------------
[ 2019-03-28T10:39:42+08:00 ] 127.0.0.1 GET www.tp5123.com/public/static/admin/favicon.ico
[运行时间：0.092005s] [吞吐率：10.87req/s] [内存消耗：1,290.79kb] [文件加载：50]
[ info ] [ LANG ] E:\www\tp5\thinkphp\lang\zh-cn.php
---------------------------------------------------------------
[ 2019-03-28T11:02:50+08:00 ] 127.0.0.1 GET www.tp5123.com/admin/index/index.html
[运行时间：0.088005s] [吞吐率：11.36req/s] [内存消耗：1,748.52kb] [文件加载：63]
[ info ] [ LANG ] E:\www\tp5\thinkphp\lang\zh-cn.php
[ info ] [ ROUTE ] array (
)
[ info ] [ HEADER ] array (
  'host' => 'www.tp5123.com',
  'connection' => 'keep-alive',
  'cache-control' => 'max-age=0',
  'upgrade-insecure-requests' => '1',
  'user-agent' => 'Mozilla/5.0 (Windows NT 6.1; Win64; x64) AppleWebKit/537.36 (KHTML, like Gecko) Chrome/73.0.3683.75 Safari/537.36',
  'accept' => 'text/html,application/xhtml+xml,application/xml;q=0.9,image/webp,image/apng,*/*;q=0.8,application/signed-exchange;v=b3',
  'referer' => 'http://www.tp5123.com/admin',
  'accept-encoding' => 'gzip, deflate',
  'accept-language' => 'zh-CN,zh;q=0.9',
  'cookie' => 'pgv_pvi=4562884608; pgv_si=s7156797440; PHPSESSID=vbskdgks1eup76dn4gf3m5f5u2',
)
[ info ] [ PARAM ] array (
)
[ info ] [ VIEW ] E:\www\tp5\application\admin\view\index\index.html [ array (
) ]
---------------------------------------------------------------
[ 2019-03-28T11:02:53+08:00 ] 127.0.0.1 GET www.tp5123.com/admin/
[运行时间：0.069004s] [吞吐率：14.49req/s] [内存消耗：1,803.00kb] [文件加载：63]
[ info ] [ LANG ] E:\www\tp5\thinkphp\lang\zh-cn.php
[ info ] [ ROUTE ] array (
)
[ info ] [ HEADER ] array (
  'host' => 'www.tp5123.com',
  'connection' => 'keep-alive',
  'upgrade-insecure-requests' => '1',
  'user-agent' => 'Mozilla/5.0 (Windows NT 6.1; Win64; x64) AppleWebKit/537.36 (KHTML, like Gecko) Chrome/73.0.3683.75 Safari/537.36',
  'accept' => 'text/html,application/xhtml+xml,application/xml;q=0.9,image/webp,image/apng,*/*;q=0.8,application/signed-exchange;v=b3',
  'accept-encoding' => 'gzip, deflate',
  'accept-language' => 'zh-CN,zh;q=0.9',
  'cookie' => 'pgv_pvi=4562884608; pgv_si=s7156797440; PHPSESSID=vbskdgks1eup76dn4gf3m5f5u2',
)
[ info ] [ PARAM ] array (
)
[ info ] [ VIEW ] E:\www\tp5\application\admin\view\login\login.html [ array (
) ]
---------------------------------------------------------------
[ 2019-03-28T11:02:53+08:00 ] 127.0.0.1 GET www.tp5123.com/admin/login.js
[运行时间：0.074004s] [吞吐率：13.51req/s] [内存消耗：1,720.38kb] [文件加载：62]
[ info ] [ LANG ] E:\www\tp5\thinkphp\lang\zh-cn.php
[ info ] [ ROUTE ] array (
)
[ info ] [ HEADER ] array (
  'host' => 'www.tp5123.com',
  'connection' => 'keep-alive',
  'user-agent' => 'Mozilla/5.0 (Windows NT 6.1; Win64; x64) AppleWebKit/537.36 (KHTML, like Gecko) Chrome/73.0.3683.75 Safari/537.36',
  'accept' => '*/*',
  'referer' => 'http://www.tp5123.com/admin/',
  'accept-encoding' => 'gzip, deflate',
  'accept-language' => 'zh-CN,zh;q=0.9',
  'cookie' => 'pgv_pvi=4562884608; pgv_si=s7156797440; PHPSESSID=vbskdgks1eup76dn4gf3m5f5u2',
)
[ info ] [ PARAM ] array (
)
---------------------------------------------------------------
[ 2019-03-28T11:02:54+08:00 ] 127.0.0.1 GET www.tp5123.com/admin/
[运行时间：0.047003s] [吞吐率：21.28req/s] [内存消耗：1,803.30kb] [文件加载：63]
[ info ] [ LANG ] E:\www\tp5\thinkphp\lang\zh-cn.php
[ info ] [ ROUTE ] array (
)
[ info ] [ HEADER ] array (
  'host' => 'www.tp5123.com',
  'connection' => 'keep-alive',
  'cache-control' => 'max-age=0',
  'upgrade-insecure-requests' => '1',
  'user-agent' => 'Mozilla/5.0 (Windows NT 6.1; Win64; x64) AppleWebKit/537.36 (KHTML, like Gecko) Chrome/73.0.3683.75 Safari/537.36',
  'accept' => 'text/html,application/xhtml+xml,application/xml;q=0.9,image/webp,image/apng,*/*;q=0.8,application/signed-exchange;v=b3',
  'accept-encoding' => 'gzip, deflate',
  'accept-language' => 'zh-CN,zh;q=0.9',
  'cookie' => 'pgv_pvi=4562884608; pgv_si=s7156797440; PHPSESSID=vbskdgks1eup76dn4gf3m5f5u2',
)
[ info ] [ PARAM ] array (
)
[ info ] [ VIEW ] E:\www\tp5\application\admin\view\login\login.html [ array (
) ]
---------------------------------------------------------------
[ 2019-03-28T11:02:54+08:00 ] 127.0.0.1 GET www.tp5123.com/admin/login.js
[运行时间：0.077004s] [吞吐率：12.99req/s] [内存消耗：1,720.38kb] [文件加载：62]
[ info ] [ LANG ] E:\www\tp5\thinkphp\lang\zh-cn.php
[ info ] [ ROUTE ] array (
)
[ info ] [ HEADER ] array (
  'host' => 'www.tp5123.com',
  'connection' => 'keep-alive',
  'user-agent' => 'Mozilla/5.0 (Windows NT 6.1; Win64; x64) AppleWebKit/537.36 (KHTML, like Gecko) Chrome/73.0.3683.75 Safari/537.36',
  'accept' => '*/*',
  'referer' => 'http://www.tp5123.com/admin/',
  'accept-encoding' => 'gzip, deflate',
  'accept-language' => 'zh-CN,zh;q=0.9',
  'cookie' => 'pgv_pvi=4562884608; pgv_si=s7156797440; PHPSESSID=vbskdgks1eup76dn4gf3m5f5u2',
)
[ info ] [ PARAM ] array (
)
---------------------------------------------------------------
[ 2019-03-28T11:02:55+08:00 ] 127.0.0.1 GET www.tp5123.com/admin/
[运行时间：0.042002s] [吞吐率：23.81req/s] [内存消耗：1,803.30kb] [文件加载：63]
[ info ] [ LANG ] E:\www\tp5\thinkphp\lang\zh-cn.php
[ info ] [ ROUTE ] array (
)
[ info ] [ HEADER ] array (
  'host' => 'www.tp5123.com',
  'connection' => 'keep-alive',
  'cache-control' => 'max-age=0',
  'upgrade-insecure-requests' => '1',
  'user-agent' => 'Mozilla/5.0 (Windows NT 6.1; Win64; x64) AppleWebKit/537.36 (KHTML, like Gecko) Chrome/73.0.3683.75 Safari/537.36',
  'accept' => 'text/html,application/xhtml+xml,application/xml;q=0.9,image/webp,image/apng,*/*;q=0.8,application/signed-exchange;v=b3',
  'accept-encoding' => 'gzip, deflate',
  'accept-language' => 'zh-CN,zh;q=0.9',
  'cookie' => 'pgv_pvi=4562884608; pgv_si=s7156797440; PHPSESSID=vbskdgks1eup76dn4gf3m5f5u2',
)
[ info ] [ PARAM ] array (
)
[ info ] [ VIEW ] E:\www\tp5\application\admin\view\login\login.html [ array (
) ]
---------------------------------------------------------------
[ 2019-03-28T11:02:55+08:00 ] 127.0.0.1 GET www.tp5123.com/admin/login.js
[运行时间：0.063003s] [吞吐率：15.87req/s] [内存消耗：1,720.38kb] [文件加载：62]
[ info ] [ LANG ] E:\www\tp5\thinkphp\lang\zh-cn.php
[ info ] [ ROUTE ] array (
)
[ info ] [ HEADER ] array (
  'host' => 'www.tp5123.com',
  'connection' => 'keep-alive',
  'user-agent' => 'Mozilla/5.0 (Windows NT 6.1; Win64; x64) AppleWebKit/537.36 (KHTML, like Gecko) Chrome/73.0.3683.75 Safari/537.36',
  'accept' => '*/*',
  'referer' => 'http://www.tp5123.com/admin/',
  'accept-encoding' => 'gzip, deflate',
  'accept-language' => 'zh-CN,zh;q=0.9',
  'cookie' => 'pgv_pvi=4562884608; pgv_si=s7156797440; PHPSESSID=vbskdgks1eup76dn4gf3m5f5u2',
)
[ info ] [ PARAM ] array (
)
---------------------------------------------------------------
[ 2019-03-28T11:02:55+08:00 ] 127.0.0.1 GET www.tp5123.com/admin/
[运行时间：0.049003s] [吞吐率：20.41req/s] [内存消耗：1,803.30kb] [文件加载：63]
[ info ] [ LANG ] E:\www\tp5\thinkphp\lang\zh-cn.php
[ info ] [ ROUTE ] array (
)
[ info ] [ HEADER ] array (
  'host' => 'www.tp5123.com',
  'connection' => 'keep-alive',
  'cache-control' => 'max-age=0',
  'upgrade-insecure-requests' => '1',
  'user-agent' => 'Mozilla/5.0 (Windows NT 6.1; Win64; x64) AppleWebKit/537.36 (KHTML, like Gecko) Chrome/73.0.3683.75 Safari/537.36',
  'accept' => 'text/html,application/xhtml+xml,application/xml;q=0.9,image/webp,image/apng,*/*;q=0.8,application/signed-exchange;v=b3',
  'accept-encoding' => 'gzip, deflate',
  'accept-language' => 'zh-CN,zh;q=0.9',
  'cookie' => 'pgv_pvi=4562884608; pgv_si=s7156797440; PHPSESSID=vbskdgks1eup76dn4gf3m5f5u2',
)
[ info ] [ PARAM ] array (
)
[ info ] [ VIEW ] E:\www\tp5\application\admin\view\login\login.html [ array (
) ]
---------------------------------------------------------------
[ 2019-03-28T11:02:55+08:00 ] 127.0.0.1 GET www.tp5123.com/admin/login.js
[运行时间：0.053003s] [吞吐率：18.87req/s] [内存消耗：1,720.38kb] [文件加载：62]
[ info ] [ LANG ] E:\www\tp5\thinkphp\lang\zh-cn.php
[ info ] [ ROUTE ] array (
)
[ info ] [ HEADER ] array (
  'host' => 'www.tp5123.com',
  'connection' => 'keep-alive',
  'user-agent' => 'Mozilla/5.0 (Windows NT 6.1; Win64; x64) AppleWebKit/537.36 (KHTML, like Gecko) Chrome/73.0.3683.75 Safari/537.36',
  'accept' => '*/*',
  'referer' => 'http://www.tp5123.com/admin/',
  'accept-encoding' => 'gzip, deflate',
  'accept-language' => 'zh-CN,zh;q=0.9',
  'cookie' => 'pgv_pvi=4562884608; pgv_si=s7156797440; PHPSESSID=vbskdgks1eup76dn4gf3m5f5u2',
)
[ info ] [ PARAM ] array (
)
---------------------------------------------------------------
[ 2019-03-28T11:03:10+08:00 ] 127.0.0.1 GET www.tp5123.com/admin/login.js
[运行时间：0.041002s] [吞吐率：24.39req/s] [内存消耗：1,720.83kb] [文件加载：62]
[ info ] [ LANG ] E:\www\tp5\thinkphp\lang\zh-cn.php
[ info ] [ ROUTE ] array (
)
[ info ] [ HEADER ] array (
  'host' => 'www.tp5123.com',
  'connection' => 'keep-alive',
  'upgrade-insecure-requests' => '1',
  'user-agent' => 'Mozilla/5.0 (Windows NT 6.1; Win64; x64) AppleWebKit/537.36 (KHTML, like Gecko) Chrome/73.0.3683.75 Safari/537.36',
  'accept' => 'text/html,application/xhtml+xml,application/xml;q=0.9,image/webp,image/apng,*/*;q=0.8,application/signed-exchange;v=b3',
  'accept-encoding' => 'gzip, deflate',
  'accept-language' => 'zh-CN,zh;q=0.9',
  'cookie' => 'pgv_pvi=4562884608; pgv_si=s7156797440; PHPSESSID=vbskdgks1eup76dn4gf3m5f5u2',
)
[ info ] [ PARAM ] array (
)
---------------------------------------------------------------
[ 2019-03-28T11:04:35+08:00 ] 127.0.0.1 GET www.tp5123.com/admin/
[运行时间：0.050003s] [吞吐率：20.00req/s] [内存消耗：1,946.09kb] [文件加载：65]
[ info ] [ LANG ] E:\www\tp5\thinkphp\lang\zh-cn.php
[ info ] [ ROUTE ] array (
)
[ info ] [ HEADER ] array (
  'host' => 'www.tp5123.com',
  'connection' => 'keep-alive',
  'cache-control' => 'max-age=0',
  'upgrade-insecure-requests' => '1',
  'user-agent' => 'Mozilla/5.0 (Windows NT 6.1; Win64; x64) AppleWebKit/537.36 (KHTML, like Gecko) Chrome/73.0.3683.75 Safari/537.36',
  'accept' => 'text/html,application/xhtml+xml,application/xml;q=0.9,image/webp,image/apng,*/*;q=0.8,application/signed-exchange;v=b3',
  'accept-encoding' => 'gzip, deflate',
  'accept-language' => 'zh-CN,zh;q=0.9',
  'cookie' => 'pgv_pvi=4562884608; pgv_si=s7156797440; PHPSESSID=vbskdgks1eup76dn4gf3m5f5u2',
)
[ info ] [ PARAM ] array (
)
[ info ] [ VIEW ] E:\www\tp5\application\admin\view\login\login.html [ array (
) ]
---------------------------------------------------------------
[ 2019-03-28T11:04:54+08:00 ] 127.0.0.1 POST www.tp5123.com/admin/login/login.html
[运行时间：0.270015s] [吞吐率：3.70req/s] [内存消耗：3,111.52kb] [文件加载：74]
[ info ] [ LANG ] E:\www\tp5\thinkphp\lang\zh-cn.php
[ info ] [ ROUTE ] array (
)
[ info ] [ HEADER ] array (
  'host' => 'www.tp5123.com',
  'connection' => 'keep-alive',
  'content-length' => '0',
  'accept' => 'application/json, text/javascript, */*; q=0.01',
  'origin' => 'http://www.tp5123.com',
  'x-requested-with' => 'XMLHttpRequest',
  'user-agent' => 'Mozilla/5.0 (Windows NT 6.1; Win64; x64) AppleWebKit/537.36 (KHTML, like Gecko) Chrome/73.0.3683.75 Safari/537.36',
  'referer' => 'http://www.tp5123.com/admin/',
  'accept-encoding' => 'gzip, deflate',
  'accept-language' => 'zh-CN,zh;q=0.9',
  'cookie' => 'pgv_pvi=4562884608; pgv_si=s7156797440; PHPSESSID=vbskdgks1eup76dn4gf3m5f5u2',
)
[ info ] [ PARAM ] array (
)
[ info ] [ DB ] INIT mysql
[ sql ] [ DB ] CONNECT:[ UseTime:0.070004s ] mysql:host=127.0.0.1;dbname=tp5;charset=utf8
[ sql ] [ SQL ] SHOW COLUMNS FROM `my_admin_user` [ RunTime:0.087005s ]
[ sql ] [ SQL ] SELECT * FROM `my_admin_user` WHERE  `name` IS NULL LIMIT 1 [ RunTime:0.018001s ]
---------------------------------------------------------------
[ 2019-03-28T11:04:54+08:00 ] 127.0.0.1 POST www.tp5123.com/admin/
[运行时间：0.314017s] [吞吐率：3.18req/s] [内存消耗：3,113.70kb] [文件加载：75]
[ info ] [ LANG ] E:\www\tp5\thinkphp\lang\zh-cn.php
[ info ] [ ROUTE ] array (
)
[ info ] [ HEADER ] array (
  'host' => 'www.tp5123.com',
  'connection' => 'keep-alive',
  'content-length' => '13',
  'cache-control' => 'max-age=0',
  'origin' => 'http://www.tp5123.com',
  'upgrade-insecure-requests' => '1',
  'content-type' => 'application/x-www-form-urlencoded',
  'user-agent' => 'Mozilla/5.0 (Windows NT 6.1; Win64; x64) AppleWebKit/537.36 (KHTML, like Gecko) Chrome/73.0.3683.75 Safari/537.36',
  'accept' => 'text/html,application/xhtml+xml,application/xml;q=0.9,image/webp,image/apng,*/*;q=0.8,application/signed-exchange;v=b3',
  'referer' => 'http://www.tp5123.com/admin/',
  'accept-encoding' => 'gzip, deflate',
  'accept-language' => 'zh-CN,zh;q=0.9',
  'cookie' => 'pgv_pvi=4562884608; pgv_si=s7156797440; PHPSESSID=vbskdgks1eup76dn4gf3m5f5u2',
)
[ info ] [ PARAM ] array (
  'name' => '',
  'passwd' => '',
)
[ info ] [ DB ] INIT mysql
[ info ] [ VIEW ] E:\www\tp5\thinkphp\tpl/dispatch_jump.tpl [ array (
  0 => 'code',
  1 => 'msg',
  2 => 'data',
  3 => 'url',
  4 => 'wait',
) ]
[ sql ] [ DB ] CONNECT:[ UseTime:0.012001s ] mysql:host=127.0.0.1;dbname=tp5;charset=utf8
[ sql ] [ SQL ] SHOW COLUMNS FROM `my_admin_user` [ RunTime:0.007000s ]
[ sql ] [ SQL ] SELECT * FROM `my_admin_user` WHERE  `name` = '' LIMIT 1 [ RunTime:0.002000s ]
---------------------------------------------------------------
[ 2019-03-28T11:04:57+08:00 ] 127.0.0.1 GET www.tp5123.com/admin/
[运行时间：0.046003s] [吞吐率：21.74req/s] [内存消耗：1,803.00kb] [文件加载：63]
[ info ] [ LANG ] E:\www\tp5\thinkphp\lang\zh-cn.php
[ info ] [ ROUTE ] array (
)
[ info ] [ HEADER ] array (
  'host' => 'www.tp5123.com',
  'connection' => 'keep-alive',
  'upgrade-insecure-requests' => '1',
  'user-agent' => 'Mozilla/5.0 (Windows NT 6.1; Win64; x64) AppleWebKit/537.36 (KHTML, like Gecko) Chrome/73.0.3683.75 Safari/537.36',
  'accept' => 'text/html,application/xhtml+xml,application/xml;q=0.9,image/webp,image/apng,*/*;q=0.8,application/signed-exchange;v=b3',
  'accept-encoding' => 'gzip, deflate',
  'accept-language' => 'zh-CN,zh;q=0.9',
  'cookie' => 'pgv_pvi=4562884608; pgv_si=s7156797440; PHPSESSID=vbskdgks1eup76dn4gf3m5f5u2',
)
[ info ] [ PARAM ] array (
)
[ info ] [ VIEW ] E:\www\tp5\application\admin\view\login\login.html [ array (
) ]
---------------------------------------------------------------
[ 2019-03-28T11:05:12+08:00 ] 127.0.0.1 POST www.tp5123.com/admin/
[运行时间：0.106006s] [吞吐率：9.43req/s] [内存消耗：3,115.48kb] [文件加载：75]
[ info ] [ LANG ] E:\www\tp5\thinkphp\lang\zh-cn.php
[ info ] [ ROUTE ] array (
)
[ info ] [ HEADER ] array (
  'host' => 'www.tp5123.com',
  'connection' => 'keep-alive',
  'content-length' => '21',
  'cache-control' => 'max-age=0',
  'origin' => 'http://www.tp5123.com',
  'upgrade-insecure-requests' => '1',
  'content-type' => 'application/x-www-form-urlencoded',
  'user-agent' => 'Mozilla/5.0 (Windows NT 6.1; Win64; x64) AppleWebKit/537.36 (KHTML, like Gecko) Chrome/73.0.3683.75 Safari/537.36',
  'accept' => 'text/html,application/xhtml+xml,application/xml;q=0.9,image/webp,image/apng,*/*;q=0.8,application/signed-exchange;v=b3',
  'referer' => 'http://www.tp5123.com/admin/',
  'accept-encoding' => 'gzip, deflate',
  'accept-language' => 'zh-CN,zh;q=0.9',
  'cookie' => 'pgv_pvi=4562884608; pgv_si=s7156797440; PHPSESSID=vbskdgks1eup76dn4gf3m5f5u2',
)
[ info ] [ PARAM ] array (
  'name' => 'admin',
  'passwd' => '123',
)
[ info ] [ DB ] INIT mysql
[ info ] [ VIEW ] E:\www\tp5\thinkphp\tpl/dispatch_jump.tpl [ array (
  0 => 'code',
  1 => 'msg',
  2 => 'data',
  3 => 'url',
  4 => 'wait',
) ]
[ sql ] [ DB ] CONNECT:[ UseTime:0.002000s ] mysql:host=127.0.0.1;dbname=tp5;charset=utf8
[ sql ] [ SQL ] SHOW COLUMNS FROM `my_admin_user` [ RunTime:0.007001s ]
[ sql ] [ SQL ] SELECT * FROM `my_admin_user` WHERE  `name` = 'admin' LIMIT 1 [ RunTime:0.001000s ]
[ sql ] [ SQL ] SELECT * FROM `my_admin_user` WHERE  `name` = 'admin'  AND `password` = '202cb962ac59075b964b07152d234b70' LIMIT 1 [ RunTime:0.002000s ]
---------------------------------------------------------------
[ 2019-03-28T11:05:12+08:00 ] 127.0.0.1 POST www.tp5123.com/admin/login/login.html
[运行时间：0.165010s] [吞吐率：6.06req/s] [内存消耗：3,111.52kb] [文件加载：74]
[ info ] [ LANG ] E:\www\tp5\thinkphp\lang\zh-cn.php
[ info ] [ ROUTE ] array (
)
[ info ] [ HEADER ] array (
  'host' => 'www.tp5123.com',
  'connection' => 'keep-alive',
  'content-length' => '0',
  'accept' => 'application/json, text/javascript, */*; q=0.01',
  'origin' => 'http://www.tp5123.com',
  'x-requested-with' => 'XMLHttpRequest',
  'user-agent' => 'Mozilla/5.0 (Windows NT 6.1; Win64; x64) AppleWebKit/537.36 (KHTML, like Gecko) Chrome/73.0.3683.75 Safari/537.36',
  'referer' => 'http://www.tp5123.com/admin/',
  'accept-encoding' => 'gzip, deflate',
  'accept-language' => 'zh-CN,zh;q=0.9',
  'cookie' => 'pgv_pvi=4562884608; pgv_si=s7156797440; PHPSESSID=vbskdgks1eup76dn4gf3m5f5u2',
)
[ info ] [ PARAM ] array (
)
[ info ] [ DB ] INIT mysql
[ sql ] [ DB ] CONNECT:[ UseTime:0.001000s ] mysql:host=127.0.0.1;dbname=tp5;charset=utf8
[ sql ] [ SQL ] SHOW COLUMNS FROM `my_admin_user` [ RunTime:0.014001s ]
[ sql ] [ SQL ] SELECT * FROM `my_admin_user` WHERE  `name` IS NULL LIMIT 1 [ RunTime:0.002000s ]
---------------------------------------------------------------
[ 2019-03-28T11:05:15+08:00 ] 127.0.0.1 GET www.tp5123.com/admin/
[运行时间：0.044002s] [吞吐率：22.73req/s] [内存消耗：1,803.00kb] [文件加载：63]
[ info ] [ LANG ] E:\www\tp5\thinkphp\lang\zh-cn.php
[ info ] [ ROUTE ] array (
)
[ info ] [ HEADER ] array (
  'host' => 'www.tp5123.com',
  'connection' => 'keep-alive',
  'upgrade-insecure-requests' => '1',
  'user-agent' => 'Mozilla/5.0 (Windows NT 6.1; Win64; x64) AppleWebKit/537.36 (KHTML, like Gecko) Chrome/73.0.3683.75 Safari/537.36',
  'accept' => 'text/html,application/xhtml+xml,application/xml;q=0.9,image/webp,image/apng,*/*;q=0.8,application/signed-exchange;v=b3',
  'accept-encoding' => 'gzip, deflate',
  'accept-language' => 'zh-CN,zh;q=0.9',
  'cookie' => 'pgv_pvi=4562884608; pgv_si=s7156797440; PHPSESSID=vbskdgks1eup76dn4gf3m5f5u2',
)
[ info ] [ PARAM ] array (
)
[ info ] [ VIEW ] E:\www\tp5\application\admin\view\login\login.html [ array (
) ]
---------------------------------------------------------------
[ 2019-03-28T11:05:34+08:00 ] 127.0.0.1 GET www.tp5123.com/admin/
[运行时间：0.040002s] [吞吐率：25.00req/s] [内存消耗：1,803.30kb] [文件加载：63]
[ info ] [ LANG ] E:\www\tp5\thinkphp\lang\zh-cn.php
[ info ] [ ROUTE ] array (
)
[ info ] [ HEADER ] array (
  'host' => 'www.tp5123.com',
  'connection' => 'keep-alive',
  'cache-control' => 'max-age=0',
  'upgrade-insecure-requests' => '1',
  'user-agent' => 'Mozilla/5.0 (Windows NT 6.1; Win64; x64) AppleWebKit/537.36 (KHTML, like Gecko) Chrome/73.0.3683.75 Safari/537.36',
  'accept' => 'text/html,application/xhtml+xml,application/xml;q=0.9,image/webp,image/apng,*/*;q=0.8,application/signed-exchange;v=b3',
  'accept-encoding' => 'gzip, deflate',
  'accept-language' => 'zh-CN,zh;q=0.9',
  'cookie' => 'pgv_pvi=4562884608; pgv_si=s7156797440; PHPSESSID=vbskdgks1eup76dn4gf3m5f5u2',
)
[ info ] [ PARAM ] array (
)
[ info ] [ VIEW ] E:\www\tp5\application\admin\view\login\login.html [ array (
) ]
---------------------------------------------------------------
[ 2019-03-28T11:05:38+08:00 ] 127.0.0.1 POST www.tp5123.com/admin/login/login.html
[运行时间：0.095006s] [吞吐率：10.53req/s] [内存消耗：3,111.52kb] [文件加载：74]
[ info ] [ LANG ] E:\www\tp5\thinkphp\lang\zh-cn.php
[ info ] [ ROUTE ] array (
)
[ info ] [ HEADER ] array (
  'host' => 'www.tp5123.com',
  'connection' => 'keep-alive',
  'content-length' => '0',
  'accept' => 'application/json, text/javascript, */*; q=0.01',
  'origin' => 'http://www.tp5123.com',
  'x-requested-with' => 'XMLHttpRequest',
  'user-agent' => 'Mozilla/5.0 (Windows NT 6.1; Win64; x64) AppleWebKit/537.36 (KHTML, like Gecko) Chrome/73.0.3683.75 Safari/537.36',
  'referer' => 'http://www.tp5123.com/admin/',
  'accept-encoding' => 'gzip, deflate',
  'accept-language' => 'zh-CN,zh;q=0.9',
  'cookie' => 'pgv_pvi=4562884608; pgv_si=s7156797440; PHPSESSID=vbskdgks1eup76dn4gf3m5f5u2',
)
[ info ] [ PARAM ] array (
)
[ info ] [ DB ] INIT mysql
[ sql ] [ DB ] CONNECT:[ UseTime:0.001000s ] mysql:host=127.0.0.1;dbname=tp5;charset=utf8
[ sql ] [ SQL ] SHOW COLUMNS FROM `my_admin_user` [ RunTime:0.005000s ]
[ sql ] [ SQL ] SELECT * FROM `my_admin_user` WHERE  `name` IS NULL LIMIT 1 [ RunTime:0.001001s ]
---------------------------------------------------------------
[ 2019-03-28T11:05:38+08:00 ] 127.0.0.1 POST www.tp5123.com/admin/
[运行时间：0.128007s] [吞吐率：7.81req/s] [内存消耗：3,115.48kb] [文件加载：75]
[ info ] [ LANG ] E:\www\tp5\thinkphp\lang\zh-cn.php
[ info ] [ ROUTE ] array (
)
[ info ] [ HEADER ] array (
  'host' => 'www.tp5123.com',
  'connection' => 'keep-alive',
  'content-length' => '21',
  'cache-control' => 'max-age=0',
  'origin' => 'http://www.tp5123.com',
  'upgrade-insecure-requests' => '1',
  'content-type' => 'application/x-www-form-urlencoded',
  'user-agent' => 'Mozilla/5.0 (Windows NT 6.1; Win64; x64) AppleWebKit/537.36 (KHTML, like Gecko) Chrome/73.0.3683.75 Safari/537.36',
  'accept' => 'text/html,application/xhtml+xml,application/xml;q=0.9,image/webp,image/apng,*/*;q=0.8,application/signed-exchange;v=b3',
  'referer' => 'http://www.tp5123.com/admin/',
  'accept-encoding' => 'gzip, deflate',
  'accept-language' => 'zh-CN,zh;q=0.9',
  'cookie' => 'pgv_pvi=4562884608; pgv_si=s7156797440; PHPSESSID=vbskdgks1eup76dn4gf3m5f5u2',
)
[ info ] [ PARAM ] array (
  'name' => 'admin',
  'passwd' => 'aaa',
)
[ info ] [ DB ] INIT mysql
[ info ] [ VIEW ] E:\www\tp5\thinkphp\tpl/dispatch_jump.tpl [ array (
  0 => 'code',
  1 => 'msg',
  2 => 'data',
  3 => 'url',
  4 => 'wait',
) ]
[ sql ] [ DB ] CONNECT:[ UseTime:0.001000s ] mysql:host=127.0.0.1;dbname=tp5;charset=utf8
[ sql ] [ SQL ] SHOW COLUMNS FROM `my_admin_user` [ RunTime:0.007001s ]
[ sql ] [ SQL ] SELECT * FROM `my_admin_user` WHERE  `name` = 'admin' LIMIT 1 [ RunTime:0.000000s ]
[ sql ] [ SQL ] SELECT * FROM `my_admin_user` WHERE  `name` = 'admin'  AND `password` = '47bce5c74f589f4867dbd57e9ca9f808' LIMIT 1 [ RunTime:0.000000s ]
---------------------------------------------------------------
[ 2019-03-28T11:05:41+08:00 ] 127.0.0.1 GET www.tp5123.com/admin/
[运行时间：0.045002s] [吞吐率：22.22req/s] [内存消耗：1,803.00kb] [文件加载：63]
[ info ] [ LANG ] E:\www\tp5\thinkphp\lang\zh-cn.php
[ info ] [ ROUTE ] array (
)
[ info ] [ HEADER ] array (
  'host' => 'www.tp5123.com',
  'connection' => 'keep-alive',
  'upgrade-insecure-requests' => '1',
  'user-agent' => 'Mozilla/5.0 (Windows NT 6.1; Win64; x64) AppleWebKit/537.36 (KHTML, like Gecko) Chrome/73.0.3683.75 Safari/537.36',
  'accept' => 'text/html,application/xhtml+xml,application/xml;q=0.9,image/webp,image/apng,*/*;q=0.8,application/signed-exchange;v=b3',
  'accept-encoding' => 'gzip, deflate',
  'accept-language' => 'zh-CN,zh;q=0.9',
  'cookie' => 'pgv_pvi=4562884608; pgv_si=s7156797440; PHPSESSID=vbskdgks1eup76dn4gf3m5f5u2',
)
[ info ] [ PARAM ] array (
)
[ info ] [ VIEW ] E:\www\tp5\application\admin\view\login\login.html [ array (
) ]
---------------------------------------------------------------
[ 2019-03-28T11:05:44+08:00 ] 127.0.0.1 POST www.tp5123.com/admin/
[运行时间：0.088006s] [吞吐率：11.36req/s] [内存消耗：3,185.98kb] [文件加载：77]
[ info ] [ LANG ] E:\www\tp5\thinkphp\lang\zh-cn.php
[ info ] [ ROUTE ] array (
)
[ info ] [ HEADER ] array (
  'host' => 'www.tp5123.com',
  'connection' => 'keep-alive',
  'content-length' => '23',
  'cache-control' => 'max-age=0',
  'origin' => 'http://www.tp5123.com',
  'upgrade-insecure-requests' => '1',
  'content-type' => 'application/x-www-form-urlencoded',
  'user-agent' => 'Mozilla/5.0 (Windows NT 6.1; Win64; x64) AppleWebKit/537.36 (KHTML, like Gecko) Chrome/73.0.3683.75 Safari/537.36',
  'accept' => 'text/html,application/xhtml+xml,application/xml;q=0.9,image/webp,image/apng,*/*;q=0.8,application/signed-exchange;v=b3',
  'referer' => 'http://www.tp5123.com/admin/',
  'accept-encoding' => 'gzip, deflate',
  'accept-language' => 'zh-CN,zh;q=0.9',
  'cookie' => 'pgv_pvi=4562884608; pgv_si=s7156797440; PHPSESSID=vbskdgks1eup76dn4gf3m5f5u2',
)
[ info ] [ PARAM ] array (
  'name' => 'admin',
  'passwd' => 'admin',
)
[ info ] [ DB ] INIT mysql
[ info ] [ VIEW ] E:\www\tp5\thinkphp\tpl/dispatch_jump.tpl [ array (
  0 => 'code',
  1 => 'msg',
  2 => 'data',
  3 => 'url',
  4 => 'wait',
) ]
[ sql ] [ DB ] CONNECT:[ UseTime:0.001000s ] mysql:host=127.0.0.1;dbname=tp5;charset=utf8
[ sql ] [ SQL ] SHOW COLUMNS FROM `my_admin_user` [ RunTime:0.010000s ]
[ sql ] [ SQL ] SELECT * FROM `my_admin_user` WHERE  `name` = 'admin' LIMIT 1 [ RunTime:0.001000s ]
[ sql ] [ SQL ] SELECT * FROM `my_admin_user` WHERE  `name` = 'admin'  AND `password` = '21232f297a57a5a743894a0e4a801fc3' LIMIT 1 [ RunTime:0.001000s ]
---------------------------------------------------------------
[ 2019-03-28T11:05:44+08:00 ] 127.0.0.1 POST www.tp5123.com/admin/login/login.html
[运行时间：0.175010s] [吞吐率：5.71req/s] [内存消耗：3,111.52kb] [文件加载：74]
[ info ] [ LANG ] E:\www\tp5\thinkphp\lang\zh-cn.php
[ info ] [ ROUTE ] array (
)
[ info ] [ HEADER ] array (
  'host' => 'www.tp5123.com',
  'connection' => 'keep-alive',
  'content-length' => '0',
  'accept' => 'application/json, text/javascript, */*; q=0.01',
  'origin' => 'http://www.tp5123.com',
  'x-requested-with' => 'XMLHttpRequest',
  'user-agent' => 'Mozilla/5.0 (Windows NT 6.1; Win64; x64) AppleWebKit/537.36 (KHTML, like Gecko) Chrome/73.0.3683.75 Safari/537.36',
  'referer' => 'http://www.tp5123.com/admin/',
  'accept-encoding' => 'gzip, deflate',
  'accept-language' => 'zh-CN,zh;q=0.9',
  'cookie' => 'pgv_pvi=4562884608; pgv_si=s7156797440; PHPSESSID=vbskdgks1eup76dn4gf3m5f5u2',
)
[ info ] [ PARAM ] array (
)
[ info ] [ DB ] INIT mysql
[ sql ] [ DB ] CONNECT:[ UseTime:0.026002s ] mysql:host=127.0.0.1;dbname=tp5;charset=utf8
[ sql ] [ SQL ] SHOW COLUMNS FROM `my_admin_user` [ RunTime:0.016001s ]
[ sql ] [ SQL ] SELECT * FROM `my_admin_user` WHERE  `name` IS NULL LIMIT 1 [ RunTime:0.006000s ]
---------------------------------------------------------------
[ 2019-03-28T11:05:47+08:00 ] 127.0.0.1 GET www.tp5123.com/admin/index/index.html
[运行时间：0.046003s] [吞吐率：21.74req/s] [内存消耗：1,748.32kb] [文件加载：63]
[ info ] [ LANG ] E:\www\tp5\thinkphp\lang\zh-cn.php
[ info ] [ ROUTE ] array (
)
[ info ] [ HEADER ] array (
  'host' => 'www.tp5123.com',
  'connection' => 'keep-alive',
  'upgrade-insecure-requests' => '1',
  'user-agent' => 'Mozilla/5.0 (Windows NT 6.1; Win64; x64) AppleWebKit/537.36 (KHTML, like Gecko) Chrome/73.0.3683.75 Safari/537.36',
  'accept' => 'text/html,application/xhtml+xml,application/xml;q=0.9,image/webp,image/apng,*/*;q=0.8,application/signed-exchange;v=b3',
  'referer' => 'http://www.tp5123.com/admin/',
  'accept-encoding' => 'gzip, deflate',
  'accept-language' => 'zh-CN,zh;q=0.9',
  'cookie' => 'pgv_pvi=4562884608; pgv_si=s7156797440; PHPSESSID=vbskdgks1eup76dn4gf3m5f5u2',
)
[ info ] [ PARAM ] array (
)
[ info ] [ VIEW ] E:\www\tp5\application\admin\view\index\index.html [ array (
) ]
